TN:
SF:lib/editor-core/parse.ts
FNF:12
FNH:6
DA:3,18
DA:4,12
DA:5,35
DA:9,76
DA:11,0
DA:12,0
DA:13,0
DA:14,0
DA:15,0
DA:16,0
DA:17,0
DA:18,1
DA:25,12
DA:26,52
DA:27,29
DA:29,28
DA:30,13
DA:31,13
DA:32,11
DA:34,8
DA:35,39
DA:38,30
DA:39,28
DA:41,24
DA:42,14
DA:43,14
DA:44,34
DA:45,38
DA:46,38
DA:47,15
DA:48,15
DA:49,28
DA:50,27
DA:51,36
DA:52,21
DA:53,10
DA:54,43
DA:56,48
DA:57,0
DA:58,0
DA:59,0
DA:60,0
DA:61,0
DA:62,8
DA:63,5
DA:64,5
DA:66,14
DA:67,14
DA:68,34
DA:69,59
DA:70,40
DA:71,40
DA:72,17
DA:73,17
DA:74,71
DA:75,8
DA:76,5
DA:77,0
DA:79,0
DA:80,0
DA:81,0
DA:82,0
DA:83,0
DA:84,0
DA:85,0
DA:86,0
DA:87,0
DA:88,0
DA:90,0
DA:91,0
DA:92,0
DA:93,0
DA:94,0
DA:95,0
DA:96,0
DA:97,0
DA:98,0
DA:99,0
DA:101,0
DA:102,0
DA:103,0
DA:104,0
DA:105,0
DA:106,0
DA:107,0
DA:108,0
DA:109,0
DA:110,0
DA:113,0
DA:114,0
DA:115,0
DA:116,0
DA:118,0
DA:119,0
DA:121,0
DA:122,0
DA:124,0
DA:125,0
DA:127,0
DA:128,0
DA:129,0
DA:130,0
DA:131,0
DA:133,0
DA:134,0
DA:135,0
DA:136,0
DA:137,0
DA:138,0
DA:139,0
DA:140,0
DA:142,0
DA:143,0
DA:144,0
DA:145,0
DA:146,0
DA:148,0
DA:149,0
DA:150,0
DA:151,0
DA:152,0
DA:153,0
DA:155,0
DA:156,0
DA:157,0
DA:158,0
DA:159,0
DA:161,0
DA:162,0
DA:163,0
DA:164,0
DA:165,0
DA:166,0
DA:167,0
DA:168,0
DA:169,0
DA:170,0
DA:171,0
DA:172,0
DA:173,0
DA:174,0
DA:175,0
DA:176,0
DA:177,0
DA:178,0
DA:179,0
DA:180,0
DA:181,0
DA:182,0
DA:183,0
DA:184,0
DA:185,0
DA:186,0
DA:188,0
DA:189,0
DA:190,0
DA:191,0
DA:193,0
DA:194,0
DA:195,0
DA:196,0
DA:197,0
DA:198,0
DA:199,0
DA:200,2
DA:202,2
DA:205,36
DA:206,34
DA:207,32
DA:208,0
DA:209,4
DA:210,2
DA:211,2
DA:213,12
DA:219,0
DA:220,0
DA:221,0
DA:222,0
DA:223,0
DA:224,0
DA:225,0
DA:226,0
DA:227,0
DA:228,0
DA:229,0
DA:230,0
DA:231,0
DA:232,0
DA:233,0
DA:234,0
DA:235,0
DA:236,0
DA:237,0
DA:238,0
DA:239,0
DA:240,0
DA:241,0
DA:242,0
DA:243,0
DA:244,0
DA:245,0
DA:246,0
DA:247,0
DA:248,0
DA:249,0
DA:250,0
DA:251,0
DA:252,0
DA:253,0
DA:254,0
DA:255,0
DA:256,0
DA:257,0
DA:258,0
DA:259,0
DA:260,0
DA:261,0
DA:262,0
DA:263,0
DA:269,26
DA:270,12
DA:271,21
DA:272,23
DA:273,19
DA:274,20
DA:275,23
DA:276,9
DA:277,1
DA:286,0
DA:287,0
DA:288,0
DA:289,0
DA:290,0
DA:291,0
DA:292,0
DA:293,0
DA:294,0
DA:295,0
DA:296,0
DA:297,0
DA:298,0
DA:299,0
DA:300,0
DA:301,0
DA:302,0
DA:303,0
DA:304,0
DA:305,0
DA:306,0
DA:307,0
DA:308,0
DA:309,0
DA:310,0
DA:311,0
DA:312,0
DA:313,0
DA:314,0
DA:318,0
DA:319,0
DA:320,0
DA:321,0
DA:322,0
DA:326,0
DA:330,11
DA:331,60
DA:334,7
DA:335,20
DA:336,71
DA:337,8
DA:338,38
DA:339,20
DA:340,2
DA:341,13
DA:344,0
LF:347
LH:73
end_of_record
TN:
SF:lib/export/export-runtime-json.ts
FNF:72
FNH:66
DA:16,75
DA:64,6
DA:65,6
DA:66,9
DA:67,3
DA:68,72
DA:69,49
DA:70,82
DA:71,76
DA:72,44
DA:74,21
DA:75,16
DA:76,20
DA:77,54
DA:78,47
DA:79,26
DA:80,27
DA:81,35
DA:82,8
DA:83,12
DA:84,8
DA:85,24
DA:86,40
DA:87,51
DA:88,24
DA:89,51
DA:90,8
DA:91,12
DA:92,3
DA:93,4
DA:94,58
DA:95,4
DA:97,50
DA:98,24
DA:99,25
DA:100,4
DA:101,2
DA:103,37
DA:268,6
DA:269,9
DA:270,8
DA:271,11
DA:276,3
DA:277,37
DA:278,10
DA:279,0
DA:280,2
DA:282,43
DA:283,13
DA:284,0
DA:285,2
DA:287,25
DA:288,35
DA:289,41
DA:290,9
DA:291,6
DA:292,9
DA:293,11
DA:294,4
DA:295,87
DA:296,29
DA:297,34
DA:298,3
DA:299,44
DA:300,6
DA:301,9
DA:302,15
DA:303,14
DA:304,11
DA:305,4
DA:306,36
DA:307,6
DA:308,11
DA:309,14
DA:310,11
DA:311,4
DA:313,21
DA:314,16
DA:315,21
DA:316,25
DA:317,31
DA:318,38
DA:319,6
DA:320,26
DA:321,13
DA:322,4
DA:324,52
DA:325,28
DA:326,2
DA:327,53
DA:328,24
DA:329,30
DA:330,62
DA:331,17
DA:332,5
DA:333,4
DA:334,2
DA:336,12
DA:337,9
DA:338,21
DA:339,13
DA:340,2
DA:343,15
DA:347,3
DA:348,78
DA:349,19
DA:350,27
DA:351,25
DA:353,34
DA:354,39
DA:355,56
DA:356,35
DA:358,26
DA:359,18
DA:360,22
DA:361,30
DA:362,70
DA:363,29
DA:364,7
DA:366,26
DA:367,42
DA:368,76
DA:369,48
DA:371,24
DA:372,22
DA:373,35
DA:374,53
DA:375,11
DA:376,23
DA:377,6
DA:379,20
DA:380,41
DA:381,54
DA:382,7
DA:383,2
DA:384,2
DA:386,22
DA:387,22
DA:388,4
DA:390,19
DA:391,29
DA:392,42
DA:393,5
DA:395,12
DA:396,13
DA:397,10
DA:398,13
DA:399,1
DA:402,20
DA:403,51
DA:404,34
DA:405,33
DA:406,59
DA:409,1
DA:410,9
DA:411,8
DA:412,3
DA:413,18
DA:414,47
DA:415,35
DA:416,33
DA:417,55
DA:420,1
DA:421,7
DA:422,8
DA:423,3
DA:424,33
DA:425,33
DA:426,29
DA:427,40
DA:428,66
DA:429,0
DA:430,4
DA:432,28
DA:433,22
DA:434,62
DA:435,63
DA:436,6
DA:438,49
DA:439,55
DA:440,4
DA:442,53
DA:443,33
DA:444,35
DA:445,4
DA:447,50
DA:448,14
DA:449,0
DA:450,4
DA:452,32
DA:453,12
DA:454,3
DA:457,1
DA:458,6
DA:459,10
DA:460,3
DA:461,26
DA:462,0
DA:463,2
DA:464,42
DA:465,37
DA:466,6
DA:467,34
DA:468,54
DA:469,4
DA:470,28
DA:471,73
DA:472,7
DA:473,10
DA:474,4
DA:476,27
DA:477,28
DA:478,24
DA:479,36
DA:480,40
DA:481,32
DA:482,66
DA:483,41
DA:484,37
DA:485,33
DA:486,39
DA:487,24
DA:488,37
DA:489,8
DA:490,22
DA:491,0
DA:492,0
DA:493,0
DA:494,2
DA:495,14
DA:496,6
DA:497,6
DA:498,12
DA:499,3
DA:502,10
DA:503,39
DA:504,17
DA:505,26
DA:506,73
DA:507,1
DA:510,1
DA:511,7
DA:512,8
DA:513,3
DA:514,29
DA:516,29
DA:517,21
DA:518,26
DA:519,14
DA:520,23
DA:521,14
DA:522,46
DA:523,0
DA:524,0
DA:525,0
DA:527,0
DA:531,11
DA:532,32
DA:533,36
DA:534,89
DA:535,97
DA:537,62
DA:538,30
DA:539,2
DA:540,61
DA:541,0
DA:542,2
DA:543,35
DA:544,0
DA:545,2
DA:546,9
DA:549,16
DA:550,57
DA:553,10
DA:554,44
DA:555,6
DA:556,31
DA:557,45
DA:558,24
DA:559,25
DA:560,31
DA:561,38
DA:562,6
DA:563,12
DA:564,6
DA:566,12
DA:567,16
DA:568,20
DA:569,28
DA:570,68
DA:571,10
DA:572,1
DA:575,1
DA:576,9
DA:577,6
DA:578,9
DA:579,13
DA:580,3
DA:581,35
DA:582,33
DA:583,29
DA:584,42
DA:585,80
DA:586,89
DA:587,22
DA:589,38
DA:590,42
DA:591,39
DA:592,9
DA:593,9
DA:594,12
DA:595,7
DA:596,11
DA:597,11
DA:598,8
DA:600,26
DA:601,32
DA:602,4
DA:603,4
DA:605,30
DA:606,12
DA:607,3
DA:610,1
DA:611,9
DA:612,8
DA:613,11
DA:614,7
DA:615,11
DA:616,13
DA:617,3
DA:618,71
DA:619,11
DA:620,2
DA:622,26
DA:623,17
DA:624,20
DA:625,26
DA:626,9
DA:627,8
DA:628,11
DA:629,18
DA:630,11
DA:631,6
DA:632,28
DA:633,9
DA:634,8
DA:635,11
DA:636,20
DA:637,11
DA:638,3
DA:639,4
DA:641,24
DA:642,0
DA:643,2
DA:644,47
DA:645,53
DA:646,2
DA:647,47
DA:648,53
DA:649,2
DA:650,44
DA:651,0
DA:652,2
DA:653,29
DA:654,45
DA:655,2
DA:656,30
DA:657,47
DA:658,2
DA:660,48
DA:661,19
DA:662,37
DA:663,2
DA:665,60
DA:666,18
DA:667,35
DA:668,2
DA:670,19
DA:673,1
DA:674,9
DA:675,8
DA:676,11
DA:677,7
DA:678,13
DA:679,3
DA:680,39
DA:682,29
DA:683,21
DA:684,36
DA:685,14
DA:686,44
DA:687,16
DA:688,63
DA:689,14
DA:690,0
DA:691,0
DA:692,0
DA:693,0
DA:694,0
DA:695,0
DA:696,0
DA:697,0
DA:698,6
DA:699,36
DA:700,5
DA:701,23
DA:702,16
DA:703,31
DA:704,27
DA:705,47
DA:706,1
DA:707,0
DA:708,0
DA:709,0
DA:710,0
DA:711,0
DA:712,0
DA:713,0
DA:714,0
DA:716,0
DA:720,11
DA:721,49
DA:722,34
DA:723,38
DA:726,10
DA:727,12
DA:728,24
DA:729,22
DA:730,23
DA:731,1
DA:734,1
DA:735,9
DA:736,6
DA:737,9
DA:738,8
DA:739,13
DA:740,3
DA:741,35
DA:742,47
DA:743,40
DA:744,35
DA:745,2
DA:746,2
DA:748,66
DA:749,26
DA:751,34
DA:752,40
DA:753,0
DA:754,0
DA:755,0
DA:756,0
DA:757,0
DA:758,0
DA:759,0
DA:760,0
DA:761,4
DA:763,53
DA:764,21
DA:765,16
DA:766,29
DA:767,7
DA:768,38
DA:769,2
DA:771,38
DA:772,51
DA:773,44
DA:774,72
DA:775,53
DA:776,0
DA:777,6
DA:779,41
DA:780,26
DA:781,25
DA:782,35
DA:783,24
DA:784,30
DA:785,97
DA:786,9
DA:787,10
DA:788,4
DA:790,22
DA:791,35
DA:792,6
DA:793,12
DA:794,6
DA:796,42
DA:797,6
DA:798,2
DA:800,12
DA:801,20
DA:802,8
DA:803,1
DA:806,1
DA:807,9
DA:808,6
DA:809,9
DA:810,3
DA:811,19
DA:813,31
DA:814,70
DA:815,16
DA:816,0
DA:817,2
DA:818,2
DA:820,27
DA:821,35
DA:822,2
DA:824,13
DA:825,6
DA:826,10
DA:827,24
DA:828,2
DA:829,26
DA:830,63
DA:831,43
DA:832,51
DA:833,0
DA:834,1
DA:837,1
DA:838,6
DA:839,9
DA:840,8
DA:841,14
DA:842,13
DA:843,3
DA:844,37
DA:845,33
DA:846,34
DA:847,54
DA:848,46
DA:849,6
DA:850,9
DA:851,8
DA:852,14
DA:853,12
DA:854,14
DA:855,11
DA:856,6
DA:858,29
DA:859,42
DA:860,4
DA:862,12
DA:863,3
DA:866,1
DA:867,6
DA:868,9
DA:869,8
DA:870,14
DA:871,12
DA:872,14
DA:873,13
DA:874,3
DA:875,52
DA:876,48
DA:878,32
DA:879,24
DA:880,23
DA:881,33
DA:882,22
DA:883,28
DA:884,19
DA:885,107
DA:886,7
DA:887,11
DA:888,2
DA:890,79
DA:892,29
DA:893,71
DA:894,45
DA:895,6
DA:896,9
DA:897,14
DA:898,12
DA:899,9
DA:900,11
DA:901,6
DA:902,27
DA:903,11
DA:904,4
DA:905,68
DA:906,90
DA:907,53
DA:908,4
DA:909,96
DA:910,59
DA:911,4
DA:912,39
DA:913,2
DA:915,68
DA:916,0
DA:917,0
DA:918,0
DA:919,0
DA:920,0
DA:921,0
DA:922,0
DA:923,0
DA:924,0
DA:925,2
DA:927,31
DA:928,26
DA:929,22
DA:930,10
DA:931,83
DA:932,2
DA:933,23
DA:934,38
DA:935,42
DA:936,32
DA:937,4
DA:939,46
DA:940,25
DA:941,21
DA:942,4
DA:943,23
DA:944,63
DA:945,20
DA:946,13
DA:947,64
DA:948,55
DA:949,4
DA:951,55
DA:952,40
DA:953,39
DA:954,71
DA:955,4
DA:956,26
DA:957,57
DA:958,2
DA:959,2
DA:961,24
DA:964,1
DA:965,6
DA:966,9
DA:967,14
DA:968,12
DA:969,9
DA:970,13
DA:971,3
DA:972,52
DA:973,48
DA:975,66
DA:976,0
DA:977,0
DA:978,0
DA:979,0
DA:980,0
DA:981,0
DA:982,0
DA:983,0
DA:984,0
DA:985,2
DA:987,60
DA:988,0
DA:989,0
DA:990,0
DA:991,0
DA:992,0
DA:993,0
DA:994,0
DA:995,0
DA:996,0
DA:997,2
DA:999,28
DA:1000,77
DA:1001,71
DA:1003,24
DA:1004,22
DA:1006,42
DA:1007,52
DA:1008,0
DA:1009,0
DA:1010,0
DA:1011,0
DA:1012,0
DA:1013,0
DA:1014,0
DA:1015,0
DA:1016,0
DA:1017,6
DA:1019,42
DA:1020,4
DA:1022,33
DA:1023,2
DA:1024,34
DA:1025,0
DA:1026,2
DA:1027,37
DA:1028,0
DA:1029,2
DA:1031,91
DA:1032,47
DA:1033,0
DA:1034,0
DA:1035,0
DA:1036,0
DA:1037,0
DA:1038,0
DA:1039,0
DA:1040,0
DA:1041,0
DA:1042,4
DA:1044,60
DA:1045,54
DA:1046,45
DA:1047,0
DA:1048,0
DA:1049,0
DA:1050,0
DA:1051,0
DA:1052,0
DA:1053,0
DA:1054,0
DA:1055,0
DA:1056,4
DA:1058,4
DA:1059,42
DA:1060,88
DA:1061,7
DA:1062,26
DA:1063,25
DA:1064,35
DA:1065,24
DA:1066,30
DA:1067,21
DA:1068,154
DA:1069,9
DA:1070,11
DA:1071,0
DA:1073,0
DA:1074,0
DA:1075,0
DA:1076,2
DA:1078,21
DA:1081,1
DA:1082,11
DA:1083,9
DA:1084,13
DA:1085,11
DA:1086,3
DA:1087,52
DA:1089,4
DA:1090,52
DA:1092,30
DA:1093,12
DA:1094,0
DA:1096,0
DA:1097,0
DA:1098,0
DA:1099,0
DA:1103,1
DA:1104,6
DA:1105,11
DA:1106,14
DA:1107,13
DA:1108,3
DA:1109,29
DA:1111,42
DA:1112,33
DA:1113,30
DA:1114,44
DA:1115,21
DA:1117,107
DA:1118,25
DA:1119,34
DA:1120,4
DA:1121,12
DA:1122,6
DA:1124,58
DA:1127,1
DA:1128,8
DA:1129,11
DA:1130,10
DA:1131,8
DA:1132,14
DA:1133,13
DA:1134,3
DA:1135,100
DA:1136,24
DA:1137,23
DA:1138,29
DA:1139,13
DA:1140,16
DA:1141,15
DA:1142,107
DA:1143,7
DA:1144,11
DA:1145,2
DA:1147,12
DA:1148,22
DA:1149,34
DA:1150,23
DA:1151,1
DA:1154,1
DA:1155,11
DA:1156,9
DA:1157,3
DA:1158,78
DA:1159,23
DA:1161,46
DA:1162,50
DA:1163,30
DA:1164,77
DA:1165,33
DA:1166,2
DA:1167,2
DA:1169,49
DA:1172,1
DA:1173,7
DA:1174,11
DA:1175,3
DA:1176,38
DA:1177,57
DA:1178,60
DA:1180,22
DA:1181,24
DA:1182,35
DA:1183,4
DA:1184,52
DA:1185,19
DA:1186,33
DA:1187,2
DA:1188,15
DA:1191,11
DA:1192,36
DA:1193,26
DA:1195,19
DA:1196,64
DA:1197,68
DA:1198,2
DA:1199,40
DA:1200,44
DA:1201,2
DA:1202,74
DA:1203,74
DA:1204,2
DA:1206,40
DA:1209,11
DA:1210,30
DA:1211,31
DA:1212,2
DA:1214,44
DA:1215,38
DA:1216,51
DA:1217,51
DA:1218,63
DA:1220,34
DA:1221,2
DA:1223,12
DA:1226,0
DA:1227,0
DA:1228,1
DA:1231,45
DA:1232,12
DA:1233,11
DA:1234,15
DA:1235,15
DA:1236,10
DA:1237,15
DA:1238,9
DA:1239,9
DA:1240,2
DA:1242,1
DA:1243,7
DA:1244,3
DA:1245,12
DA:1246,29
DA:1247,33
DA:1248,1
LF:1250
LH:758
end_of_record
TN:
SF:lib/runtime-core/color.ts
FNF:5
FNH:5
DA:8,22
DA:9,36
DA:10,32
DA:11,19
DA:12,0
DA:13,2
DA:15,30
DA:16,49
DA:17,55
DA:18,52
DA:19,55
DA:21,38
DA:22,52
DA:23,2
DA:25,74
DA:28,16
DA:29,27
DA:30,25
DA:31,0
DA:32,2
DA:34,28
DA:35,27
DA:36,14
DA:37,50
DA:38,52
DA:39,51
DA:40,12
DA:41,1
DA:42,2
DA:44,48
DA:45,54
DA:46,56
DA:47,55
DA:48,14
DA:49,69
DA:51,54
DA:52,0
DA:53,4
DA:55,34
DA:56,0
DA:58,0
DA:61,19
DA:62,32
DA:65,11
DA:66,54
DA:69,11
DA:70,20
DA:71,20
DA:72,12
LF:74
LH:44
end_of_record
TN:
SF:lib/runtime-core/draw-executor.ts
FNF:15
FNH:15
DA:31,6
DA:32,6
DA:33,10
DA:34,3
DA:35,48
DA:44,6
DA:45,6
DA:46,10
DA:47,3
DA:48,47
DA:58,6
DA:59,8
DA:60,10
DA:61,3
DA:62,48
DA:63,40
DA:65,36
DA:66,20
DA:67,39
DA:69,45
DA:70,32
DA:71,36
DA:72,69
DA:73,50
DA:74,2
DA:76,13
DA:79,1
DA:80,6
DA:81,10
DA:82,9
DA:83,3
DA:84,51
DA:85,31
DA:87,36
DA:88,20
DA:89,52
DA:91,36
DA:92,58
DA:93,61
DA:94,66
DA:98,64
DA:99,35
DA:100,2
DA:102,13
DA:105,1
DA:106,6
DA:107,10
DA:108,3
DA:109,39
DA:110,30
DA:111,64
DA:112,28
DA:113,22
DA:114,40
DA:115,38
DA:117,31
DA:118,40
DA:119,55
DA:120,25
DA:121,32
DA:122,0
DA:123,0
DA:125,0
DA:126,1
DA:127,4
DA:129,31
DA:130,9
DA:131,37
DA:132,32
DA:133,43
DA:134,4
DA:136,84
DA:137,18
DA:138,2
DA:140,22
DA:141,39
DA:142,41
DA:143,27
DA:144,30
DA:145,31
DA:146,4
DA:147,4
DA:148,15
DA:151,11
DA:152,28
DA:153,28
DA:154,12
LF:156
LH:84
end_of_record
TN:
SF:lib/runtime-core/easing.ts
FNF:16
FNH:15
DA:3,27
DA:4,17
DA:5,24
DA:6,41
DA:7,21
DA:8,54
DA:9,34
DA:10,46
DA:11,2
DA:13,15
DA:14,47
DA:15,38
DA:16,35
DA:17,2
DA:19,51
DA:20,21
DA:21,18
DA:22,2
DA:24,39
DA:25,15
DA:26,12
DA:27,2
DA:29,30
DA:32,11
DA:33,26
DA:34,99
DA:35,4
DA:36,16
DA:37,11
DA:38,2
DA:40,41
DA:41,41
DA:42,41
DA:43,41
DA:44,45
DA:45,0
DA:46,2
DA:48,46
DA:51,11
DA:52,26
DA:53,47
DA:54,4
DA:55,16
DA:56,11
DA:57,2
DA:59,50
DA:60,55
DA:61,50
DA:62,0
DA:63,2
DA:65,18
DA:66,31
DA:67,32
DA:68,62
DA:69,4
DA:70,50
DA:74,1
DA:75,4
DA:76,4
DA:77,4
DA:78,4
DA:79,3
DA:80,18
DA:81,25
DA:82,30
DA:83,8
DA:84,4
DA:86,18
DA:87,48
DA:88,57
DA:89,59
DA:90,36
DA:91,0
DA:92,0
DA:93,0
DA:94,0
DA:95,0
DA:96,0
DA:97,0
DA:98,4
DA:100,44
DA:104,15
DA:105,21
DA:106,7
DA:107,27
DA:108,24
DA:109,9
DA:113,15
DA:114,21
DA:115,7
DA:116,23
DA:117,27
DA:118,20
DA:122,0
DA:123,0
DA:124,0
DA:125,0
DA:126,0
DA:127,0
DA:128,0
DA:129,0
DA:130,0
DA:131,0
DA:132,0
DA:133,0
DA:134,0
DA:135,0
DA:136,0
DA:137,0
DA:138,0
DA:139,0
DA:143,11
DA:144,28
DA:145,28
DA:146,12
LF:148
LH:88
end_of_record
TN:
SF:lib/runtime-core/effect-scheduler.ts
FNF:25
FNH:16
DA:2,90
DA:5,152
DA:6,132
DA:57,1
DA:59,67
DA:60,50
DA:61,82
DA:62,136
DA:63,130
DA:64,105
DA:65,98
DA:66,110
DA:67,148
DA:68,30
DA:69,34
DA:70,12
DA:71,94
DA:72,84
DA:75,21
DA:76,67
DA:77,48
DA:78,60
DA:79,64
DA:80,44
DA:82,76
DA:83,24
DA:84,20
DA:85,11
DA:86,9
DA:88,58
DA:91,22
DA:92,77
DA:93,84
DA:94,58
DA:95,9
DA:96,50
DA:99,42
DA:100,82
DA:101,65
DA:104,33
DA:105,101
DA:106,70
DA:108,100
DA:109,100
DA:110,90
DA:112,54
DA:113,33
DA:114,13
DA:115,13
DA:117,92
DA:118,106
DA:119,184
DA:121,85
DA:122,52
DA:123,44
DA:124,19
DA:125,13
DA:127,108
DA:128,136
DA:131,116
DA:132,38
DA:133,66
DA:134,39
DA:135,83
DA:136,93
DA:137,31
DA:138,84
DA:141,62
DA:142,59
DA:143,12
DA:146,47
DA:147,90
DA:148,120
DA:149,12
DA:150,70
DA:151,36
DA:152,30
DA:153,42
DA:154,38
DA:155,12
DA:156,66
DA:159,22
DA:160,36
DA:161,107
DA:162,30
DA:163,8
DA:165,2
DA:170,41
DA:171,12
DA:172,20
DA:173,32
DA:174,32
DA:175,6
DA:176,47
DA:177,38
DA:178,152
DA:179,20
DA:180,90
DA:181,30
DA:182,137
DA:183,28
DA:184,135
DA:185,30
DA:186,132
DA:187,16
DA:188,72
DA:189,15
DA:190,71
DA:191,14
DA:192,75
DA:193,30
DA:194,128
DA:195,18
DA:196,82
DA:198,15
DA:202,23
DA:203,20
DA:204,16
DA:205,6
DA:206,40
DA:207,63
DA:208,58
DA:209,5
DA:210,29
DA:215,35
DA:218,78
DA:219,51
DA:222,34
DA:225,90
DA:226,41
DA:229,35
DA:231,55
DA:234,0
DA:235,0
DA:236,0
DA:237,21
DA:240,0
DA:241,0
DA:242,0
DA:243,27
DA:246,0
DA:247,0
DA:248,0
DA:249,22
DA:252,37
DA:253,58
DA:254,58
DA:255,27
DA:258,41
DA:259,16
DA:260,24
DA:264,6
DA:265,121
DA:266,130
DA:267,28
DA:268,84
DA:269,67
DA:270,127
DA:271,5
DA:272,3
DA:274,37
DA:275,25
DA:276,30
DA:277,4
DA:278,12
DA:279,36
DA:280,69
DA:281,4
DA:284,0
DA:285,0
DA:286,0
DA:287,0
DA:288,20
DA:291,0
DA:292,0
DA:293,0
DA:294,0
DA:295,54
DA:298,0
DA:299,0
DA:300,0
DA:301,0
DA:302,0
DA:303,23
LF:305
LH:162
end_of_record
TN:
SF:lib/runtime-core/index.ts
FNF:1
FNH:1
DA:1,24
DA:2,32
DA:3,25
DA:4,35
DA:5,24
DA:6,36
DA:7,28
DA:8,25
DA:9,32
DA:10,38
DA:12,29
DA:13,36
LF:14
LH:12
end_of_record
TN:
SF:lib/runtime-core/inspection.ts
FNF:1
FNH:0
DA:2,58
DA:18,0
DA:19,0
DA:20,0
DA:21,0
DA:22,0
DA:23,0
DA:24,0
DA:25,0
DA:26,0
DA:27,0
DA:28,0
DA:29,0
DA:30,0
DA:31,0
DA:32,0
DA:33,0
DA:34,0
DA:35,0
LF:38
LH:1
end_of_record
TN:
SF:lib/runtime-core/morph.ts
FNF:31
FNH:28
DA:1,52
DA:27,21
DA:28,43
DA:29,39
DA:31,61
DA:32,57
DA:33,45
DA:34,0
DA:35,0
DA:36,0
DA:37,2
DA:39,56
DA:40,58
DA:41,0
DA:42,2
DA:43,2
DA:45,18
DA:46,20
DA:47,20
DA:49,12
DA:50,30
DA:51,31
DA:52,21
DA:53,17
DA:54,41
DA:55,40
DA:56,1
DA:57,1
DA:58,2
DA:59,10
DA:63,21
DA:64,43
DA:65,39
DA:66,17
DA:67,0
DA:68,2
DA:70,44
DA:71,13
DA:72,0
DA:73,2
DA:75,43
DA:76,57
DA:77,53
DA:79,18
DA:80,9
DA:81,58
DA:82,0
DA:83,2
DA:86,0
DA:87,0
DA:88,0
DA:89,0
DA:93,7
DA:94,29
DA:95,22
DA:96,16
DA:97,13
DA:98,13
DA:99,24
DA:100,23
DA:102,8
DA:103,43
DA:106,34
DA:107,34
DA:108,47
DA:109,13
DA:110,4
DA:112,26
DA:113,14
DA:114,14
DA:115,41
DA:116,56
DA:117,45
DA:118,45
DA:119,27
DA:120,27
DA:121,58
DA:123,36
DA:124,0
DA:125,0
DA:126,0
DA:127,8
DA:128,5
DA:129,5
DA:130,14
DA:131,14
DA:132,41
DA:133,47
DA:134,47
DA:135,47
DA:136,58
DA:137,8
DA:138,5
DA:139,5
DA:140,14
DA:141,14
DA:142,41
DA:143,47
DA:144,47
DA:145,54
DA:146,8
DA:147,5
DA:148,5
DA:149,14
DA:150,14
DA:151,41
DA:152,47
DA:153,47
DA:154,54
DA:155,8
DA:156,5
DA:157,5
DA:158,14
DA:159,14
DA:160,41
DA:161,47
DA:162,53
DA:163,53
DA:164,53
DA:165,53
DA:166,47
DA:167,47
DA:168,74
DA:169,8
DA:170,5
DA:171,0
DA:172,0
DA:173,0
DA:174,0
DA:175,0
DA:176,0
DA:177,0
DA:178,0
DA:179,0
DA:180,0
DA:181,0
DA:182,0
DA:183,5
DA:184,14
DA:185,14
DA:186,41
DA:187,47
DA:188,34
DA:189,34
DA:190,45
DA:191,40
DA:192,37
DA:193,47
DA:194,47
DA:195,27
DA:196,25
DA:197,66
DA:198,11
DA:199,8
DA:200,5
DA:201,5
DA:202,14
DA:203,12
DA:204,27
DA:205,27
DA:206,52
DA:207,5
DA:209,2
DA:211,2
DA:213,15
DA:216,7
DA:217,31
DA:218,24
DA:220,41
DA:221,41
DA:222,33
DA:224,24
DA:225,68
DA:226,87
DA:227,13
DA:228,0
DA:229,6
DA:230,27
DA:231,4
DA:233,23
DA:234,45
DA:235,15
DA:236,26
DA:237,5
DA:238,2
DA:240,17
DA:243,16
DA:244,33
DA:245,0
DA:246,2
DA:248,39
DA:249,0
DA:250,0
DA:251,0
DA:252,0
DA:253,0
DA:254,0
DA:255,0
DA:256,0
DA:257,0
DA:258,0
DA:259,0
DA:260,0
DA:261,2
DA:263,70
DA:264,0
DA:265,0
DA:266,0
DA:267,0
DA:268,0
DA:269,2
DA:271,12
DA:272,34
DA:273,34
DA:274,32
DA:275,1
DA:278,14
DA:279,36
DA:280,35
DA:281,59
DA:283,34
DA:284,0
DA:285,0
DA:286,0
DA:287,2
DA:288,35
DA:289,0
DA:290,0
DA:291,0
DA:292,2
DA:294,57
DA:295,36
DA:296,38
DA:298,47
DA:299,0
DA:300,4
DA:302,93
DA:303,50
DA:304,49
DA:305,2
DA:307,20
DA:310,0
DA:311,0
DA:312,0
DA:313,0
DA:314,0
DA:315,0
DA:316,0
DA:317,0
DA:318,0
DA:319,0
DA:320,0
DA:321,0
DA:325,27
DA:326,35
DA:327,46
DA:328,0
DA:329,0
DA:330,0
DA:331,0
DA:332,0
DA:333,0
DA:334,1
DA:337,10
DA:338,22
DA:340,32
DA:341,74
DA:342,46
DA:343,14
DA:344,28
DA:345,21
DA:346,21
DA:347,21
DA:348,21
DA:349,22
DA:350,19
DA:351,2
DA:352,6
DA:353,4
DA:354,19
DA:355,0
DA:356,2
DA:357,2
DA:359,25
DA:362,0
DA:363,0
DA:364,0
DA:365,0
DA:366,0
DA:370,13
DA:371,68
DA:372,47
DA:375,10
DA:376,34
DA:377,37
DA:378,27
DA:379,51
DA:380,33
DA:381,33
DA:382,32
DA:383,4
DA:384,2
DA:387,11
DA:388,33
DA:391,7
DA:392,20
DA:393,71
DA:394,12
DA:396,42
DA:397,24
DA:398,2
DA:400,13
DA:403,26
DA:404,53
DA:405,45
DA:406,12
DA:407,2
DA:408,2
DA:409,11
DA:412,11
DA:413,89
DA:416,21
DA:417,29
DA:418,14
DA:419,2
DA:420,72
DA:423,11
DA:424,43
DA:425,48
DA:428,17
DA:429,29
DA:432,10
DA:433,75
LF:435
LH:257
end_of_record
TN:
SF:lib/runtime-core/motion-preference.ts
FNF:3
FNH:0
DA:7,0
DA:8,0
DA:9,0
DA:10,0
DA:11,1
DA:18,0
DA:19,0
DA:20,0
DA:21,0
DA:22,0
DA:23,0
DA:24,0
DA:25,0
DA:26,0
DA:27,0
DA:28,0
DA:29,0
DA:30,1
DA:36,0
DA:37,0
DA:38,0
LF:41
LH:2
end_of_record
TN:
SF:lib/runtime-core/path-normalization.ts
FNF:22
FNH:21
DA:20,16
DA:21,27
DA:22,23
DA:23,63
DA:24,37
DA:27,12
DA:28,41
DA:29,56
DA:30,30
DA:31,89
DA:32,10
DA:33,21
DA:34,9
DA:36,49
DA:37,31
DA:40,18
DA:41,28
DA:42,30
DA:43,30
DA:44,57
DA:45,35
DA:46,35
DA:47,31
DA:48,31
DA:50,31
DA:51,27
DA:52,27
DA:53,14
DA:54,44
DA:55,41
DA:56,4
DA:59,60
DA:60,36
DA:61,36
DA:62,14
DA:63,12
DA:64,54
DA:65,5
DA:66,0
DA:67,0
DA:68,0
DA:69,5
DA:70,12
DA:71,54
DA:72,54
DA:73,54
DA:74,5
DA:75,0
DA:76,0
DA:77,0
DA:78,0
DA:79,0
DA:80,0
DA:81,0
DA:82,16
DA:84,9
DA:86,48
DA:87,4
DA:89,16
DA:90,89
DA:91,9
DA:94,26
DA:95,26
DA:96,29
DA:99,14
DA:100,22
DA:101,19
DA:102,36
DA:103,57
DA:104,29
DA:105,17
DA:106,4
DA:107,24
DA:108,2
DA:109,28
DA:110,25
DA:111,2
DA:113,28
DA:114,38
DA:115,38
DA:116,45
DA:117,0
DA:118,0
DA:119,4
DA:121,22
DA:124,0
DA:128,14
DA:129,68
DA:130,20
DA:131,23
DA:132,28
DA:134,20
DA:135,36
DA:136,35
DA:137,30
DA:138,33
DA:139,6
DA:140,24
DA:141,26
DA:142,4
DA:143,35
DA:144,27
DA:145,8
DA:146,4
DA:147,69
DA:148,2
DA:149,26
DA:150,29
DA:151,2
DA:153,35
DA:154,22
DA:155,35
DA:156,32
DA:157,4
DA:159,12
DA:160,17
DA:161,21
DA:162,11
DA:163,9
DA:164,13
DA:165,27
DA:166,1
DA:169,13
DA:170,27
DA:171,34
DA:172,12
DA:173,10
DA:174,44
DA:175,10
DA:176,76
DA:177,10
DA:178,16
DA:179,39
DA:180,39
DA:181,36
DA:182,6
DA:183,10
DA:184,39
DA:186,0
DA:190,12
DA:191,24
DA:192,0
DA:193,2
DA:194,25
DA:195,25
DA:196,25
DA:197,25
DA:198,32
DA:199,35
DA:200,35
DA:201,35
DA:202,33
DA:203,2
DA:204,33
DA:207,7
DA:208,29
DA:209,22
DA:210,16
DA:211,13
DA:212,13
DA:213,13
DA:214,12
DA:216,8
DA:217,43
DA:220,34
DA:221,34
DA:222,47
DA:223,13
DA:224,4
DA:225,53
DA:226,40
DA:227,14
DA:228,56
DA:229,47
DA:230,47
DA:231,16
DA:232,16
DA:233,58
DA:234,36
DA:235,0
DA:236,0
DA:237,0
DA:238,8
DA:239,5
DA:240,5
DA:241,12
DA:242,47
DA:243,49
DA:244,49
DA:245,58
DA:246,8
DA:247,10
DA:248,12
DA:249,47
DA:250,47
DA:251,58
DA:252,8
DA:253,10
DA:254,12
DA:255,47
DA:256,47
DA:257,58
DA:258,8
DA:259,10
DA:260,12
DA:261,47
DA:262,53
DA:263,53
DA:264,47
DA:265,47
DA:266,66
DA:267,8
DA:268,10
DA:269,12
DA:270,47
DA:271,53
DA:272,53
DA:273,53
DA:274,53
DA:275,47
DA:276,47
DA:277,74
DA:278,8
DA:279,10
DA:280,12
DA:281,47
DA:282,34
DA:283,34
DA:284,40
DA:285,40
DA:286,37
DA:287,46
DA:288,46
DA:289,93
DA:290,8
DA:291,10
DA:292,12
DA:293,16
DA:294,16
DA:295,52
DA:296,21
DA:298,7
DA:300,2
DA:302,15
DA:305,26
DA:306,53
DA:307,45
DA:308,12
DA:309,2
DA:310,2
DA:311,11
DA:314,11
DA:315,89
DA:318,7
DA:319,20
DA:320,71
DA:321,12
DA:322,42
DA:323,24
DA:324,2
DA:325,13
DA:328,11
DA:329,43
DA:330,48
LF:332
LH:246
end_of_record
TN:
SF:lib/runtime-core/scheduler.ts
FNF:40
FNH:31
DA:2,86
DA:3,90
DA:4,132
DA:35,1
DA:37,13
DA:38,16
DA:39,24
DA:40,28
DA:41,10
DA:42,50
DA:43,92
DA:44,82
DA:45,105
DA:46,136
DA:47,130
DA:50,21
DA:51,42
DA:52,18
DA:53,9
DA:55,48
DA:56,64
DA:57,44
DA:59,58
DA:60,24
DA:61,20
DA:62,11
DA:63,9
DA:65,58
DA:68,22
DA:69,77
DA:70,84
DA:71,58
DA:72,9
DA:73,50
DA:76,0
DA:77,0
DA:78,0
DA:79,52
DA:83,33
DA:84,101
DA:85,46
DA:86,13
DA:87,13
DA:89,100
DA:90,116
DA:91,62
DA:93,55
DA:94,44
DA:95,19
DA:96,7
DA:98,30
DA:99,12
DA:102,41
DA:103,166
DA:106,22
DA:107,36
DA:108,100
DA:109,15
DA:110,8
DA:112,2
DA:114,70
DA:115,26
DA:116,12
DA:117,36
DA:118,40
DA:119,44
DA:120,30
DA:121,28
DA:122,60
DA:124,44
DA:125,32
DA:126,36
DA:127,38
DA:128,59
DA:130,75
DA:131,66
DA:132,82
DA:133,112
DA:134,136
DA:135,38
DA:136,42
DA:137,12
DA:138,94
DA:139,84
DA:140,136
DA:141,130
DA:144,21
DA:145,42
DA:146,18
DA:147,9
DA:149,48
DA:150,64
DA:152,44
DA:154,76
DA:155,24
DA:156,20
DA:157,11
DA:158,9
DA:160,58
DA:163,22
DA:164,77
DA:165,84
DA:166,58
DA:167,9
DA:168,50
DA:171,11
DA:172,24
DA:173,28
DA:174,10
DA:175,46
DA:176,107
DA:177,57
DA:178,72
DA:179,36
DA:181,136
DA:182,16
DA:183,9
DA:185,122
DA:186,70
DA:187,62
DA:188,124
DA:189,112
DA:190,11
DA:193,42
DA:194,82
DA:195,0
DA:196,52
DA:200,33
DA:201,101
DA:202,46
DA:203,13
DA:204,13
DA:206,100
DA:207,110
DA:208,62
DA:210,99
DA:211,52
DA:212,44
DA:213,19
DA:214,13
DA:216,59
DA:217,12
DA:220,41
DA:221,66
DA:222,178
DA:223,128
DA:226,22
DA:227,36
DA:228,107
DA:229,30
DA:230,8
DA:232,2
DA:234,49
DA:235,24
DA:236,20
DA:237,6
DA:238,84
DA:239,38
DA:240,20
DA:241,42
DA:242,8
DA:243,145
DA:246,33
DA:247,30
DA:248,20
DA:249,6
DA:250,40
DA:252,83
DA:253,130
DA:254,103
DA:255,26
DA:256,9
DA:258,94
DA:259,85
DA:260,166
DA:261,146
DA:262,5
DA:263,5
DA:265,29
DA:268,30
DA:269,32
DA:270,18
DA:271,26
DA:272,6
DA:273,50
DA:274,37
DA:275,137
DA:276,6
DA:277,2
DA:278,8
DA:279,86
DA:280,112
DA:281,107
DA:284,66
DA:285,128
DA:286,63
DA:287,5
DA:288,125
DA:291,85
DA:292,60
DA:293,11
DA:294,5
DA:296,60
DA:297,22
DA:298,5
DA:300,102
DA:301,124
DA:302,78
DA:303,66
DA:304,70
DA:305,91
DA:308,0
DA:309,0
DA:310,0
DA:311,0
DA:312,0
DA:313,0
DA:314,0
DA:315,0
DA:316,0
DA:317,0
DA:318,0
DA:319,0
DA:320,0
DA:321,0
DA:322,53
DA:325,83
DA:326,43
DA:327,19
DA:328,5
DA:329,77
DA:330,53
DA:331,5
DA:332,53
DA:335,33
DA:336,16
DA:337,20
DA:338,6
DA:339,42
DA:340,131
DA:341,52
DA:342,135
DA:343,142
DA:344,9
DA:345,64
DA:346,5
DA:347,31
DA:350,26
DA:351,20
DA:352,14
DA:353,20
DA:354,6
DA:355,66
DA:356,15
DA:357,5
DA:359,86
DA:360,111
DA:363,48
DA:364,55
DA:365,33
DA:366,37
DA:367,38
DA:368,49
DA:370,22
DA:374,35
DA:375,16
DA:376,24
DA:380,6
DA:381,121
DA:382,130
DA:383,28
DA:384,84
DA:385,67
DA:386,127
DA:387,5
DA:388,3
DA:390,59
DA:391,83
DA:392,12
DA:393,36
DA:394,69
DA:395,4
DA:398,29
DA:399,16
DA:400,20
DA:401,24
DA:402,6
DA:403,121
DA:404,130
DA:405,83
DA:406,3
DA:408,37
DA:409,25
DA:410,30
DA:411,4
DA:412,73
DA:415,37
DA:416,58
DA:417,58
DA:418,27
DA:421,0
DA:422,0
DA:423,0
DA:424,15
DA:427,0
DA:428,0
DA:429,0
DA:430,0
DA:431,20
DA:434,0
DA:435,0
DA:436,0
DA:437,0
DA:438,0
DA:439,0
DA:440,0
DA:441,6
DA:444,0
DA:445,0
DA:446,0
DA:447,0
DA:448,0
DA:449,0
DA:450,23
LF:452
LH:286
end_of_record
TN:
SF:lib/runtime-core/spring.ts
FNF:6
FNH:6
DA:3,58
DA:4,60
DA:5,89
DA:7,64
DA:8,160
DA:9,160
DA:10,158
DA:11,154
DA:12,4
DA:15,1
DA:17,39
DA:18,96
DA:21,39
DA:22,88
DA:23,126
DA:24,94
DA:25,122
DA:26,114
DA:28,41
DA:29,114
DA:30,42
DA:31,80
DA:32,42
DA:33,64
DA:34,130
DA:35,51
DA:36,5
DA:38,23
DA:39,22
DA:40,25
DA:41,28
DA:42,28
DA:43,5
DA:45,61
DA:46,61
DA:47,43
DA:48,18
DA:49,71
DA:50,30
DA:53,34
DA:54,44
DA:55,66
DA:57,63
DA:58,44
DA:59,88
DA:60,104
DA:61,96
DA:62,39
DA:63,13
DA:64,46
DA:65,5
DA:67,17
DA:69,2
DA:71,80
DA:72,100
DA:75,66
DA:76,107
DA:79,53
DA:80,30
DA:81,22
DA:82,42
DA:83,58
DA:84,5
LF:86
LH:63
end_of_record
TN:
SF:lib/runtime-core/state-machine.ts
FNF:11
FNH:10
DA:9,1
DA:11,57
DA:12,42
DA:13,102
DA:14,106
DA:17,28
DA:18,41
DA:21,42
DA:22,102
DA:23,38
DA:24,90
DA:25,9
DA:27,78
DA:28,16
DA:29,9
DA:31,156
DA:32,54
DA:33,64
DA:34,41
DA:37,45
DA:38,66
DA:39,0
DA:40,44
DA:44,23
DA:45,54
DA:48,46
DA:49,91
DA:50,74
DA:51,8
DA:53,1
DA:55,64
DA:56,39
DA:57,90
DA:58,34
DA:59,83
DA:60,9
DA:61,31
DA:62,3
DA:64,55
DA:65,24
DA:66,69
DA:67,3
DA:68,22
DA:71,53
DA:72,120
DA:73,42
DA:74,16
DA:75,84
DA:76,4
DA:77,5
DA:78,41
DA:81,90
DA:82,14
DA:83,73
DA:84,155
DA:85,21
LF:88
LH:55
end_of_record
TN:
SF:lib/runtime-core/store.ts
FNF:40
FNH:27
DA:8,43
DA:9,45
DA:10,66
DA:78,30
DA:80,6
DA:81,9
DA:82,14
DA:83,3
DA:84,28
DA:85,19
DA:86,39
DA:87,26
DA:88,14
DA:89,24
DA:90,6
DA:91,13
DA:92,26
DA:93,4
DA:95,80
DA:96,38
DA:97,38
DA:98,17
DA:99,13
DA:100,18
DA:101,24
DA:103,20
DA:104,19
DA:105,19
DA:106,23
DA:107,55
DA:108,3
DA:110,8
DA:111,33
DA:112,0
DA:113,3
DA:116,14
DA:117,89
DA:118,39
DA:119,29
DA:120,30
DA:121,21
DA:122,32
DA:123,3
DA:124,5
DA:125,31
DA:126,39
DA:127,13
DA:129,94
DA:130,44
DA:131,27
DA:132,4
DA:134,46
DA:135,23
DA:136,4
DA:138,34
DA:139,66
DA:140,47
DA:142,36
DA:143,103
DA:144,4
DA:146,18
DA:147,21
DA:148,21
DA:149,41
DA:150,33
DA:151,49
DA:152,29
DA:153,5
DA:156,8
DA:157,69
DA:158,6
DA:159,0
DA:161,0
DA:162,0
DA:163,0
DA:165,0
DA:166,0
DA:167,0
DA:168,0
DA:170,1
DA:173,24
DA:174,29
DA:175,0
DA:176,4
DA:178,61
DA:179,6
DA:180,4
DA:182,41
DA:183,28
DA:185,23
DA:186,0
DA:187,0
DA:188,0
DA:189,0
DA:190,0
DA:191,0
DA:192,4
DA:194,64
DA:195,78
DA:196,6
DA:198,29
DA:200,21
DA:201,0
DA:202,0
DA:203,0
DA:204,0
DA:205,0
DA:206,4
DA:208,62
DA:209,20
DA:210,23
DA:211,36
DA:212,33
DA:213,25
DA:214,18
DA:215,6
DA:216,25
DA:217,11
DA:218,17
DA:221,1
DA:222,10
DA:223,9
DA:224,5
DA:225,54
DA:226,19
DA:227,0
DA:228,4
DA:230,16
DA:231,19
DA:232,28
DA:233,29
DA:234,45
DA:235,6
DA:236,33
DA:237,11
DA:238,17
DA:241,14
DA:242,28
DA:243,10
DA:246,0
DA:247,0
DA:248,0
DA:249,0
DA:250,0
DA:251,0
DA:252,2
DA:255,11
DA:256,0
DA:257,0
DA:258,0
DA:259,4
DA:262,10
DA:263,20
DA:265,13
DA:266,15
DA:267,14
DA:268,9
DA:269,1
DA:272,1
DA:273,9
DA:274,18
DA:275,3
DA:276,62
DA:277,23
DA:278,2
DA:280,54
DA:281,35
DA:282,0
DA:284,0
DA:287,1
DA:288,9
DA:289,9
DA:290,3
DA:291,40
DA:293,12
DA:294,12
DA:295,42
DA:296,55
DA:297,12
DA:298,20
DA:299,14
DA:300,4
DA:301,1
DA:304,1
DA:305,9
DA:306,10
DA:307,10
DA:308,3
DA:309,57
DA:310,53
DA:311,27
DA:312,0
DA:313,2
DA:315,96
DA:316,14
DA:317,34
DA:318,44
DA:319,17
DA:320,49
DA:321,16
DA:322,34
DA:323,29
DA:324,11
DA:325,47
DA:326,16
DA:327,32
DA:328,25
DA:329,8
DA:330,5
DA:331,1
DA:332,2
DA:334,33
DA:335,40
DA:336,39
DA:337,12
DA:338,20
DA:339,14
DA:340,5
DA:341,2
DA:343,33
DA:347,31
DA:348,34
DA:350,61
DA:351,61
DA:352,13
DA:353,0
DA:354,4
DA:356,33
DA:357,0
DA:358,0
DA:359,0
DA:360,0
DA:361,0
DA:362,0
DA:363,0
DA:364,0
DA:365,0
DA:366,0
DA:367,0
DA:368,4
DA:370,23
DA:371,38
DA:372,20
DA:373,20
DA:374,16
DA:375,12
DA:376,6
DA:378,48
DA:379,45
DA:380,10
DA:381,17
DA:382,20
DA:383,33
DA:384,8
DA:385,54
DA:386,37
DA:387,20
DA:388,43
DA:389,52
DA:390,10
DA:391,10
DA:392,23
DA:393,43
DA:394,44
DA:395,10
DA:396,5
DA:397,0
DA:398,0
DA:399,0
DA:400,0
DA:401,0
DA:402,0
DA:403,0
DA:404,0
DA:405,0
DA:406,0
DA:407,0
DA:408,0
DA:409,0
DA:410,0
DA:411,5
DA:412,23
DA:413,43
DA:414,55
DA:415,10
DA:416,5
DA:417,0
DA:418,0
DA:419,0
DA:420,0
DA:421,0
DA:422,0
DA:423,0
DA:424,0
DA:425,0
DA:426,0
DA:427,0
DA:428,0
DA:429,0
DA:430,0
DA:431,0
DA:432,4
DA:434,4
DA:436,46
DA:437,2
DA:439,51
DA:440,51
DA:441,38
DA:442,33
DA:443,4
DA:445,50
DA:446,21
DA:447,28
DA:448,70
DA:449,85
DA:450,6
DA:451,27
DA:452,0
DA:453,6
DA:454,26
DA:455,0
DA:456,6
DA:458,35
DA:459,78
DA:460,4
DA:461,4
DA:463,52
DA:464,36
DA:465,42
DA:466,2
DA:467,2
DA:469,12
DA:470,32
DA:471,42
DA:472,38
DA:473,1
DA:476,1
DA:477,9
DA:478,10
DA:479,10
DA:480,10
DA:481,3
DA:482,29
DA:483,13
DA:484,54
DA:485,4
DA:487,39
DA:488,21
DA:489,22
DA:490,21
DA:491,56
DA:492,29
DA:493,0
DA:495,1
DA:496,8
DA:497,56
DA:498,28
DA:499,12
DA:500,14
DA:501,38
DA:502,3
DA:503,5
DA:504,8
DA:505,19
DA:506,0
DA:507,0
DA:508,0
DA:509,0
DA:510,0
DA:511,0
DA:512,0
DA:513,0
DA:514,0
DA:515,0
DA:516,0
DA:517,0
DA:518,0
DA:519,0
DA:520,0
DA:521,0
DA:522,0
DA:523,0
DA:524,0
DA:525,0
DA:526,0
DA:527,0
DA:528,0
DA:529,0
DA:530,0
DA:531,0
DA:532,0
DA:533,0
DA:534,0
DA:535,0
DA:536,0
DA:537,0
DA:538,0
DA:539,0
DA:540,0
DA:542,0
DA:546,1
DA:547,10
DA:548,8
DA:549,3
DA:550,59
DA:551,59
DA:552,35
DA:554,31
DA:555,0
DA:556,0
DA:557,0
DA:558,0
DA:559,2
DA:561,40
DA:562,0
DA:563,0
DA:564,0
DA:565,0
DA:566,0
DA:567,0
DA:568,0
DA:569,2
DA:571,29
DA:572,38
DA:573,2
DA:575,12
DA:576,86
DA:577,17
DA:578,1
DA:581,21
DA:582,61
DA:583,0
DA:584,2
DA:585,51
DA:588,25
DA:589,27
DA:590,0
DA:591,2
DA:592,27
DA:593,0
DA:594,2
DA:596,51
DA:597,84
DA:598,44
DA:599,43
DA:600,43
DA:601,44
DA:604,0
DA:605,0
DA:606,0
DA:607,0
DA:608,0
DA:609,0
DA:610,0
DA:611,0
DA:612,0
DA:613,0
DA:614,0
DA:615,0
DA:616,0
DA:617,0
DA:621,1
DA:622,16
DA:623,8
DA:624,3
DA:625,29
DA:626,37
DA:627,2
DA:629,38
DA:630,55
DA:631,2
DA:633,48
DA:634,12
DA:635,15
DA:636,48
DA:637,1
DA:640,1
DA:641,16
DA:642,9
DA:643,12
DA:644,10
DA:645,3
DA:646,25
DA:647,80
DA:648,1
DA:649,4
DA:650,43
DA:651,54
DA:652,57
DA:655,1
DA:656,8
DA:657,11
DA:658,12
DA:659,3
DA:660,60
DA:661,90
DA:662,2
DA:664,35
DA:665,25
DA:666,30
DA:667,4
DA:668,82
DA:671,0
DA:672,0
DA:673,0
DA:674,0
DA:675,0
DA:676,0
DA:677,0
DA:681,0
DA:682,0
DA:683,0
DA:684,0
DA:685,0
DA:686,0
DA:687,0
DA:691,17
DA:692,15
DA:693,12
DA:694,0
DA:695,0
DA:698,11
DA:699,28
DA:700,28
DA:701,12
LF:703
LH:367
end_of_record
TN:
SF:lib/runtime-core/transition-resolver.ts
FNF:30
FNH:24
DA:9,54
DA:10,61
DA:57,6
DA:58,12
DA:59,11
DA:60,9
DA:61,14
DA:62,3
DA:63,25
DA:64,62
DA:65,74
DA:66,86
DA:67,66
DA:68,37
DA:69,9
DA:70,12
DA:71,7
DA:72,24
DA:73,28
DA:74,6
DA:76,67
DA:77,47
DA:78,32
DA:79,36
DA:80,33
DA:81,39
DA:82,4
DA:83,15
DA:84,4
DA:86,12
DA:87,34
DA:88,38
DA:89,42
DA:90,18
DA:91,13
DA:92,1
DA:95,1
DA:96,12
DA:97,11
DA:98,9
DA:99,3
DA:100,25
DA:101,23
DA:102,80
DA:103,76
DA:105,22
DA:106,27
DA:107,25
DA:109,52
DA:110,74
DA:111,66
DA:112,49
DA:113,43
DA:114,72
DA:115,2
DA:117,97
DA:118,91
DA:120,63
DA:121,44
DA:122,23
DA:123,23
DA:125,46
DA:126,61
DA:127,41
DA:128,26
DA:129,34
DA:130,4
DA:131,6
DA:133,18
DA:134,0
DA:135,0
DA:136,4
DA:138,58
DA:139,132
DA:140,2
DA:142,0
DA:144,4
DA:145,0
DA:147,4
DA:152,65
DA:153,61
DA:154,24
DA:155,66
DA:156,66
DA:157,29
DA:158,4
DA:159,29
DA:162,1
DA:163,9
DA:164,12
DA:165,7
DA:166,7
DA:167,14
DA:168,3
DA:169,38
DA:170,34
DA:171,78
DA:172,58
DA:174,22
DA:175,14
DA:176,12
DA:177,74
DA:178,29
DA:179,14
DA:180,88
DA:181,12
DA:182,22
DA:183,9
DA:184,3
DA:185,24
DA:186,74
DA:187,6
DA:188,72
DA:189,13
DA:190,4
DA:195,71
DA:196,39
DA:197,15
DA:198,2
DA:200,35
DA:201,31
DA:203,24
DA:204,53
DA:205,47
DA:206,15
DA:207,2
DA:209,80
DA:210,57
DA:212,43
DA:213,11
DA:214,63
DA:215,59
DA:216,63
DA:217,39
DA:218,15
DA:219,0
DA:220,0
DA:222,2
DA:224,46
DA:225,61
DA:226,57
DA:227,77
DA:228,26
DA:229,39
DA:230,15
DA:231,0
DA:232,0
DA:233,2
DA:235,48
DA:236,90
DA:237,15
DA:240,1
DA:241,10
DA:242,11
DA:243,3
DA:244,20
DA:245,56
DA:246,36
DA:247,2
DA:248,69
DA:249,0
DA:250,2
DA:251,60
DA:252,0
DA:253,2
DA:254,15
DA:257,24
DA:258,48
DA:259,44
DA:261,22
DA:262,14
DA:263,15
DA:264,30
DA:265,30
DA:266,29
DA:267,24
DA:268,28
DA:269,27
DA:270,38
DA:271,29
DA:272,1
DA:273,2
DA:275,58
DA:276,86
DA:277,82
DA:278,69
DA:279,95
DA:280,83
DA:282,22
DA:283,29
DA:284,30
DA:285,29
DA:286,24
DA:287,28
DA:288,23
DA:289,4
DA:291,21
DA:292,66
DA:293,66
DA:294,69
DA:296,39
DA:297,4
DA:298,30
DA:299,30
DA:300,29
DA:301,26
DA:302,26
DA:303,5
DA:304,38
DA:305,10
DA:306,30
DA:307,31
DA:308,30
DA:309,22
DA:310,5
DA:311,41
DA:312,3
DA:314,12
DA:315,10
DA:316,25
DA:317,25
DA:318,24
DA:319,19
DA:320,23
DA:321,22
DA:322,24
DA:323,9
DA:324,1
DA:327,14
DA:328,96
DA:329,18
DA:330,111
DA:331,75
DA:332,17
DA:333,2
DA:334,2
DA:335,20
DA:338,10
DA:339,42
DA:340,46
DA:341,18
DA:342,61
DA:343,37
DA:344,2
DA:345,20
DA:348,1
DA:349,3
DA:350,3
DA:351,3
DA:352,47
DA:353,47
DA:354,47
DA:355,47
DA:356,101
DA:359,1
DA:360,3
DA:361,3
DA:362,6
DA:363,4
DA:364,3
DA:365,25
DA:366,45
DA:367,45
DA:368,41
DA:369,41
DA:370,1
DA:371,4
DA:372,52
DA:373,38
DA:376,11
DA:377,89
DA:378,34
DA:381,1
DA:382,6
DA:383,11
DA:384,9
DA:385,3
DA:386,18
DA:387,20
DA:388,48
DA:389,34
DA:390,16
DA:393,1
DA:394,9
DA:395,12
DA:396,14
DA:397,7
DA:398,11
DA:399,9
DA:400,3
DA:401,39
DA:402,35
DA:403,2
DA:405,28
DA:406,64
DA:407,2
DA:409,41
DA:410,8
DA:411,2
DA:413,48
DA:414,26
DA:415,0
DA:416,2
DA:417,26
DA:418,0
DA:419,2
DA:420,36
DA:421,39
DA:422,28
DA:425,1
DA:426,10
DA:427,7
DA:431,10
DA:432,3
DA:433,52
DA:434,18
DA:435,0
DA:436,0
DA:437,0
DA:439,0
DA:440,0
DA:441,0
DA:442,0
DA:443,0
DA:445,0
DA:446,0
DA:447,0
DA:448,0
DA:449,0
DA:451,5
DA:452,26
DA:454,16
DA:458,0
DA:459,0
DA:460,0
DA:461,0
DA:462,0
DA:466,11
DA:467,20
DA:468,28
DA:469,12
LF:471
LH:311
end_of_record
TN:
SF:lib/runtime-dom/driver.ts
FNF:9
FNH:4
DA:2,193
DA:17,41
DA:19,38
DA:20,12
DA:21,11
DA:22,15
DA:23,15
DA:24,8
DA:25,3
DA:69,0
DA:70,0
DA:71,0
DA:72,0
DA:73,0
DA:74,0
DA:75,0
DA:76,1
DA:79,0
DA:80,0
DA:81,0
DA:82,0
DA:83,0
DA:84,0
DA:85,0
DA:86,0
DA:87,0
DA:88,0
DA:89,0
DA:90,0
DA:91,0
DA:92,0
DA:93,0
DA:94,0
DA:95,0
DA:96,0
DA:97,0
DA:98,0
DA:99,0
DA:100,0
DA:101,0
DA:102,0
DA:103,0
DA:104,0
DA:105,0
DA:106,0
DA:107,0
DA:108,0
DA:109,0
DA:110,0
DA:111,0
DA:112,0
DA:113,0
DA:114,0
DA:115,0
DA:116,0
DA:117,0
DA:118,0
DA:119,0
DA:120,0
DA:121,0
DA:122,0
DA:123,0
DA:124,0
DA:125,0
DA:126,0
DA:127,0
DA:128,0
DA:129,0
DA:130,0
DA:131,0
DA:132,0
DA:133,0
DA:134,0
DA:135,0
DA:136,0
DA:137,0
DA:138,0
DA:139,0
DA:140,0
DA:141,0
DA:142,0
DA:143,0
DA:144,0
DA:145,0
DA:146,0
DA:147,0
DA:148,0
DA:149,0
DA:150,0
DA:151,0
DA:152,0
DA:153,0
DA:154,0
DA:155,0
DA:156,0
DA:157,0
DA:158,0
DA:159,0
DA:160,0
DA:161,0
DA:162,0
DA:163,0
DA:164,0
DA:165,0
DA:166,0
DA:167,0
DA:168,0
DA:169,0
DA:170,0
DA:171,0
DA:172,0
DA:173,0
DA:174,0
DA:175,0
DA:176,0
DA:177,0
DA:178,0
DA:179,0
DA:180,0
DA:181,0
DA:182,0
DA:183,0
DA:184,0
DA:185,0
DA:186,0
DA:187,0
DA:188,0
DA:189,0
DA:190,0
DA:191,0
DA:192,0
DA:193,0
DA:194,0
DA:195,0
DA:196,0
DA:197,0
DA:198,0
DA:199,0
DA:200,0
DA:201,0
DA:202,0
DA:203,0
DA:204,0
DA:205,0
DA:206,0
DA:207,0
DA:208,0
DA:209,0
DA:210,0
DA:211,0
DA:212,0
DA:213,0
DA:214,0
DA:215,0
DA:216,0
DA:217,0
DA:218,0
DA:219,0
DA:220,0
DA:221,0
DA:222,0
DA:223,0
DA:224,0
DA:225,0
DA:226,0
DA:227,0
DA:228,0
DA:229,0
DA:230,0
DA:231,0
DA:232,0
DA:233,0
DA:234,0
DA:235,0
DA:236,0
DA:237,0
DA:238,0
DA:239,0
DA:240,0
DA:241,0
DA:242,0
DA:243,0
DA:244,0
DA:245,0
DA:246,0
DA:247,0
DA:248,0
DA:249,0
DA:250,0
DA:251,0
DA:252,0
DA:253,0
DA:254,0
DA:255,0
DA:256,0
DA:257,0
DA:258,0
DA:259,0
DA:260,0
DA:261,0
DA:262,0
DA:263,0
DA:264,0
DA:265,0
DA:266,0
DA:267,0
DA:268,0
DA:269,0
DA:270,0
DA:271,0
DA:272,0
DA:273,0
DA:274,0
DA:275,0
DA:276,0
DA:277,0
DA:278,0
DA:279,0
DA:280,0
DA:281,0
DA:282,0
DA:283,0
DA:284,0
DA:285,0
DA:286,0
DA:287,0
DA:288,0
DA:289,0
DA:290,0
DA:291,0
DA:292,0
DA:293,0
DA:294,0
DA:295,0
DA:296,0
DA:297,1
DA:300,6
DA:301,10
DA:302,3
DA:303,22
DA:305,50
DA:306,31
DA:307,47
DA:308,41
DA:310,41
DA:311,37
DA:312,47
DA:313,11
DA:314,4
DA:316,26
DA:317,24
DA:319,42
DA:320,54
DA:321,11
DA:322,6
DA:323,33
DA:324,0
DA:325,6
DA:326,54
DA:327,75
DA:328,4
DA:330,53
DA:331,31
DA:332,0
DA:333,4
DA:335,21
DA:336,20
DA:337,17
DA:338,15
DA:339,73
DA:340,49
DA:341,10
DA:342,5
DA:343,2
DA:345,26
DA:346,0
DA:347,2
DA:349,99
DA:350,12
DA:351,15
DA:352,10
DA:353,1
DA:356,0
DA:357,0
DA:358,0
DA:359,0
DA:360,0
DA:361,0
DA:362,0
DA:363,0
DA:364,0
DA:365,0
DA:366,0
DA:367,0
DA:368,0
DA:369,0
DA:370,0
DA:371,0
DA:372,0
DA:373,0
DA:374,0
DA:375,0
DA:376,0
DA:377,0
DA:378,0
DA:379,0
DA:380,0
DA:381,0
DA:382,0
DA:383,0
DA:384,0
DA:385,0
DA:386,0
DA:387,0
DA:388,0
DA:389,0
DA:390,0
DA:391,1
DA:394,6
DA:395,6
DA:396,11
DA:397,3
DA:398,20
DA:400,41
DA:401,55
DA:402,70
DA:403,20
DA:404,68
DA:405,82
DA:407,78
DA:408,49
DA:409,26
DA:410,0
DA:411,0
DA:412,6
DA:414,24
DA:415,54
DA:416,2
DA:417,2
DA:419,13
DA:422,11
DA:423,20
DA:424,20
DA:425,12
DA:428,0
DA:429,0
DA:430,0
DA:431,0
DA:435,0
DA:436,0
DA:437,0
DA:438,0
DA:439,0
DA:440,0
DA:441,0
DA:442,0
DA:443,0
DA:444,0
DA:445,0
DA:446,0
DA:447,0
DA:448,0
DA:449,0
DA:450,0
DA:451,0
DA:452,0
DA:453,0
DA:454,0
LF:457
LH:79
end_of_record
TN:
SF:lib/runtime-dom/index.ts
FNF:1
FNH:1
DA:1,25
DA:2,26
LF:3
LH:2
end_of_record
TN:
SF:lib/runtime-dom/renderer.ts
FNF:52
FNH:44
DA:8,0
DA:9,0
DA:10,0
DA:11,0
DA:12,0
DA:13,0
DA:14,0
DA:15,0
DA:16,0
DA:17,0
DA:18,0
DA:19,0
DA:20,0
DA:21,0
DA:22,0
DA:23,0
DA:24,0
DA:25,0
DA:26,0
DA:27,0
DA:28,0
DA:29,0
DA:30,0
DA:31,0
DA:32,0
DA:33,0
DA:34,0
DA:35,0
DA:36,0
DA:37,0
DA:38,0
DA:39,0
DA:40,0
DA:41,0
DA:42,0
DA:43,0
DA:44,0
DA:45,0
DA:46,0
DA:47,0
DA:48,0
DA:49,0
DA:50,0
DA:51,0
DA:52,0
DA:53,0
DA:54,0
DA:55,0
DA:56,0
DA:57,0
DA:58,0
DA:59,0
DA:60,0
DA:61,0
DA:62,0
DA:63,0
DA:64,0
DA:65,0
DA:66,0
DA:67,0
DA:68,0
DA:69,0
DA:70,0
DA:71,0
DA:72,0
DA:73,0
DA:74,0
DA:75,0
DA:76,0
DA:77,0
DA:78,0
DA:79,0
DA:80,0
DA:81,0
DA:82,0
DA:83,0
DA:84,0
DA:85,0
DA:86,0
DA:87,0
DA:88,0
DA:89,0
DA:90,0
DA:91,0
DA:92,0
DA:93,0
DA:94,0
DA:95,0
DA:96,0
DA:97,0
DA:98,0
DA:99,0
DA:100,0
DA:101,0
DA:102,0
DA:103,0
DA:104,0
DA:105,0
DA:106,0
DA:107,0
DA:108,0
DA:109,0
DA:110,0
DA:111,0
DA:112,0
DA:113,0
DA:114,0
DA:115,0
DA:116,0
DA:117,0
DA:118,0
DA:119,0
DA:120,0
DA:121,0
DA:122,0
DA:123,0
DA:124,0
DA:125,0
DA:126,0
DA:127,0
DA:128,0
DA:129,0
DA:130,0
DA:131,0
DA:132,0
DA:133,0
DA:134,0
DA:135,0
DA:136,0
DA:137,0
DA:138,0
DA:139,0
DA:140,0
DA:141,0
DA:142,0
DA:143,0
DA:144,0
DA:145,0
DA:146,0
DA:147,0
DA:148,0
DA:149,0
DA:150,0
DA:151,0
DA:152,0
DA:153,0
DA:154,0
DA:155,0
DA:156,0
DA:157,0
DA:158,0
DA:159,0
DA:160,0
DA:161,0
DA:162,0
DA:163,0
DA:164,0
DA:165,0
DA:166,0
DA:167,0
DA:168,0
DA:169,0
DA:170,0
DA:171,0
DA:172,0
DA:173,0
DA:174,0
DA:175,0
DA:176,0
DA:177,0
DA:178,0
DA:179,0
DA:180,0
DA:181,0
DA:182,0
DA:183,0
DA:184,0
DA:185,0
DA:186,0
DA:187,0
DA:188,0
DA:189,0
DA:190,0
DA:191,0
DA:192,0
DA:193,0
DA:194,0
DA:195,0
DA:196,0
DA:197,0
DA:198,0
DA:199,0
DA:200,0
DA:201,0
DA:202,0
DA:203,0
DA:204,0
DA:205,0
DA:206,0
DA:207,0
DA:208,0
DA:209,0
DA:210,0
DA:211,0
DA:212,0
DA:213,0
DA:214,0
DA:215,0
DA:216,0
DA:217,0
DA:218,0
DA:219,0
DA:220,0
DA:221,0
DA:222,0
DA:223,0
DA:224,0
DA:225,0
DA:226,0
DA:227,0
DA:228,0
DA:229,0
DA:230,0
DA:231,0
DA:232,0
DA:233,0
DA:234,0
DA:235,0
DA:236,0
DA:237,0
DA:238,0
DA:239,0
DA:240,0
DA:241,0
DA:242,0
DA:243,0
DA:244,0
DA:245,0
DA:246,0
DA:247,0
DA:248,0
DA:249,0
DA:250,0
DA:251,0
DA:252,0
DA:253,0
DA:254,0
DA:255,0
DA:256,0
DA:257,0
DA:258,0
DA:259,0
DA:260,0
DA:261,0
DA:262,0
DA:263,0
DA:264,0
DA:265,0
DA:266,0
DA:267,0
DA:268,0
DA:269,0
DA:270,0
DA:271,0
DA:272,0
DA:273,0
DA:274,0
DA:275,0
DA:276,0
DA:277,0
DA:278,0
DA:279,0
DA:280,0
DA:281,0
DA:282,0
DA:283,0
DA:284,0
DA:285,0
DA:286,0
DA:287,0
DA:288,0
DA:289,0
DA:290,0
DA:291,0
DA:292,0
DA:293,0
DA:294,0
DA:295,0
DA:296,0
DA:297,0
DA:298,0
DA:299,0
DA:300,0
DA:301,0
DA:302,0
DA:303,0
DA:304,0
DA:305,0
DA:306,0
DA:307,0
DA:308,0
DA:309,0
DA:310,0
DA:311,0
DA:312,0
DA:313,0
DA:314,0
DA:315,0
DA:316,0
DA:317,0
DA:318,0
DA:319,0
DA:320,0
DA:321,0
DA:322,0
DA:323,0
DA:324,0
DA:325,0
DA:326,0
DA:327,0
DA:328,0
DA:329,0
DA:330,0
DA:331,0
DA:332,0
DA:333,0
DA:334,0
DA:335,0
DA:336,0
DA:337,0
DA:338,0
DA:339,0
DA:340,0
DA:341,0
DA:342,0
DA:343,0
DA:344,0
DA:345,0
DA:346,0
DA:347,0
DA:348,0
DA:349,0
DA:350,0
DA:351,0
DA:352,0
DA:353,0
DA:354,0
DA:355,0
DA:356,0
DA:357,0
DA:358,0
DA:359,0
DA:360,0
DA:361,0
DA:362,0
DA:363,0
DA:364,0
DA:365,0
DA:366,0
DA:367,0
DA:368,0
DA:369,0
DA:370,0
DA:371,0
DA:372,0
DA:373,0
DA:374,0
DA:375,0
DA:376,0
DA:377,0
DA:378,0
DA:379,0
DA:380,0
DA:381,0
DA:382,0
DA:383,0
DA:384,0
DA:385,0
DA:386,0
DA:387,0
DA:388,0
DA:389,0
DA:390,0
DA:391,0
DA:392,0
DA:393,0
DA:394,0
DA:395,0
DA:396,0
DA:397,0
DA:398,0
DA:399,0
DA:400,0
DA:401,0
DA:402,0
DA:403,0
DA:404,0
DA:405,0
DA:406,0
DA:407,0
DA:408,0
DA:409,0
DA:410,0
DA:411,0
DA:412,0
DA:413,0
DA:414,0
DA:415,0
DA:416,0
DA:417,0
DA:418,0
DA:419,0
DA:420,0
DA:421,0
DA:422,0
DA:423,0
DA:424,0
DA:425,0
DA:426,0
DA:427,0
DA:428,0
DA:429,0
DA:430,0
DA:431,0
DA:432,0
DA:433,0
DA:434,0
DA:435,0
DA:436,0
DA:437,0
DA:438,0
DA:439,0
DA:440,0
DA:441,0
DA:442,0
DA:443,0
DA:444,0
DA:445,0
DA:446,0
DA:447,0
DA:448,0
DA:449,0
DA:450,0
DA:451,0
DA:452,0
DA:453,0
DA:454,0
DA:455,0
DA:456,0
DA:457,0
DA:458,0
DA:459,0
DA:460,0
DA:461,0
DA:462,0
DA:463,0
DA:464,0
DA:465,0
DA:466,0
DA:467,0
DA:468,0
DA:469,0
DA:470,0
DA:471,0
DA:472,0
DA:473,0
DA:474,0
DA:475,0
DA:476,0
DA:477,0
DA:478,0
DA:479,0
DA:480,0
DA:481,0
DA:482,0
DA:483,0
DA:484,0
DA:485,0
DA:486,0
DA:487,0
DA:488,0
DA:489,0
DA:490,0
DA:491,0
DA:492,0
DA:493,0
DA:494,0
DA:495,0
DA:496,0
DA:497,0
DA:498,0
DA:499,0
DA:500,0
DA:501,0
DA:502,0
DA:503,0
DA:504,0
DA:505,0
DA:506,0
DA:507,0
DA:508,0
DA:509,0
DA:510,0
DA:511,0
DA:512,0
DA:513,0
DA:514,0
DA:515,0
DA:516,0
DA:517,0
DA:518,0
DA:519,0
DA:520,0
DA:521,0
DA:522,0
DA:523,0
DA:524,0
DA:525,0
DA:526,0
DA:527,0
DA:528,0
DA:529,0
DA:530,0
DA:531,0
DA:532,0
DA:533,0
DA:534,0
DA:535,0
DA:536,0
DA:537,0
DA:538,0
DA:539,0
DA:540,0
DA:541,0
DA:542,0
DA:543,0
DA:544,0
DA:545,0
DA:546,0
DA:547,0
DA:548,0
DA:549,0
DA:550,0
DA:551,0
DA:552,0
DA:553,0
DA:554,0
DA:555,0
DA:556,0
DA:557,0
DA:558,0
DA:559,0
DA:560,0
DA:561,0
DA:562,0
DA:563,0
DA:564,0
DA:565,0
DA:566,0
DA:567,0
DA:568,0
DA:569,0
DA:570,0
DA:571,0
DA:572,0
DA:573,0
DA:574,0
DA:575,0
DA:576,0
DA:577,0
DA:578,0
DA:579,0
DA:580,0
DA:581,0
DA:582,0
DA:583,0
DA:584,0
DA:585,0
DA:586,0
DA:587,0
DA:588,0
DA:589,0
DA:590,0
DA:591,0
DA:592,0
DA:593,0
DA:594,0
DA:595,0
DA:596,0
DA:597,0
DA:598,0
DA:599,0
DA:600,0
DA:601,0
DA:602,0
DA:603,0
DA:604,0
DA:605,0
DA:606,0
DA:607,0
DA:608,0
DA:609,0
DA:610,0
DA:611,0
DA:612,0
DA:613,0
DA:614,0
DA:615,0
DA:616,0
DA:617,0
DA:618,0
DA:619,0
DA:620,0
DA:621,0
DA:622,0
DA:623,0
DA:624,0
DA:625,0
DA:626,0
DA:627,0
DA:628,0
DA:629,0
DA:630,0
DA:631,0
DA:632,0
DA:633,0
DA:634,0
DA:635,0
DA:636,0
DA:637,0
DA:638,0
DA:639,0
DA:640,0
DA:641,0
DA:642,0
DA:643,0
DA:644,0
DA:645,0
DA:646,0
DA:647,0
DA:648,0
DA:649,0
DA:650,0
DA:651,0
DA:652,0
DA:653,0
DA:654,0
DA:655,0
DA:656,0
DA:657,0
DA:658,0
DA:659,0
DA:660,0
DA:661,0
DA:662,0
DA:663,0
DA:664,0
DA:665,0
DA:666,0
DA:667,0
DA:668,0
DA:669,0
DA:670,0
DA:671,0
DA:672,0
DA:673,0
DA:674,0
DA:675,0
DA:676,0
DA:677,0
DA:678,0
DA:679,0
DA:680,0
DA:681,0
DA:682,0
DA:683,0
DA:684,0
DA:685,0
DA:686,0
DA:687,0
DA:688,0
DA:689,0
DA:690,0
DA:691,0
DA:692,0
DA:693,0
DA:694,0
DA:695,0
DA:696,0
DA:697,0
DA:698,0
DA:699,0
DA:700,0
DA:701,0
DA:702,0
DA:703,0
DA:704,0
DA:705,0
DA:706,0
DA:707,0
DA:708,0
DA:709,0
DA:710,0
DA:711,0
DA:712,0
DA:713,0
DA:714,0
DA:715,0
DA:716,0
DA:717,0
DA:718,0
DA:719,0
DA:720,0
DA:721,0
DA:722,0
DA:723,0
DA:724,0
DA:725,0
DA:726,0
DA:727,0
DA:728,0
DA:729,0
DA:730,0
DA:731,0
DA:732,0
DA:733,0
DA:734,0
DA:735,0
DA:736,0
DA:737,0
DA:738,0
DA:739,0
DA:740,0
DA:741,0
DA:742,0
DA:743,0
DA:744,0
DA:745,0
DA:746,0
DA:747,0
DA:748,0
DA:749,0
DA:750,0
DA:751,0
DA:752,0
DA:753,0
DA:754,0
DA:755,0
DA:756,0
DA:757,0
DA:758,0
DA:759,0
DA:760,0
DA:761,0
DA:762,0
DA:763,0
DA:764,0
DA:765,18
DA:768,29
DA:769,20
DA:770,14
DA:771,6
DA:772,61
DA:773,132
DA:774,122
DA:775,100
DA:776,70
DA:777,68
DA:778,9
DA:779,62
DA:780,4
DA:783,53
DA:784,80
DA:785,64
DA:786,64
DA:787,142
DA:789,169
DA:792,42
DA:793,86
DA:794,104
DA:798,152
DA:799,66
DA:800,33
DA:801,5
DA:802,130
DA:803,96
DA:804,105
DA:807,37
DA:808,50
DA:809,50
DA:810,27
DA:813,53
DA:814,67
DA:815,63
DA:816,3
DA:817,33
DA:820,0
DA:821,0
DA:822,0
DA:823,0
DA:824,69
LF:826
LH:40
end_of_record
TN:
SF:lib/runtime-dom/snapshot-renderer.tsx
FNF:11
FNH:8
DA:1,42
DA:18,43
DA:19,3
DA:20,48
DA:21,5
DA:22,3
DA:23,24
DA:24,41
DA:25,52
DA:27,7
DA:28,66
DA:29,13
DA:30,8
DA:31,39
DA:32,40
DA:33,40
DA:35,111
DA:36,119
DA:37,150
DA:38,30
DA:39,57
DA:40,11
DA:41,21
DA:42,73
DA:43,41
DA:44,79
DA:45,45
DA:46,41
DA:47,15
DA:48,24
DA:50,16
DA:51,25
DA:53,35
DA:54,37
DA:55,33
DA:56,10
DA:57,82
DA:59,73
DA:60,78
DA:61,18
DA:62,40
DA:63,2
DA:64,19
DA:67,10
DA:68,13
DA:69,18
DA:70,15
DA:73,2
DA:75,1
DA:76,8
DA:77,8
DA:78,3
DA:79,18
DA:81,32
DA:82,48
DA:83,10
DA:84,57
DA:85,41
DA:86,52
DA:87,57
DA:89,37
DA:90,57
DA:91,55
DA:92,42
DA:93,32
DA:94,36
DA:96,10
DA:97,19
DA:98,6
DA:99,4
DA:101,41
DA:102,0
DA:103,0
DA:104,0
DA:105,0
DA:106,0
DA:107,0
DA:108,0
DA:110,0
DA:111,0
DA:112,0
DA:113,0
DA:114,0
DA:117,0
DA:118,0
DA:119,0
DA:120,4
DA:122,43
DA:123,0
DA:124,0
DA:125,0
DA:126,0
DA:127,0
DA:129,0
DA:130,0
DA:131,0
DA:132,0
DA:133,0
DA:136,0
DA:137,0
DA:138,0
DA:139,4
DA:141,43
DA:142,0
DA:143,0
DA:144,0
DA:145,0
DA:146,0
DA:147,0
DA:148,0
DA:150,0
DA:151,0
DA:152,0
DA:153,0
DA:154,0
DA:157,0
DA:158,0
DA:159,0
DA:160,4
DA:162,26
DA:163,61
DA:164,2
DA:165,2
DA:167,11
DA:170,1
DA:171,8
DA:172,7
DA:173,10
DA:174,3
DA:175,7
DA:176,132
DA:177,160
DA:178,13
DA:182,1
DA:183,7
DA:184,8
DA:185,10
DA:186,6
DA:187,3
DA:188,29
DA:189,13
DA:190,18
DA:191,21
DA:192,26
DA:193,14
DA:194,23
DA:195,25
DA:196,23
DA:197,54
DA:201,1
DA:202,8
DA:203,10
DA:204,6
DA:205,3
DA:206,38
DA:209,22
DA:210,35
LF:212
LH:114
end_of_record
TN:
SF:lib/runtime-react/VibeIcon.tsx
FNF:13
FNH:7
DA:1,13
DA:4,77
DA:7,50
DA:8,84
DA:26,9
DA:27,7
DA:28,10
DA:29,8
DA:30,17
DA:31,16
DA:32,8
DA:33,26
DA:34,7
DA:35,8
DA:36,12
DA:37,8
DA:38,3
DA:39,30
DA:40,33
DA:42,56
DA:43,61
DA:44,52
DA:45,51
DA:46,48
DA:48,0
DA:49,2
DA:50,19
DA:53,0
DA:54,0
DA:55,0
DA:56,0
DA:57,0
DA:58,0
DA:59,0
DA:60,0
DA:61,0
DA:62,0
DA:63,0
DA:64,0
DA:65,0
DA:66,0
DA:67,0
DA:68,0
DA:69,0
DA:70,0
DA:71,0
DA:72,0
DA:73,0
DA:74,0
DA:75,2
DA:77,65
DA:80,0
DA:81,0
DA:82,0
DA:83,2
DA:84,6
DA:86,0
DA:87,2
DA:88,19
DA:90,93
DA:93,0
DA:94,0
DA:95,0
DA:96,0
DA:97,0
DA:98,0
DA:99,0
DA:100,0
DA:101,0
DA:102,0
DA:103,0
DA:104,0
DA:105,0
DA:106,0
DA:107,0
DA:108,0
DA:109,0
DA:110,0
DA:111,0
DA:112,0
DA:113,0
DA:114,0
DA:115,0
DA:116,2
DA:117,109
DA:120,0
DA:121,0
DA:122,0
DA:123,2
DA:124,21
DA:127,65
DA:128,79
DA:130,25
DA:131,38
DA:132,27
DA:134,7
DA:135,64
DA:136,14
DA:137,17
DA:138,12
DA:139,12
DA:140,26
DA:141,27
DA:142,25
DA:143,17
DA:144,6
DA:146,66
DA:147,18
DA:148,42
DA:149,41
DA:150,26
DA:151,27
DA:152,19
DA:153,25
DA:154,25
DA:155,37
DA:156,16
DA:158,21
DA:159,55
DA:160,10
DA:161,34
DA:162,24
DA:163,39
DA:164,53
DA:165,57
DA:166,45
DA:167,45
DA:168,49
DA:169,43
DA:170,45
DA:171,45
DA:173,8
DA:174,13
DA:175,8
DA:179,11
DA:180,28
DA:181,16
DA:183,0
DA:184,0
DA:185,0
DA:186,0
DA:187,0
DA:188,0
DA:189,0
DA:190,0
DA:191,0
DA:192,0
DA:193,0
DA:194,0
DA:195,0
DA:197,0
DA:198,0
DA:199,0
DA:200,0
DA:201,0
DA:204,28
DA:205,48
DA:206,31
DA:207,14
DA:208,0
DA:209,2
DA:211,40
DA:212,15
DA:213,2
DA:215,58
DA:216,17
DA:217,14
DA:218,2
DA:220,15
DA:221,38
DA:222,18
DA:223,37
DA:224,33
DA:225,79
DA:226,24
DA:227,19
DA:228,0
DA:229,2
DA:231,15
DA:234,29
DA:235,53
DA:236,0
DA:237,2
DA:239,46
DA:240,27
DA:241,0
DA:243,0
DA:244,0
DA:245,0
DA:246,0
DA:248,0
LF:250
LH:111
end_of_record
TN:
SF:lib/runtime-react/demo-fixture.ts
FNF:1
FNH:1
DA:1,76
DA:2,61
DA:4,55
DA:5,57
DA:6,48
DA:7,51
DA:9,36
DA:10,32
DA:11,15
DA:12,16
DA:13,41
DA:14,19
DA:15,51
DA:16,15
DA:17,23
DA:18,5
DA:19,3
DA:20,2
DA:21,2
DA:23,29
DA:24,72
DA:25,70
DA:26,2
DA:28,28
DA:29,15
DA:30,19
DA:31,20
DA:32,17
DA:33,22
DA:34,20
DA:35,26
DA:36,22
DA:37,9
DA:38,31
DA:39,29
DA:40,19
DA:41,56
DA:42,59
DA:43,56
DA:44,7
DA:45,5
DA:46,3
DA:47,4
DA:48,12
DA:49,16
DA:50,19
DA:51,18
DA:52,24
DA:53,20
DA:54,23
DA:55,19
DA:56,2
DA:57,2
DA:59,24
DA:60,12
DA:61,16
DA:62,18
DA:63,20
DA:64,23
DA:65,4
DA:66,13
DA:67,17
DA:68,23
DA:69,20
DA:70,20
DA:71,2
DA:72,2
DA:74,61
DA:75,16
DA:76,16
DA:77,17
DA:78,3
DA:80,67
LF:81
LH:73
end_of_record
TN:
SF:lib/runtime-react/icon.tsx
FNF:1
FNH:1
DA:1,35
DA:3,73
DA:5,37
DA:13,33
DA:15,10
DA:16,8
DA:17,15
DA:18,13
DA:19,9
DA:20,15
DA:21,16
DA:22,7
DA:23,11
DA:24,11
DA:26,5
DA:27,3
DA:28,29
DA:29,12
DA:30,10
DA:31,17
DA:32,15
DA:33,11
DA:34,17
DA:35,15
DA:36,5
DA:38,7
DA:39,77
DA:40,13
DA:41,8
DA:42,9
DA:43,10
DA:44,31
DA:45,49
DA:46,57
DA:47,58
DA:48,50
DA:49,60
DA:50,1
DA:52,2
LF:53
LH:39
end_of_record
TN:
SF:lib/runtime-react/index.ts
FNF:1
FNH:1
DA:1,27
DA:2,30
LF:3
LH:2
end_of_record
TN:
SF:lib/runtime-react/use-icon.ts
FNF:10
FNH:4
DA:1,108
DA:10,66
DA:37,9
DA:38,10
DA:39,8
DA:40,15
DA:41,20
DA:42,9
DA:43,15
DA:44,16
DA:45,3
DA:46,44
DA:47,50
DA:49,21
DA:50,6
DA:51,37
DA:52,41
DA:53,3
DA:54,9
DA:55,4
DA:57,22
DA:59,38
DA:60,17
DA:61,19
DA:62,17
DA:63,4
DA:65,0
DA:66,0
DA:67,0
DA:68,0
DA:69,0
DA:70,0
DA:71,0
DA:72,2
DA:73,19
DA:75,0
DA:76,0
DA:77,0
DA:78,0
DA:79,0
DA:80,0
DA:81,0
DA:82,2
DA:83,30
DA:85,0
DA:86,0
DA:87,0
DA:88,0
DA:89,0
DA:90,2
DA:91,33
DA:93,15
DA:94,13
DA:95,66
DA:96,24
DA:97,6
DA:98,74
DA:99,24
DA:100,5
DA:101,0
DA:102,0
DA:103,0
DA:104,0
DA:105,0
DA:106,0
DA:107,0
DA:108,0
DA:109,0
DA:110,4
DA:112,0
DA:113,2
DA:115,1
LF:117
LH:43
end_of_record
TN:
SF:lib/runtime-react/useIconState.ts
FNF:1
FNH:1
DA:1,13
DA:3,33
DA:5,23
DA:6,51
DA:8,12
DA:9,10
DA:10,24
DA:11,1
LF:13
LH:8
end_of_record
TN:
SF:lib/schema/sample-project.ts
FNF:1
FNH:1
DA:2,57
DA:8,32
DA:9,17
DA:10,11
DA:11,29
DA:12,38
DA:13,35
DA:14,4
DA:15,12
DA:16,23
DA:17,25
DA:18,28
DA:19,29
DA:20,42
DA:21,19
DA:22,16
DA:23,20
DA:24,21
DA:25,19
DA:26,34
DA:27,37
DA:28,34
DA:29,21
DA:30,24
DA:31,28
DA:32,25
DA:33,32
DA:34,34
DA:35,36
DA:36,32
DA:37,27
DA:38,94
DA:39,20
DA:40,28
DA:41,62
DA:42,32
DA:43,17
DA:44,18
DA:45,28
DA:46,32
DA:47,34
DA:48,32
DA:49,27
DA:50,37
DA:51,20
DA:52,28
DA:53,59
DA:54,53
DA:55,35
DA:56,37
DA:57,35
DA:58,17
DA:59,18
DA:60,33
DA:61,35
DA:62,35
DA:63,32
DA:64,27
DA:65,72
DA:66,20
DA:67,28
DA:68,62
DA:69,34
DA:70,17
DA:71,15
DA:72,13
DA:73,11
DA:74,9
DA:75,7
DA:76,8
DA:77,19
DA:78,6
DA:79,20
DA:80,22
DA:81,19
DA:82,24
DA:83,39
DA:84,19
DA:85,16
DA:86,20
DA:87,21
DA:88,19
DA:89,34
DA:90,37
DA:91,34
DA:92,21
DA:93,24
DA:94,28
DA:95,25
DA:96,29
DA:97,33
DA:98,34
DA:99,32
DA:100,27
DA:101,115
DA:102,20
DA:103,28
DA:104,48
DA:105,17
DA:106,15
DA:107,13
DA:108,11
DA:109,9
DA:110,7
DA:111,8
DA:112,19
DA:113,3
DA:114,4
DA:115,15
DA:116,15
DA:117,25
DA:118,21
DA:119,3
DA:120,2
DA:121,2
DA:123,85
LF:124
LH:116
end_of_record
TN:
SF:lib/schema/workspace.ts
FNF:4
FNH:1
DA:3,44
DA:4,57
DA:5,12
DA:6,19
DA:7,16
DA:8,19
DA:9,27
DA:10,6
DA:11,18
DA:12,27
DA:13,6
DA:14,32
DA:15,2
DA:18,0
DA:19,0
DA:20,0
DA:21,0
DA:22,1
DA:25,0
DA:26,0
DA:27,0
DA:28,0
DA:29,0
DA:30,0
DA:31,0
DA:32,1
DA:35,0
DA:36,0
DA:37,0
DA:38,0
DA:39,0
DA:40,0
DA:41,0
DA:42,0
DA:43,0
DA:44,0
DA:45,0
DA:46,0
DA:47,0
DA:48,0
DA:49,0
LF:52
LH:15
end_of_record
