TN:
SF:components/editor/MorphReadinessIndicator.tsx
FNF:5
FNH:0
DA:9,13
DA:11,55
DA:14,84
DA:27,0
DA:28,0
DA:29,0
DA:30,0
DA:31,0
DA:32,0
DA:33,0
DA:34,0
DA:35,0
DA:36,0
DA:37,0
DA:38,0
DA:39,0
DA:40,0
DA:41,0
DA:42,0
DA:43,0
DA:44,0
DA:45,0
DA:46,0
DA:47,0
DA:48,1
DA:51,0
DA:52,0
DA:53,0
DA:54,0
DA:55,0
DA:56,0
DA:57,0
DA:58,0
DA:59,0
DA:60,0
DA:61,0
DA:62,0
DA:63,0
DA:64,0
DA:65,0
DA:66,0
DA:67,0
DA:68,0
DA:69,0
DA:70,0
DA:71,0
DA:72,0
DA:73,0
DA:74,0
DA:75,0
DA:76,0
DA:77,0
DA:78,0
DA:79,0
DA:80,0
DA:81,0
DA:82,0
DA:83,0
DA:84,0
DA:85,0
DA:86,0
DA:87,0
DA:88,0
DA:89,0
DA:90,0
DA:91,0
DA:92,0
DA:93,0
DA:94,0
DA:95,0
DA:96,0
DA:97,0
DA:98,0
DA:99,0
DA:100,0
DA:101,0
DA:102,0
DA:103,0
DA:104,0
DA:105,0
DA:106,0
DA:107,0
DA:108,0
DA:109,0
DA:110,0
DA:111,0
DA:112,0
DA:113,0
DA:114,0
DA:115,0
DA:116,0
DA:117,0
DA:118,0
DA:119,0
DA:120,0
DA:121,0
DA:122,0
DA:123,0
DA:124,0
DA:125,0
DA:126,0
DA:127,0
DA:128,0
DA:129,0
DA:130,0
DA:131,0
DA:132,0
DA:133,0
DA:134,0
DA:135,0
DA:136,0
DA:137,0
DA:138,0
DA:139,0
DA:140,0
DA:141,0
DA:142,0
DA:143,0
DA:144,0
DA:145,0
DA:146,0
DA:147,0
DA:148,0
DA:149,0
DA:150,0
DA:151,0
DA:152,0
DA:153,0
DA:154,0
DA:155,0
DA:156,0
DA:170,0
DA:171,0
DA:172,0
DA:173,0
DA:174,0
DA:175,0
DA:176,0
DA:177,0
DA:178,0
DA:179,0
DA:180,0
DA:181,0
DA:182,0
DA:183,0
DA:184,0
DA:185,0
DA:186,0
DA:187,0
DA:188,0
DA:189,0
DA:190,0
DA:191,0
DA:192,0
DA:193,0
DA:194,0
DA:195,0
DA:196,0
DA:197,0
DA:198,0
DA:199,0
DA:200,0
DA:201,0
DA:202,0
DA:203,0
DA:204,0
DA:205,0
DA:206,0
DA:207,0
DA:208,0
DA:209,0
DA:210,1
DA:227,46
DA:229,0
DA:230,0
DA:231,0
DA:232,0
DA:233,0
DA:234,0
DA:235,0
DA:236,0
DA:237,0
DA:238,0
DA:239,0
DA:240,0
DA:241,0
DA:242,0
DA:243,0
DA:244,0
DA:245,0
DA:246,0
DA:247,0
DA:248,0
DA:249,0
DA:250,0
DA:251,0
DA:252,0
DA:253,0
DA:254,0
DA:255,0
DA:256,0
DA:257,0
DA:258,0
DA:259,0
DA:260,0
DA:261,0
DA:262,0
DA:263,0
DA:264,0
DA:265,0
DA:266,0
DA:267,0
DA:268,0
DA:269,0
DA:270,0
DA:271,0
DA:272,0
DA:273,0
DA:274,0
DA:275,0
DA:276,0
DA:277,0
DA:278,0
DA:279,0
DA:280,0
DA:281,0
DA:282,0
DA:283,0
DA:284,0
DA:293,0
DA:294,0
DA:295,0
DA:296,0
DA:297,0
DA:298,0
DA:299,0
DA:300,0
DA:301,0
DA:302,0
DA:303,0
DA:304,0
DA:305,0
LF:242
LH:6
end_of_record
TN:
SF:lib/editor-core/parse.ts
FNF:12
FNH:7
DA:3,18
DA:4,12
DA:5,35
DA:9,76
DA:11,0
DA:12,0
DA:13,0
DA:14,0
DA:15,0
DA:16,0
DA:17,0
DA:18,1
DA:25,12
DA:26,52
DA:27,29
DA:29,28
DA:30,13
DA:31,13
DA:32,11
DA:34,8
DA:35,39
DA:38,30
DA:39,28
DA:41,24
DA:42,14
DA:43,14
DA:44,34
DA:45,38
DA:46,38
DA:47,15
DA:48,15
DA:49,28
DA:50,27
DA:51,36
DA:52,21
DA:53,10
DA:54,43
DA:56,48
DA:57,0
DA:58,0
DA:59,0
DA:60,0
DA:61,0
DA:62,8
DA:63,5
DA:64,5
DA:66,14
DA:67,14
DA:68,34
DA:69,59
DA:70,40
DA:71,40
DA:72,17
DA:73,17
DA:74,71
DA:75,8
DA:76,5
DA:77,0
DA:79,0
DA:80,0
DA:81,0
DA:82,0
DA:83,0
DA:84,0
DA:85,0
DA:86,0
DA:87,0
DA:88,0
DA:90,0
DA:91,0
DA:92,0
DA:93,0
DA:94,0
DA:95,0
DA:96,0
DA:97,0
DA:98,0
DA:99,0
DA:101,0
DA:102,0
DA:103,0
DA:104,0
DA:105,0
DA:106,0
DA:107,0
DA:108,0
DA:109,0
DA:110,0
DA:113,0
DA:114,0
DA:115,0
DA:116,0
DA:118,0
DA:119,0
DA:121,0
DA:122,0
DA:124,0
DA:125,0
DA:127,0
DA:128,0
DA:129,0
DA:130,0
DA:131,5
DA:133,14
DA:134,14
DA:135,34
DA:136,59
DA:137,42
DA:138,42
DA:139,40
DA:140,40
DA:142,13
DA:143,67
DA:144,22
DA:145,46
DA:146,10
DA:148,40
DA:149,30
DA:150,37
DA:151,13
DA:152,43
DA:153,42
DA:155,17
DA:156,15
DA:157,8
DA:158,5
DA:159,5
DA:161,14
DA:162,14
DA:163,34
DA:164,59
DA:165,27
DA:166,27
DA:167,38
DA:168,41
DA:169,38
DA:170,40
DA:171,40
DA:172,17
DA:173,17
DA:174,28
DA:175,29
DA:176,24
DA:177,15
DA:178,15
DA:179,26
DA:180,21
DA:181,15
DA:182,2
DA:183,10
DA:184,8
DA:185,5
DA:186,5
DA:188,14
DA:189,14
DA:190,30
DA:191,39
DA:193,50
DA:194,51
DA:195,34
DA:196,32
DA:197,8
DA:198,8
DA:199,5
DA:200,2
DA:202,2
DA:205,36
DA:206,34
DA:207,32
DA:208,0
DA:209,4
DA:210,2
DA:211,2
DA:213,12
DA:219,0
DA:220,0
DA:221,0
DA:222,0
DA:223,0
DA:224,0
DA:225,0
DA:226,0
DA:227,0
DA:228,0
DA:229,0
DA:230,0
DA:231,0
DA:232,0
DA:233,0
DA:234,0
DA:235,0
DA:236,0
DA:237,0
DA:238,0
DA:239,0
DA:240,0
DA:241,0
DA:242,0
DA:243,0
DA:244,0
DA:245,0
DA:246,0
DA:247,0
DA:248,0
DA:249,0
DA:250,0
DA:251,0
DA:252,0
DA:253,0
DA:254,0
DA:255,0
DA:256,0
DA:257,0
DA:258,0
DA:259,0
DA:260,0
DA:261,0
DA:262,0
DA:263,0
DA:269,26
DA:270,12
DA:271,21
DA:272,23
DA:273,19
DA:274,20
DA:275,23
DA:276,9
DA:277,1
DA:286,0
DA:287,0
DA:288,0
DA:289,0
DA:290,0
DA:291,0
DA:292,0
DA:293,0
DA:294,0
DA:295,0
DA:296,0
DA:297,0
DA:298,0
DA:299,0
DA:300,0
DA:301,0
DA:302,0
DA:303,0
DA:304,0
DA:305,0
DA:306,0
DA:307,0
DA:308,0
DA:309,0
DA:310,0
DA:311,0
DA:312,0
DA:313,0
DA:314,0
DA:318,0
DA:319,0
DA:320,0
DA:321,0
DA:322,0
DA:326,11
DA:327,23
DA:330,11
DA:331,60
DA:334,7
DA:335,20
DA:336,71
DA:337,8
DA:338,38
DA:339,20
DA:340,2
DA:341,13
DA:344,0
LF:275
LH:137
end_of_record
TN:
SF:lib/export/export-runtime-json.ts
FNF:72
FNH:66
DA:16,75
DA:64,6
DA:65,6
DA:66,9
DA:67,3
DA:68,72
DA:69,49
DA:70,82
DA:71,76
DA:72,44
DA:74,21
DA:75,16
DA:76,20
DA:77,54
DA:78,47
DA:79,26
DA:80,27
DA:81,35
DA:82,8
DA:83,12
DA:84,8
DA:85,24
DA:86,40
DA:87,51
DA:88,24
DA:89,51
DA:90,8
DA:91,12
DA:92,3
DA:93,4
DA:94,58
DA:95,4
DA:97,50
DA:98,24
DA:99,25
DA:100,4
DA:101,2
DA:103,37
DA:271,6
DA:272,9
DA:273,8
DA:274,11
DA:279,3
DA:280,37
DA:281,10
DA:282,0
DA:283,2
DA:285,43
DA:286,13
DA:287,0
DA:288,2
DA:290,25
DA:291,35
DA:292,41
DA:293,9
DA:294,6
DA:295,9
DA:296,11
DA:297,4
DA:298,87
DA:299,29
DA:300,34
DA:301,3
DA:302,44
DA:303,6
DA:304,9
DA:305,15
DA:306,14
DA:307,11
DA:308,4
DA:309,36
DA:310,6
DA:311,11
DA:312,14
DA:313,11
DA:314,4
DA:316,21
DA:317,16
DA:318,21
DA:319,25
DA:320,31
DA:321,38
DA:322,6
DA:323,26
DA:324,13
DA:325,4
DA:327,52
DA:328,28
DA:329,2
DA:330,53
DA:331,24
DA:332,30
DA:333,62
DA:334,17
DA:335,5
DA:336,4
DA:337,2
DA:339,12
DA:340,9
DA:341,21
DA:342,13
DA:343,2
DA:346,15
DA:350,3
DA:351,78
DA:352,19
DA:353,27
DA:354,25
DA:356,34
DA:357,39
DA:358,56
DA:359,35
DA:361,26
DA:362,18
DA:363,22
DA:364,30
DA:365,70
DA:366,29
DA:367,7
DA:369,26
DA:370,42
DA:371,76
DA:372,48
DA:374,24
DA:375,22
DA:376,35
DA:377,53
DA:378,11
DA:379,23
DA:380,6
DA:382,20
DA:383,41
DA:384,54
DA:385,7
DA:386,2
DA:387,2
DA:389,22
DA:390,22
DA:391,4
DA:393,19
DA:394,29
DA:395,42
DA:396,5
DA:398,12
DA:399,13
DA:400,10
DA:401,13
DA:402,1
DA:405,20
DA:406,51
DA:407,34
DA:408,33
DA:409,59
DA:412,1
DA:413,9
DA:414,8
DA:415,3
DA:416,18
DA:417,47
DA:418,35
DA:419,33
DA:420,55
DA:423,1
DA:424,7
DA:425,8
DA:426,3
DA:427,33
DA:428,33
DA:429,29
DA:430,40
DA:431,66
DA:432,0
DA:433,4
DA:435,28
DA:436,22
DA:437,62
DA:438,63
DA:439,6
DA:441,49
DA:442,55
DA:443,4
DA:445,53
DA:446,33
DA:447,35
DA:448,4
DA:450,50
DA:451,14
DA:452,0
DA:453,4
DA:455,32
DA:456,12
DA:457,3
DA:460,1
DA:461,6
DA:462,10
DA:463,3
DA:464,26
DA:465,0
DA:466,2
DA:467,42
DA:468,37
DA:469,6
DA:470,34
DA:471,54
DA:472,4
DA:473,27
DA:474,74
DA:475,7
DA:476,10
DA:477,4
DA:479,27
DA:480,28
DA:481,24
DA:482,36
DA:483,40
DA:484,32
DA:485,66
DA:486,41
DA:487,37
DA:488,33
DA:489,39
DA:490,24
DA:491,37
DA:492,8
DA:493,22
DA:494,0
DA:495,0
DA:496,0
DA:497,2
DA:498,14
DA:499,6
DA:500,6
DA:501,12
DA:502,3
DA:505,10
DA:506,39
DA:507,17
DA:508,26
DA:509,73
DA:510,1
DA:513,1
DA:514,7
DA:515,8
DA:516,3
DA:517,29
DA:519,29
DA:520,21
DA:521,26
DA:522,14
DA:523,23
DA:524,14
DA:525,46
DA:526,0
DA:527,0
DA:528,0
DA:530,0
DA:534,11
DA:535,32
DA:536,36
DA:537,89
DA:538,97
DA:540,62
DA:541,30
DA:542,2
DA:543,61
DA:544,0
DA:545,2
DA:546,35
DA:547,0
DA:548,2
DA:549,9
DA:552,16
DA:553,57
DA:556,10
DA:557,44
DA:558,6
DA:559,31
DA:560,45
DA:561,24
DA:562,25
DA:563,31
DA:564,38
DA:565,6
DA:566,12
DA:567,6
DA:569,12
DA:570,16
DA:571,20
DA:572,28
DA:573,68
DA:574,10
DA:575,1
DA:578,1
DA:579,9
DA:580,6
DA:581,9
DA:582,13
DA:583,3
DA:584,35
DA:585,33
DA:586,29
DA:587,42
DA:588,80
DA:589,89
DA:590,22
DA:592,38
DA:593,42
DA:594,39
DA:595,9
DA:596,9
DA:597,12
DA:598,7
DA:599,11
DA:600,11
DA:601,8
DA:603,26
DA:604,32
DA:605,4
DA:606,4
DA:608,30
DA:609,12
DA:610,3
DA:613,1
DA:614,9
DA:615,8
DA:616,11
DA:617,7
DA:618,11
DA:619,13
DA:620,3
DA:621,71
DA:622,11
DA:623,2
DA:625,26
DA:626,17
DA:627,20
DA:628,26
DA:629,9
DA:630,8
DA:631,11
DA:632,18
DA:633,11
DA:634,6
DA:635,28
DA:636,9
DA:637,8
DA:638,11
DA:639,20
DA:640,11
DA:641,3
DA:642,4
DA:644,24
DA:645,0
DA:646,2
DA:647,47
DA:648,53
DA:649,2
DA:650,47
DA:651,53
DA:652,2
DA:653,44
DA:654,0
DA:655,2
DA:656,29
DA:657,45
DA:658,2
DA:659,30
DA:660,47
DA:661,2
DA:663,48
DA:664,19
DA:665,37
DA:666,2
DA:668,60
DA:669,18
DA:670,35
DA:671,2
DA:673,19
DA:676,1
DA:677,9
DA:678,8
DA:679,11
DA:680,7
DA:681,13
DA:682,3
DA:683,39
DA:685,29
DA:686,21
DA:687,36
DA:688,14
DA:689,44
DA:690,16
DA:691,63
DA:692,14
DA:693,0
DA:694,0
DA:695,0
DA:696,0
DA:697,0
DA:698,0
DA:699,0
DA:700,0
DA:701,6
DA:702,36
DA:703,5
DA:704,23
DA:705,16
DA:706,31
DA:707,27
DA:708,47
DA:709,1
DA:710,0
DA:711,0
DA:712,0
DA:713,0
DA:714,0
DA:715,0
DA:716,0
DA:717,0
DA:719,0
DA:723,11
DA:724,49
DA:725,34
DA:726,38
DA:729,10
DA:730,12
DA:731,24
DA:732,22
DA:733,23
DA:734,1
DA:737,1
DA:738,9
DA:739,6
DA:740,9
DA:741,8
DA:742,13
DA:743,3
DA:744,35
DA:745,47
DA:746,40
DA:747,35
DA:748,2
DA:749,2
DA:751,66
DA:752,26
DA:754,34
DA:755,40
DA:756,0
DA:757,0
DA:758,0
DA:759,0
DA:760,0
DA:761,0
DA:762,0
DA:763,0
DA:764,4
DA:766,53
DA:767,21
DA:768,16
DA:769,29
DA:770,7
DA:771,38
DA:772,2
DA:774,38
DA:775,51
DA:776,44
DA:777,72
DA:778,53
DA:779,0
DA:780,6
DA:782,41
DA:783,26
DA:784,25
DA:785,35
DA:786,24
DA:787,30
DA:788,97
DA:789,9
DA:790,10
DA:791,4
DA:793,22
DA:794,35
DA:795,6
DA:796,12
DA:797,6
DA:799,42
DA:800,6
DA:801,2
DA:803,12
DA:804,20
DA:805,8
DA:806,1
DA:809,1
DA:810,9
DA:811,6
DA:812,9
DA:813,3
DA:814,19
DA:816,31
DA:817,70
DA:818,16
DA:819,0
DA:820,2
DA:821,2
DA:823,27
DA:824,35
DA:825,2
DA:827,13
DA:828,6
DA:829,10
DA:830,24
DA:831,2
DA:832,26
DA:833,63
DA:834,43
DA:835,51
DA:836,0
DA:837,1
DA:840,1
DA:841,6
DA:842,9
DA:843,8
DA:844,14
DA:845,13
DA:846,3
DA:847,37
DA:848,33
DA:849,34
DA:850,54
DA:851,46
DA:852,6
DA:853,9
DA:854,8
DA:855,14
DA:856,12
DA:857,14
DA:858,11
DA:859,6
DA:861,29
DA:862,42
DA:863,4
DA:865,12
DA:866,3
DA:869,1
DA:870,6
DA:871,9
DA:872,8
DA:873,14
DA:874,12
DA:875,14
DA:876,13
DA:877,3
DA:878,52
DA:879,48
DA:881,32
DA:882,24
DA:883,23
DA:884,33
DA:885,22
DA:886,28
DA:887,19
DA:888,107
DA:889,7
DA:890,11
DA:891,2
DA:893,79
DA:895,29
DA:896,71
DA:897,45
DA:898,6
DA:899,9
DA:900,14
DA:901,12
DA:902,9
DA:903,11
DA:904,6
DA:905,27
DA:906,11
DA:907,4
DA:908,68
DA:909,90
DA:910,53
DA:911,4
DA:912,96
DA:913,59
DA:914,4
DA:915,39
DA:916,2
DA:918,68
DA:919,0
DA:920,0
DA:921,0
DA:922,0
DA:923,0
DA:924,0
DA:925,0
DA:926,0
DA:927,0
DA:928,2
DA:930,31
DA:931,26
DA:932,22
DA:933,10
DA:934,83
DA:935,2
DA:936,23
DA:937,38
DA:938,42
DA:939,32
DA:940,4
DA:942,46
DA:943,25
DA:944,21
DA:945,4
DA:946,23
DA:947,63
DA:948,20
DA:949,13
DA:950,64
DA:951,55
DA:952,4
DA:954,55
DA:955,40
DA:956,39
DA:957,71
DA:958,4
DA:959,26
DA:960,57
DA:961,2
DA:962,2
DA:964,24
DA:967,1
DA:968,6
DA:969,9
DA:970,14
DA:971,12
DA:972,9
DA:973,13
DA:974,3
DA:975,52
DA:976,48
DA:978,66
DA:979,0
DA:980,0
DA:981,0
DA:982,0
DA:983,0
DA:984,0
DA:985,0
DA:986,0
DA:987,0
DA:988,2
DA:990,60
DA:991,0
DA:992,0
DA:993,0
DA:994,0
DA:995,0
DA:996,0
DA:997,0
DA:998,0
DA:999,0
DA:1000,2
DA:1002,28
DA:1003,77
DA:1004,71
DA:1006,24
DA:1007,22
DA:1009,42
DA:1010,52
DA:1011,0
DA:1012,0
DA:1013,0
DA:1014,0
DA:1015,0
DA:1016,0
DA:1017,0
DA:1018,0
DA:1019,0
DA:1020,6
DA:1022,42
DA:1023,4
DA:1025,33
DA:1026,2
DA:1027,34
DA:1028,0
DA:1029,2
DA:1030,37
DA:1031,0
DA:1032,2
DA:1034,91
DA:1035,47
DA:1036,0
DA:1037,0
DA:1038,0
DA:1039,0
DA:1040,0
DA:1041,0
DA:1042,0
DA:1043,0
DA:1044,0
DA:1045,4
DA:1047,60
DA:1048,54
DA:1049,45
DA:1050,0
DA:1051,0
DA:1052,0
DA:1053,0
DA:1054,0
DA:1055,0
DA:1056,0
DA:1057,0
DA:1058,0
DA:1059,4
DA:1061,4
DA:1062,41
DA:1063,89
DA:1064,7
DA:1065,26
DA:1066,25
DA:1067,35
DA:1068,24
DA:1069,30
DA:1070,21
DA:1071,154
DA:1072,9
DA:1073,11
DA:1074,0
DA:1076,0
DA:1077,0
DA:1078,0
DA:1079,2
DA:1081,21
DA:1084,1
DA:1085,11
DA:1086,9
DA:1087,13
DA:1088,11
DA:1089,3
DA:1090,52
DA:1092,4
DA:1093,52
DA:1095,30
DA:1096,12
DA:1097,0
DA:1099,0
DA:1100,0
DA:1101,0
DA:1102,0
DA:1106,1
DA:1107,6
DA:1108,11
DA:1109,14
DA:1110,13
DA:1111,3
DA:1112,29
DA:1114,42
DA:1115,33
DA:1116,30
DA:1117,44
DA:1118,21
DA:1120,107
DA:1121,25
DA:1122,34
DA:1123,4
DA:1124,12
DA:1125,6
DA:1127,58
DA:1130,1
DA:1131,8
DA:1132,11
DA:1133,10
DA:1134,8
DA:1135,14
DA:1136,13
DA:1137,3
DA:1138,100
DA:1139,24
DA:1140,23
DA:1141,29
DA:1142,13
DA:1143,16
DA:1144,15
DA:1145,107
DA:1146,7
DA:1147,11
DA:1148,2
DA:1150,12
DA:1151,22
DA:1152,34
DA:1153,23
DA:1154,1
DA:1157,1
DA:1158,11
DA:1159,9
DA:1160,3
DA:1161,78
DA:1162,23
DA:1164,46
DA:1165,50
DA:1166,30
DA:1167,77
DA:1168,33
DA:1169,2
DA:1170,2
DA:1172,49
DA:1175,1
DA:1176,7
DA:1177,11
DA:1178,3
DA:1179,38
DA:1180,57
DA:1181,60
DA:1183,22
DA:1184,24
DA:1185,35
DA:1186,4
DA:1187,52
DA:1188,19
DA:1189,33
DA:1190,2
DA:1191,15
DA:1194,11
DA:1195,36
DA:1196,26
DA:1198,19
DA:1199,64
DA:1200,68
DA:1201,2
DA:1202,40
DA:1203,44
DA:1204,2
DA:1205,74
DA:1206,74
DA:1207,2
DA:1209,40
DA:1212,11
DA:1213,30
DA:1214,31
DA:1215,2
DA:1217,44
DA:1218,38
DA:1219,51
DA:1220,51
DA:1221,63
DA:1223,34
DA:1224,2
DA:1226,12
DA:1229,0
DA:1230,0
DA:1231,1
DA:1234,45
DA:1235,12
DA:1236,11
DA:1237,15
DA:1238,15
DA:1239,10
DA:1240,15
DA:1241,9
DA:1242,11
DA:1243,16
DA:1244,16
DA:1245,16
DA:1246,2
DA:1248,1
DA:1249,7
DA:1250,3
DA:1251,12
DA:1252,29
DA:1253,33
DA:1254,1
LF:872
LH:761
end_of_record
TN:
SF:lib/runtime-core/animation-events.ts
FNF:0
FNH:0
LF:0
LH:0
end_of_record
TN:
SF:lib/runtime-core/arc-to-cubic.ts
FNF:3
FNH:3
DA:35,6
DA:36,7
DA:37,4
DA:38,4
DA:39,15
DA:40,14
DA:41,11
DA:42,5
DA:43,3
DA:45,30
DA:46,62
DA:47,2
DA:48,48
DA:49,9
DA:50,2
DA:53,20
DA:54,20
DA:56,44
DA:57,31
DA:58,31
DA:61,35
DA:62,35
DA:63,40
DA:64,41
DA:67,26
DA:68,26
DA:69,21
DA:70,21
DA:72,49
DA:73,19
DA:74,0
DA:75,0
DA:76,0
DA:77,0
DA:78,0
DA:79,2
DA:82,75
DA:83,50
DA:84,68
DA:85,48
DA:87,42
DA:88,43
DA:91,35
DA:92,35
DA:93,46
DA:94,46
DA:97,72
DA:98,27
DA:99,18
DA:100,18
DA:101,19
DA:102,16
DA:103,4
DA:105,34
DA:106,0
DA:107,40
DA:108,0
DA:109,3
DA:112,80
DA:113,45
DA:114,22
DA:116,28
DA:117,34
DA:119,42
DA:120,50
DA:121,32
DA:122,4
DA:123,4
DA:124,4
DA:125,4
DA:126,5
DA:127,14
DA:128,14
DA:129,12
DA:130,6
DA:131,25
DA:132,29
DA:133,27
DA:134,2
DA:137,29
DA:138,49
DA:139,2
DA:141,15
DA:147,1
DA:148,4
DA:149,4
DA:150,4
DA:151,4
DA:152,5
DA:153,7
DA:154,8
DA:155,12
DA:156,3
DA:157,58
DA:158,32
DA:159,32
DA:161,36
DA:162,36
DA:163,45
DA:164,45
DA:167,30
DA:168,29
DA:169,69
DA:170,69
DA:173,70
DA:174,70
DA:177,30
DA:178,29
DA:179,59
DA:180,59
DA:182,12
DA:183,27
DA:184,27
DA:185,23
DA:186,1
DA:192,20
DA:193,32
DA:194,34
DA:195,44
DA:196,44
DA:197,28
DA:198,21
DA:199,58
DA:200,36
DA:201,31
LF:125
LH:118
end_of_record
TN:
SF:lib/runtime-core/color-interpolation.ts
FNF:7
FNH:7
DA:15,14
DA:16,50
DA:17,24
DA:18,40
DA:19,40
DA:20,40
DA:21,78
DA:22,16
DA:23,2
DA:24,42
DA:25,42
DA:26,42
DA:27,42
DA:28,67
DA:29,16
DA:30,2
DA:31,12
DA:35,14
DA:36,76
DA:37,76
DA:38,76
DA:39,23
DA:46,28
DA:47,29
DA:48,29
DA:49,18
DA:52,29
DA:53,29
DA:56,20
DA:57,32
DA:58,32
DA:59,29
DA:60,4
DA:63,39
DA:70,21
DA:71,46
DA:72,47
DA:74,33
DA:75,48
DA:76,65
DA:77,32
DA:78,64
DA:83,9
DA:84,12
DA:85,32
DA:86,32
DA:87,29
DA:88,1
DA:91,12
DA:92,12
DA:93,51
DA:94,51
DA:95,48
DA:96,1
DA:99,21
DA:100,32
DA:101,32
DA:102,12
LF:58
LH:58
end_of_record
TN:
SF:lib/runtime-core/color.ts
FNF:5
FNH:5
DA:8,22
DA:9,36
DA:10,32
DA:11,19
DA:12,0
DA:13,2
DA:15,30
DA:16,49
DA:17,55
DA:18,52
DA:19,55
DA:21,38
DA:22,52
DA:23,2
DA:25,74
DA:28,16
DA:29,27
DA:30,25
DA:31,0
DA:32,2
DA:34,28
DA:35,27
DA:36,14
DA:37,50
DA:38,52
DA:39,51
DA:40,12
DA:41,1
DA:42,2
DA:44,48
DA:45,54
DA:46,56
DA:47,55
DA:48,14
DA:49,69
DA:51,54
DA:52,0
DA:53,4
DA:55,34
DA:56,0
DA:58,0
DA:61,19
DA:62,32
DA:65,11
DA:66,54
DA:69,11
DA:70,20
DA:71,20
DA:72,12
LF:49
LH:44
end_of_record
TN:
SF:lib/runtime-core/compose-values.ts
FNF:1
FNH:1
DA:12,6
DA:13,21
DA:14,17
DA:15,3
DA:16,61
DA:19,30
DA:20,73
DA:21,48
DA:22,71
DA:23,2
DA:25,20
DA:27,39
DA:28,43
DA:29,42
DA:31,50
DA:32,43
DA:33,33
DA:35,60
DA:37,30
DA:38,0
DA:39,0
DA:40,8
DA:42,31
DA:43,29
DA:45,27
DA:46,27
DA:47,23
DA:48,44
DA:49,80
DA:50,5
DA:51,5
DA:54,22
DA:55,24
DA:56,44
DA:57,83
DA:58,5
DA:59,20
DA:63,38
DA:64,11
DA:66,4
DA:67,4
DA:69,29
DA:70,2
DA:72,13
LF:44
LH:42
end_of_record
TN:
SF:lib/runtime-core/cross-icon-morph.ts
FNF:27
FNH:26
DA:43,19
DA:44,21
DA:45,27
DA:46,25
DA:49,24
DA:50,44
DA:51,44
DA:52,63
DA:53,59
DA:54,2
DA:55,2
DA:58,45
DA:59,40
DA:60,78
DA:61,13
DA:62,4
DA:63,28
DA:64,38
DA:65,32
DA:66,2
DA:68,14
DA:75,10
DA:76,46
DA:77,46
DA:78,38
DA:79,38
DA:82,25
DA:83,50
DA:84,50
DA:85,1
DA:86,4
DA:87,88
DA:88,64
DA:91,54
DA:92,54
DA:93,54
DA:94,54
DA:95,30
DA:96,85
DA:97,4
DA:100,48
DA:102,59
DA:115,6
DA:116,10
DA:117,13
DA:118,12
DA:119,3
DA:120,26
DA:122,0
DA:123,0
DA:124,0
DA:125,0
DA:126,0
DA:127,2
DA:129,35
DA:130,0
DA:131,2
DA:133,20
DA:134,63
DA:136,30
DA:137,45
DA:138,32
DA:139,39
DA:140,42
DA:141,9
DA:142,4
DA:144,16
DA:145,0
DA:146,0
DA:147,13
DA:148,69
DA:149,33
DA:150,37
DA:152,2
DA:154,14
DA:161,6
DA:162,7
DA:163,9
DA:164,3
DA:165,3
DA:166,16
DA:168,20
DA:169,27
DA:170,31
DA:172,35
DA:173,36
DA:174,36
DA:175,76
DA:176,22
DA:177,28
DA:178,25
DA:179,2
DA:180,30
DA:182,13
DA:188,1
DA:189,7
DA:190,9
DA:191,3
DA:192,3
DA:193,19
DA:194,24
DA:195,24
DA:196,25
DA:199,35
DA:200,35
DA:201,35
DA:204,38
DA:205,38
DA:208,41
DA:210,18
DA:211,12
DA:212,13
DA:213,12
DA:214,4
DA:216,19
DA:217,13
DA:218,12
DA:219,9
DA:220,4
DA:222,21
DA:233,6
DA:234,6
DA:235,4
DA:236,3
DA:237,64
DA:238,44
DA:240,63
DA:241,21
DA:242,23
DA:244,46
DA:245,17
DA:246,33
DA:247,39
DA:248,50
DA:249,50
DA:250,54
DA:251,52
DA:252,4
DA:254,33
DA:255,30
DA:256,10
DA:257,37
DA:258,44
DA:260,27
DA:261,22
DA:262,24
DA:263,2
DA:264,2
DA:266,18
DA:272,6
DA:273,9
DA:274,8
DA:275,3
DA:276,69
DA:277,36
DA:278,48
DA:279,32
DA:281,21
DA:282,48
DA:283,48
DA:284,4
DA:286,39
DA:287,42
DA:288,2
DA:290,12
DA:291,27
DA:292,22
DA:293,24
DA:294,2
DA:306,6
DA:307,10
DA:308,10
DA:309,3
DA:310,62
DA:311,12
DA:312,25
DA:313,45
DA:314,24
DA:315,24
DA:316,22
DA:317,7
DA:318,25
DA:319,2
DA:336,19
DA:337,57
DA:340,42
DA:341,61
DA:342,57
DA:345,25
DA:346,23
DA:349,33
DA:350,54
DA:351,48
DA:354,84
DA:355,45
DA:356,0
DA:357,0
DA:358,0
DA:359,0
DA:360,4
DA:361,43
DA:362,0
DA:363,0
DA:364,0
DA:365,0
DA:366,4
DA:369,42
DA:370,59
DA:371,15
DA:372,0
DA:373,4
DA:374,4
DA:376,30
DA:377,24
DA:378,2
DA:381,41
DA:382,24
DA:383,0
DA:384,0
DA:385,0
DA:386,0
DA:387,2
DA:388,2
DA:389,39
DA:390,22
DA:391,0
DA:392,0
DA:393,0
DA:394,0
DA:395,2
DA:396,2
DA:399,18
DA:400,46
DA:401,44
DA:403,22
DA:404,50
DA:405,37
DA:406,33
DA:407,55
DA:408,4
DA:409,29
DA:422,6
DA:423,8
DA:424,12
DA:425,10
DA:426,3
DA:427,3
DA:428,41
DA:429,41
DA:430,37
DA:431,37
DA:433,47
DA:434,63
DA:435,41
DA:436,53
DA:439,38
DA:440,29
DA:441,30
DA:443,42
DA:444,46
DA:446,12
DA:447,40
DA:448,37
DA:449,1
DA:456,17
DA:457,51
DA:458,70
DA:459,22
DA:461,31
DA:462,27
DA:464,38
DA:465,37
DA:466,33
DA:469,65
DA:470,39
DA:471,38
DA:472,12
DA:473,10
DA:474,1
DA:475,6
DA:476,39
DA:477,17
DA:478,12
DA:479,10
DA:480,1
DA:481,6
DA:483,52
DA:484,30
DA:485,24
DA:486,2
DA:488,60
DA:495,10
DA:496,19
DA:497,28
DA:498,59
DA:499,38
DA:500,11
DA:501,106
DA:502,6
DA:503,4
DA:504,22
DA:505,20
DA:506,2
DA:507,2
DA:508,22
DA:515,9
DA:516,29
DA:517,36
DA:518,23
DA:519,2
DA:520,63
DA:521,63
DA:522,23
DA:525,9
DA:526,29
DA:527,36
DA:528,39
DA:529,2
DA:530,63
DA:531,28
DA:532,31
DA:533,31
DA:534,31
DA:535,29
DA:536,2
DA:537,33
DA:540,13
DA:541,61
DA:544,10
DA:545,42
DA:548,9
DA:549,12
DA:550,28
DA:551,41
DA:552,22
DA:553,22
DA:554,21
DA:555,7
DA:556,20
DA:557,1
DA:560,7
DA:561,33
DA:562,36
LF:343
LH:318
end_of_record
TN:
SF:lib/runtime-core/draw-executor.ts
FNF:15
FNH:15
DA:31,6
DA:32,6
DA:33,10
DA:34,3
DA:35,48
DA:44,6
DA:45,6
DA:46,10
DA:47,3
DA:48,47
DA:58,6
DA:59,8
DA:60,10
DA:61,3
DA:62,48
DA:63,40
DA:65,36
DA:66,20
DA:67,39
DA:69,45
DA:70,32
DA:71,36
DA:72,69
DA:73,50
DA:74,2
DA:76,13
DA:79,1
DA:80,6
DA:81,10
DA:82,9
DA:83,3
DA:84,51
DA:85,31
DA:87,36
DA:88,20
DA:89,52
DA:91,36
DA:92,58
DA:93,61
DA:94,66
DA:98,64
DA:99,35
DA:100,2
DA:102,13
DA:105,1
DA:106,6
DA:107,10
DA:108,3
DA:109,39
DA:110,30
DA:111,64
DA:112,28
DA:113,22
DA:114,40
DA:115,38
DA:117,31
DA:118,40
DA:119,55
DA:120,25
DA:121,32
DA:122,0
DA:123,0
DA:125,0
DA:126,1
DA:127,4
DA:129,31
DA:130,9
DA:131,37
DA:132,32
DA:133,43
DA:134,4
DA:136,84
DA:137,18
DA:138,2
DA:140,22
DA:141,39
DA:142,41
DA:143,27
DA:144,30
DA:145,31
DA:146,4
DA:147,4
DA:148,15
DA:151,11
DA:152,28
DA:153,28
DA:154,12
LF:87
LH:84
end_of_record
TN:
SF:lib/runtime-core/easing.ts
FNF:16
FNH:15
DA:3,27
DA:4,17
DA:5,24
DA:6,41
DA:7,21
DA:8,54
DA:9,34
DA:10,46
DA:11,2
DA:13,15
DA:14,47
DA:15,38
DA:16,35
DA:17,2
DA:19,51
DA:20,21
DA:21,18
DA:22,2
DA:24,39
DA:25,15
DA:26,12
DA:27,2
DA:29,30
DA:32,11
DA:33,26
DA:34,99
DA:35,4
DA:36,16
DA:37,11
DA:38,2
DA:40,41
DA:41,41
DA:42,41
DA:43,41
DA:44,45
DA:45,0
DA:46,2
DA:48,46
DA:51,11
DA:52,26
DA:53,47
DA:54,4
DA:55,16
DA:56,11
DA:57,2
DA:59,50
DA:60,55
DA:61,50
DA:62,0
DA:63,2
DA:65,18
DA:66,31
DA:67,32
DA:68,62
DA:69,4
DA:70,50
DA:74,1
DA:75,4
DA:76,4
DA:77,4
DA:78,4
DA:79,3
DA:80,18
DA:81,25
DA:82,30
DA:83,8
DA:84,4
DA:86,18
DA:87,48
DA:88,57
DA:89,59
DA:90,45
DA:91,12
DA:92,6
DA:93,32
DA:94,0
DA:95,0
DA:96,6
DA:97,31
DA:98,4
DA:100,44
DA:104,15
DA:105,21
DA:106,7
DA:107,27
DA:108,24
DA:109,9
DA:113,15
DA:114,21
DA:115,7
DA:116,23
DA:117,27
DA:118,20
DA:122,0
DA:123,0
DA:124,0
DA:125,0
DA:126,0
DA:127,0
DA:128,0
DA:129,0
DA:130,0
DA:131,0
DA:132,0
DA:133,0
DA:134,0
DA:135,0
DA:136,0
DA:137,0
DA:138,0
DA:139,0
DA:143,11
DA:144,28
DA:145,28
DA:146,12
LF:115
LH:93
end_of_record
TN:
SF:lib/runtime-core/effect-scheduler.ts
FNF:26
FNH:17
DA:2,90
DA:5,152
DA:6,132
DA:7,104
DA:72,1
DA:74,67
DA:75,50
DA:76,82
DA:77,136
DA:78,130
DA:79,105
DA:80,98
DA:81,110
DA:82,148
DA:83,30
DA:84,34
DA:85,12
DA:86,94
DA:87,84
DA:90,21
DA:91,67
DA:92,48
DA:93,60
DA:94,64
DA:95,44
DA:97,76
DA:98,24
DA:99,20
DA:100,11
DA:101,9
DA:103,58
DA:106,22
DA:107,77
DA:108,84
DA:109,58
DA:110,9
DA:111,50
DA:114,42
DA:115,82
DA:116,65
DA:119,33
DA:120,101
DA:121,70
DA:123,100
DA:124,100
DA:125,90
DA:127,54
DA:128,33
DA:129,13
DA:130,13
DA:132,92
DA:133,106
DA:134,184
DA:136,85
DA:137,52
DA:138,44
DA:139,19
DA:140,13
DA:142,108
DA:143,136
DA:146,116
DA:147,38
DA:148,66
DA:149,39
DA:150,83
DA:151,93
DA:152,31
DA:153,84
DA:156,62
DA:157,59
DA:158,12
DA:161,47
DA:162,90
DA:163,120
DA:164,12
DA:166,152
DA:168,68
DA:169,32
DA:170,47
DA:171,43
DA:172,7
DA:173,47
DA:174,11
DA:175,9
DA:177,70
DA:178,36
DA:179,30
DA:180,42
DA:181,42
DA:182,48
DA:183,12
DA:184,66
DA:187,22
DA:188,36
DA:189,107
DA:190,30
DA:191,8
DA:193,2
DA:198,41
DA:199,12
DA:200,20
DA:201,32
DA:202,32
DA:203,28
DA:204,6
DA:205,47
DA:206,38
DA:207,152
DA:208,20
DA:209,90
DA:210,30
DA:211,137
DA:212,28
DA:213,135
DA:214,30
DA:215,132
DA:216,16
DA:217,72
DA:218,15
DA:219,71
DA:220,14
DA:221,75
DA:222,30
DA:223,128
DA:224,18
DA:225,78
DA:226,30
DA:227,151
DA:229,15
DA:233,29
DA:234,20
DA:235,32
DA:236,28
DA:237,6
DA:238,124
DA:240,40
DA:241,77
DA:242,66
DA:243,121
DA:244,142
DA:245,9
DA:247,102
DA:248,74
DA:249,50
DA:250,13
DA:251,9
DA:253,146
DA:254,150
DA:255,82
DA:256,82
DA:257,86
DA:258,130
DA:259,5
DA:261,91
DA:264,23
DA:265,20
DA:266,16
DA:267,6
DA:268,40
DA:269,63
DA:270,58
DA:271,5
DA:272,29
DA:277,35
DA:280,78
DA:281,51
DA:284,34
DA:287,90
DA:288,41
DA:291,35
DA:293,55
DA:296,0
DA:297,0
DA:298,0
DA:299,21
DA:302,0
DA:303,0
DA:304,0
DA:305,27
DA:308,0
DA:309,0
DA:310,0
DA:311,22
DA:314,37
DA:315,58
DA:316,58
DA:317,27
DA:320,41
DA:321,16
DA:322,24
DA:326,6
DA:327,121
DA:328,130
DA:329,28
DA:330,84
DA:331,67
DA:332,127
DA:333,5
DA:334,3
DA:336,37
DA:337,25
DA:338,30
DA:339,4
DA:340,12
DA:341,36
DA:342,69
DA:343,4
DA:346,0
DA:347,0
DA:348,0
DA:349,0
DA:350,20
DA:353,0
DA:354,0
DA:355,0
DA:356,0
DA:357,54
DA:360,0
DA:361,0
DA:362,0
DA:363,0
DA:364,0
DA:365,23
LF:223
LH:201
end_of_record
TN:
SF:lib/runtime-core/index.ts
FNF:1
FNH:1
DA:1,35
DA:2,24
DA:3,33
DA:4,32
DA:5,25
DA:6,35
DA:7,24
DA:8,36
DA:9,28
DA:10,25
DA:11,32
DA:12,38
DA:14,29
DA:15,36
LF:14
LH:14
end_of_record
TN:
SF:lib/runtime-core/inspection.ts
FNF:2
FNH:2
DA:2,58
DA:18,6
DA:19,12
DA:20,11
DA:21,9
DA:22,3
DA:23,69
DA:24,12
DA:25,32
DA:26,34
DA:27,38
DA:28,57
DA:29,41
DA:30,37
DA:31,47
DA:32,66
DA:33,40
DA:34,42
DA:35,4
DA:36,1
LF:20
LH:20
end_of_record
TN:
SF:lib/runtime-core/morph.ts
FNF:32
FNH:32
DA:1,52
DA:3,52
DA:4,83
DA:14,52
DA:15,52
DA:38,21
DA:39,43
DA:40,39
DA:42,61
DA:43,57
DA:44,50
DA:45,16
DA:46,101
DA:47,1
DA:48,2
DA:50,56
DA:51,58
DA:52,0
DA:53,2
DA:54,2
DA:56,18
DA:57,32
DA:58,30
DA:60,12
DA:61,30
DA:62,31
DA:63,21
DA:64,17
DA:65,41
DA:66,40
DA:67,1
DA:68,1
DA:69,2
DA:70,10
DA:74,21
DA:75,43
DA:76,39
DA:77,17
DA:78,0
DA:79,2
DA:81,44
DA:82,18
DA:83,11
DA:84,2
DA:86,43
DA:87,57
DA:88,53
DA:90,18
DA:91,9
DA:92,58
DA:93,0
DA:94,2
DA:97,18
DA:98,32
DA:99,30
DA:100,21
DA:104,7
DA:105,29
DA:106,22
DA:107,16
DA:108,13
DA:109,13
DA:110,24
DA:111,23
DA:113,8
DA:114,43
DA:117,34
DA:118,34
DA:119,47
DA:120,13
DA:121,4
DA:123,26
DA:124,14
DA:125,14
DA:126,41
DA:127,56
DA:128,47
DA:129,47
DA:130,27
DA:131,27
DA:132,58
DA:134,47
DA:135,47
DA:136,47
DA:137,58
DA:138,8
DA:139,5
DA:140,5
DA:141,14
DA:142,14
DA:143,41
DA:144,47
DA:145,49
DA:146,49
DA:147,58
DA:148,8
DA:149,5
DA:150,5
DA:151,14
DA:152,14
DA:153,41
DA:154,47
DA:155,47
DA:156,54
DA:157,8
DA:158,5
DA:159,5
DA:160,14
DA:161,14
DA:162,41
DA:163,47
DA:164,47
DA:165,54
DA:166,8
DA:167,5
DA:168,5
DA:169,14
DA:170,14
DA:171,41
DA:172,47
DA:173,53
DA:174,53
DA:175,53
DA:176,53
DA:177,47
DA:178,47
DA:179,74
DA:180,8
DA:181,5
DA:182,5
DA:183,14
DA:184,14
DA:185,41
DA:186,47
DA:187,53
DA:188,53
DA:189,47
DA:190,47
DA:191,66
DA:192,8
DA:193,5
DA:194,5
DA:195,14
DA:196,14
DA:197,41
DA:198,47
DA:199,34
DA:200,34
DA:201,45
DA:202,40
DA:203,37
DA:204,47
DA:205,47
DA:206,27
DA:207,25
DA:208,66
DA:209,11
DA:210,8
DA:211,5
DA:212,5
DA:213,14
DA:214,12
DA:215,27
DA:216,27
DA:217,52
DA:218,5
DA:220,2
DA:222,2
DA:224,15
DA:227,7
DA:228,31
DA:229,24
DA:231,41
DA:232,41
DA:233,33
DA:235,24
DA:236,68
DA:237,45
DA:238,41
DA:241,42
DA:242,33
DA:243,39
DA:244,15
DA:245,13
DA:246,13
DA:247,24
DA:248,18
DA:249,13
DA:250,13
DA:251,10
DA:252,29
DA:254,0
DA:255,0
DA:256,0
DA:257,0
DA:258,0
DA:259,17
DA:260,46
DA:262,8
DA:263,6
DA:265,49
DA:266,13
DA:267,0
DA:268,6
DA:269,27
DA:270,4
DA:272,23
DA:273,45
DA:274,15
DA:275,26
DA:276,5
DA:277,2
DA:279,17
DA:282,16
DA:283,33
DA:285,0
DA:286,0
DA:287,0
DA:288,0
DA:289,0
DA:290,0
DA:291,0
DA:292,0
DA:293,0
DA:294,0
DA:297,0
DA:298,0
DA:299,0
DA:300,0
DA:301,0
DA:302,0
DA:303,0
DA:304,0
DA:305,2
DA:307,44
DA:308,41
DA:309,14
DA:310,13
DA:311,67
DA:312,64
DA:313,8
DA:314,13
DA:315,67
DA:316,64
DA:317,8
DA:318,34
DA:319,1
DA:320,2
DA:322,70
DA:323,0
DA:324,0
DA:325,0
DA:326,0
DA:327,0
DA:328,2
DA:330,12
DA:331,34
DA:332,34
DA:333,32
DA:334,1
DA:337,14
DA:338,36
DA:339,35
DA:340,59
DA:342,34
DA:343,0
DA:344,0
DA:345,0
DA:346,2
DA:347,40
DA:348,40
DA:349,23
DA:350,69
DA:351,2
DA:353,57
DA:354,36
DA:355,38
DA:357,54
DA:358,11
DA:359,4
DA:361,93
DA:362,50
DA:363,51
DA:367,73
DA:368,70
DA:369,15
DA:370,0
DA:371,0
DA:372,4
DA:373,2
DA:374,2
DA:376,20
DA:379,22
DA:380,35
DA:381,77
DA:382,26
DA:383,26
DA:384,24
DA:385,5
DA:387,12
DA:388,10
DA:389,13
DA:390,25
DA:391,1
DA:394,27
DA:395,35
DA:396,51
DA:397,29
DA:398,26
DA:399,26
DA:400,24
DA:401,7
DA:402,31
DA:403,1
DA:406,10
DA:407,22
DA:409,32
DA:410,74
DA:411,46
DA:412,14
DA:413,28
DA:414,21
DA:415,21
DA:416,21
DA:417,21
DA:418,22
DA:419,19
DA:420,2
DA:421,6
DA:422,4
DA:423,26
DA:424,23
DA:425,2
DA:426,2
DA:428,25
DA:431,10
DA:432,44
DA:433,17
DA:434,0
DA:435,2
DA:436,45
DA:439,13
DA:440,68
DA:441,47
DA:444,10
DA:445,34
DA:446,37
DA:447,27
DA:448,51
DA:449,33
DA:450,33
DA:451,32
DA:452,4
DA:453,2
DA:456,11
DA:457,33
DA:460,7
DA:461,20
DA:462,71
DA:463,12
DA:465,42
DA:466,24
DA:467,2
DA:469,13
DA:472,26
DA:473,53
DA:474,45
DA:475,12
DA:476,2
DA:477,2
DA:478,11
DA:481,11
DA:482,89
DA:485,21
DA:486,29
DA:487,14
DA:488,2
DA:489,72
DA:492,11
DA:493,43
DA:494,48
DA:497,17
DA:498,29
DA:501,10
DA:502,75
LF:385
LH:347
end_of_record
TN:
SF:lib/runtime-core/motion-preference.ts
FNF:6
FNH:4
DA:7,11
DA:8,82
DA:9,13
DA:10,0
DA:11,1
DA:18,6
DA:19,10
DA:20,3
DA:21,82
DA:22,13
DA:23,0
DA:25,0
DA:26,0
DA:27,0
DA:29,0
DA:30,1
DA:36,18
DA:37,37
DA:38,39
DA:39,41
LF:20
LH:14
end_of_record
TN:
SF:lib/runtime-core/path-normalization.ts
FNF:22
FNH:21
DA:20,16
DA:21,27
DA:22,23
DA:23,63
DA:24,37
DA:27,12
DA:28,41
DA:29,56
DA:30,30
DA:31,89
DA:32,10
DA:33,21
DA:34,9
DA:36,49
DA:37,31
DA:40,18
DA:41,28
DA:42,30
DA:43,30
DA:44,57
DA:45,35
DA:46,35
DA:47,31
DA:48,31
DA:50,31
DA:51,27
DA:52,27
DA:53,14
DA:54,44
DA:55,41
DA:56,4
DA:59,60
DA:60,36
DA:61,36
DA:62,14
DA:63,12
DA:64,54
DA:65,5
DA:66,0
DA:67,0
DA:68,0
DA:69,5
DA:70,12
DA:71,54
DA:72,54
DA:73,54
DA:74,5
DA:75,0
DA:76,0
DA:77,0
DA:78,0
DA:79,0
DA:80,0
DA:81,0
DA:82,16
DA:84,9
DA:86,48
DA:87,4
DA:89,16
DA:90,89
DA:91,9
DA:94,26
DA:95,26
DA:96,29
DA:99,14
DA:100,22
DA:101,19
DA:102,36
DA:103,57
DA:104,29
DA:105,17
DA:106,4
DA:107,24
DA:108,2
DA:109,28
DA:110,25
DA:111,2
DA:113,28
DA:114,38
DA:115,38
DA:116,45
DA:117,0
DA:118,0
DA:119,4
DA:121,22
DA:124,0
DA:128,14
DA:129,68
DA:130,20
DA:131,23
DA:132,28
DA:134,20
DA:135,36
DA:136,35
DA:137,30
DA:138,33
DA:139,6
DA:140,24
DA:141,26
DA:142,4
DA:143,35
DA:144,27
DA:145,8
DA:146,4
DA:147,69
DA:148,2
DA:149,26
DA:150,29
DA:151,2
DA:153,35
DA:154,22
DA:155,35
DA:156,32
DA:157,4
DA:159,12
DA:160,17
DA:161,21
DA:162,11
DA:163,9
DA:164,13
DA:165,27
DA:166,1
DA:169,13
DA:170,27
DA:171,34
DA:172,12
DA:173,10
DA:174,44
DA:175,10
DA:176,76
DA:177,10
DA:178,16
DA:179,39
DA:180,39
DA:181,36
DA:182,6
DA:183,10
DA:184,39
DA:186,0
DA:190,12
DA:191,29
DA:192,45
DA:193,2
DA:194,25
DA:195,25
DA:196,25
DA:197,25
DA:198,32
DA:199,35
DA:200,35
DA:201,35
DA:202,33
DA:203,2
DA:204,33
DA:207,7
DA:208,29
DA:209,22
DA:210,16
DA:211,13
DA:212,13
DA:213,13
DA:214,12
DA:216,8
DA:217,43
DA:220,34
DA:221,34
DA:222,47
DA:223,13
DA:224,4
DA:225,53
DA:226,40
DA:227,14
DA:228,56
DA:229,47
DA:230,47
DA:231,16
DA:232,16
DA:233,58
DA:234,36
DA:235,0
DA:236,0
DA:237,0
DA:238,8
DA:239,5
DA:240,5
DA:241,12
DA:242,47
DA:243,49
DA:244,49
DA:245,58
DA:246,8
DA:247,10
DA:248,12
DA:249,47
DA:250,49
DA:251,58
DA:252,8
DA:253,10
DA:254,12
DA:255,47
DA:256,49
DA:257,58
DA:258,8
DA:259,10
DA:260,12
DA:261,47
DA:262,53
DA:263,53
DA:264,47
DA:265,47
DA:266,66
DA:267,8
DA:268,10
DA:269,12
DA:270,47
DA:271,53
DA:272,53
DA:273,53
DA:274,53
DA:275,47
DA:276,47
DA:277,74
DA:278,8
DA:279,10
DA:280,12
DA:281,47
DA:282,34
DA:283,34
DA:284,40
DA:285,40
DA:286,37
DA:287,49
DA:288,49
DA:289,93
DA:290,8
DA:291,10
DA:292,12
DA:293,16
DA:294,16
DA:295,52
DA:296,21
DA:298,7
DA:300,2
DA:302,15
DA:305,26
DA:306,53
DA:307,45
DA:308,12
DA:309,2
DA:310,2
DA:311,11
DA:314,11
DA:315,89
DA:318,7
DA:319,20
DA:320,71
DA:321,12
DA:322,42
DA:323,24
DA:324,2
DA:325,13
DA:328,11
DA:329,43
DA:330,48
LF:264
LH:247
end_of_record
TN:
SF:lib/runtime-core/scheduler.ts
FNF:41
FNH:32
DA:2,86
DA:3,90
DA:4,132
DA:35,1
DA:37,13
DA:38,16
DA:39,24
DA:40,28
DA:41,10
DA:42,50
DA:43,92
DA:44,82
DA:45,105
DA:46,136
DA:47,130
DA:50,21
DA:51,42
DA:52,18
DA:53,9
DA:55,48
DA:56,64
DA:57,44
DA:59,58
DA:60,24
DA:61,20
DA:62,11
DA:63,9
DA:65,58
DA:68,22
DA:69,77
DA:70,84
DA:71,58
DA:72,9
DA:73,50
DA:76,0
DA:77,0
DA:78,0
DA:79,52
DA:83,33
DA:84,101
DA:85,46
DA:86,13
DA:87,13
DA:89,100
DA:90,116
DA:91,62
DA:93,55
DA:94,44
DA:95,19
DA:96,7
DA:98,30
DA:99,12
DA:102,41
DA:103,166
DA:106,22
DA:107,36
DA:108,100
DA:109,15
DA:110,8
DA:112,2
DA:114,70
DA:115,26
DA:116,12
DA:117,36
DA:118,40
DA:119,44
DA:120,30
DA:121,28
DA:122,60
DA:124,44
DA:125,32
DA:126,36
DA:127,38
DA:128,59
DA:130,75
DA:131,66
DA:132,82
DA:133,112
DA:134,136
DA:135,38
DA:136,42
DA:137,12
DA:138,94
DA:139,84
DA:140,136
DA:141,130
DA:144,21
DA:145,42
DA:146,18
DA:147,9
DA:149,48
DA:150,64
DA:152,44
DA:154,76
DA:155,24
DA:156,20
DA:157,11
DA:158,9
DA:160,58
DA:163,22
DA:164,77
DA:165,84
DA:166,58
DA:167,9
DA:168,50
DA:171,11
DA:172,24
DA:173,28
DA:174,10
DA:175,46
DA:176,107
DA:177,57
DA:178,72
DA:179,36
DA:181,136
DA:182,16
DA:183,9
DA:185,122
DA:186,70
DA:187,62
DA:188,124
DA:189,112
DA:190,11
DA:193,42
DA:194,82
DA:195,0
DA:196,52
DA:200,33
DA:201,101
DA:202,46
DA:203,13
DA:204,13
DA:206,100
DA:207,110
DA:208,62
DA:210,99
DA:211,52
DA:212,44
DA:213,19
DA:214,13
DA:216,59
DA:217,12
DA:220,41
DA:221,66
DA:222,178
DA:223,128
DA:226,22
DA:227,36
DA:228,107
DA:229,30
DA:230,8
DA:232,2
DA:234,49
DA:235,24
DA:236,20
DA:237,6
DA:238,84
DA:239,38
DA:240,20
DA:241,42
DA:242,8
DA:243,62
DA:244,52
DA:245,30
DA:246,38
DA:247,42
DA:248,5
DA:251,33
DA:252,30
DA:253,20
DA:254,36
DA:255,44
DA:256,6
DA:257,40
DA:259,83
DA:260,130
DA:261,103
DA:262,26
DA:263,9
DA:265,94
DA:266,85
DA:267,166
DA:268,94
DA:269,14
DA:270,30
DA:271,36
DA:272,40
DA:273,12
DA:274,5
DA:275,5
DA:277,29
DA:280,30
DA:281,32
DA:282,18
DA:283,26
DA:284,6
DA:285,50
DA:286,37
DA:287,137
DA:288,6
DA:289,2
DA:290,8
DA:291,86
DA:292,112
DA:293,107
DA:296,26
DA:297,14
DA:298,20
DA:299,36
DA:300,44
DA:301,6
DA:302,212
DA:303,128
DA:304,72
DA:305,5
DA:306,143
DA:316,30
DA:317,14
DA:318,20
DA:319,38
DA:320,46
DA:321,6
DA:322,78
DA:324,85
DA:325,106
DA:326,71
DA:327,3
DA:330,48
DA:331,68
DA:334,85
DA:335,60
DA:336,11
DA:337,5
DA:339,60
DA:340,22
DA:341,5
DA:343,102
DA:344,124
DA:345,78
DA:346,66
DA:347,70
DA:348,91
DA:351,0
DA:352,0
DA:353,0
DA:354,0
DA:355,0
DA:356,0
DA:357,0
DA:358,0
DA:359,0
DA:360,0
DA:361,0
DA:362,0
DA:363,0
DA:364,0
DA:365,53
DA:368,83
DA:369,43
DA:370,19
DA:371,5
DA:372,77
DA:373,53
DA:374,5
DA:375,53
DA:378,33
DA:379,16
DA:380,20
DA:381,6
DA:382,42
DA:383,131
DA:384,52
DA:385,135
DA:386,142
DA:387,9
DA:388,64
DA:389,5
DA:390,31
DA:393,26
DA:394,20
DA:395,14
DA:396,20
DA:397,6
DA:398,66
DA:399,15
DA:400,5
DA:402,86
DA:403,111
DA:406,48
DA:407,55
DA:408,33
DA:409,37
DA:410,38
DA:411,49
DA:413,22
DA:417,35
DA:418,16
DA:419,24
DA:423,6
DA:424,121
DA:425,130
DA:426,28
DA:427,84
DA:428,67
DA:429,127
DA:430,5
DA:431,3
DA:433,59
DA:434,83
DA:435,12
DA:436,36
DA:437,69
DA:438,4
DA:441,29
DA:442,16
DA:443,20
DA:444,24
DA:445,6
DA:446,121
DA:447,130
DA:448,83
DA:449,3
DA:451,37
DA:452,25
DA:453,30
DA:454,4
DA:455,73
DA:458,37
DA:459,58
DA:460,58
DA:461,27
DA:464,0
DA:465,0
DA:466,0
DA:467,15
DA:470,0
DA:471,0
DA:472,0
DA:473,0
DA:474,20
DA:477,0
DA:478,0
DA:479,0
DA:480,0
DA:481,0
DA:482,0
DA:483,0
DA:484,6
DA:487,0
DA:488,0
DA:489,0
DA:490,0
DA:491,0
DA:492,0
DA:493,23
LF:355
LH:317
end_of_record
TN:
SF:lib/runtime-core/spring.ts
FNF:6
FNH:6
DA:3,58
DA:4,60
DA:5,89
DA:7,64
DA:8,160
DA:9,160
DA:10,158
DA:11,154
DA:12,4
DA:15,1
DA:17,39
DA:18,96
DA:21,39
DA:22,88
DA:23,126
DA:24,94
DA:25,122
DA:26,114
DA:28,41
DA:29,114
DA:30,42
DA:31,80
DA:32,42
DA:33,64
DA:34,130
DA:35,51
DA:36,5
DA:38,23
DA:39,22
DA:40,25
DA:41,28
DA:42,28
DA:43,5
DA:45,61
DA:46,61
DA:47,43
DA:48,18
DA:49,71
DA:50,30
DA:53,34
DA:54,44
DA:55,66
DA:57,63
DA:58,44
DA:59,88
DA:60,104
DA:61,96
DA:62,39
DA:63,13
DA:64,46
DA:65,5
DA:67,17
DA:69,2
DA:71,80
DA:72,100
DA:75,66
DA:76,107
DA:79,53
DA:80,30
DA:81,22
DA:82,42
DA:83,58
DA:84,5
LF:63
LH:63
end_of_record
TN:
SF:lib/runtime-core/state-machine.ts
FNF:11
FNH:10
DA:9,1
DA:11,57
DA:12,42
DA:13,102
DA:14,106
DA:17,28
DA:18,41
DA:21,42
DA:22,102
DA:23,38
DA:24,90
DA:25,9
DA:27,78
DA:28,16
DA:29,9
DA:31,156
DA:32,54
DA:33,64
DA:34,41
DA:37,45
DA:38,66
DA:39,0
DA:40,44
DA:44,23
DA:45,54
DA:48,46
DA:49,91
DA:50,74
DA:51,8
DA:53,1
DA:55,64
DA:56,39
DA:57,90
DA:58,34
DA:59,83
DA:60,9
DA:61,31
DA:62,3
DA:64,55
DA:65,24
DA:66,69
DA:67,3
DA:68,22
DA:71,53
DA:72,120
DA:73,42
DA:74,16
DA:75,84
DA:76,4
DA:77,5
DA:78,41
DA:81,90
DA:82,14
DA:83,73
DA:84,155
DA:85,21
LF:56
LH:55
end_of_record
TN:
SF:lib/runtime-core/store.ts
FNF:40
FNH:27
DA:8,43
DA:9,45
DA:10,66
DA:78,30
DA:80,6
DA:81,9
DA:82,14
DA:83,3
DA:84,28
DA:85,19
DA:86,39
DA:87,26
DA:88,14
DA:89,24
DA:90,6
DA:91,13
DA:92,26
DA:93,4
DA:95,80
DA:96,38
DA:97,38
DA:98,17
DA:99,13
DA:100,18
DA:101,24
DA:103,20
DA:104,19
DA:105,19
DA:106,23
DA:107,55
DA:108,3
DA:110,8
DA:111,33
DA:112,0
DA:113,3
DA:116,14
DA:117,89
DA:118,39
DA:119,29
DA:120,30
DA:121,21
DA:122,32
DA:123,3
DA:124,5
DA:125,31
DA:126,39
DA:127,13
DA:129,94
DA:130,44
DA:131,27
DA:132,4
DA:134,46
DA:135,23
DA:136,4
DA:138,34
DA:139,66
DA:140,47
DA:142,36
DA:143,103
DA:144,4
DA:146,18
DA:147,21
DA:148,21
DA:149,41
DA:150,33
DA:151,49
DA:152,29
DA:153,5
DA:156,8
DA:157,69
DA:158,6
DA:159,0
DA:161,0
DA:162,0
DA:163,0
DA:165,0
DA:166,0
DA:167,0
DA:168,0
DA:170,1
DA:173,24
DA:174,29
DA:175,0
DA:176,4
DA:178,61
DA:179,6
DA:180,4
DA:182,41
DA:183,28
DA:185,23
DA:186,0
DA:187,0
DA:188,0
DA:189,0
DA:190,0
DA:191,0
DA:192,4
DA:194,64
DA:195,78
DA:196,6
DA:198,29
DA:200,21
DA:201,0
DA:202,0
DA:203,0
DA:204,0
DA:205,0
DA:206,4
DA:208,62
DA:209,20
DA:210,23
DA:211,36
DA:212,33
DA:213,25
DA:214,18
DA:215,6
DA:216,25
DA:217,11
DA:218,17
DA:221,1
DA:222,10
DA:223,9
DA:224,5
DA:225,54
DA:226,19
DA:227,0
DA:228,4
DA:230,16
DA:231,19
DA:232,28
DA:233,29
DA:234,45
DA:235,6
DA:236,33
DA:237,11
DA:238,17
DA:241,14
DA:242,28
DA:243,10
DA:246,0
DA:247,0
DA:248,0
DA:249,0
DA:250,0
DA:251,0
DA:252,2
DA:255,11
DA:256,0
DA:257,0
DA:258,0
DA:259,4
DA:262,10
DA:263,20
DA:265,13
DA:266,15
DA:267,14
DA:268,9
DA:269,1
DA:272,1
DA:273,9
DA:274,18
DA:275,3
DA:276,62
DA:277,23
DA:278,2
DA:280,54
DA:281,35
DA:282,0
DA:284,0
DA:287,1
DA:288,9
DA:289,9
DA:290,3
DA:291,40
DA:293,12
DA:294,12
DA:295,42
DA:296,55
DA:297,12
DA:298,20
DA:299,14
DA:300,4
DA:301,1
DA:304,1
DA:305,9
DA:306,10
DA:307,10
DA:308,3
DA:309,57
DA:310,53
DA:311,27
DA:312,0
DA:313,2
DA:315,96
DA:316,14
DA:317,34
DA:318,44
DA:319,17
DA:320,49
DA:321,16
DA:322,34
DA:323,29
DA:324,11
DA:325,47
DA:326,16
DA:327,32
DA:328,25
DA:329,8
DA:330,5
DA:331,1
DA:332,2
DA:334,33
DA:335,40
DA:336,39
DA:337,12
DA:338,20
DA:339,14
DA:340,5
DA:341,2
DA:343,33
DA:347,31
DA:348,34
DA:350,61
DA:351,61
DA:352,13
DA:353,0
DA:354,4
DA:356,33
DA:357,0
DA:358,0
DA:359,0
DA:360,0
DA:361,0
DA:362,0
DA:363,0
DA:364,0
DA:365,0
DA:366,0
DA:367,0
DA:368,4
DA:370,23
DA:371,38
DA:372,20
DA:373,20
DA:374,16
DA:375,12
DA:376,6
DA:378,48
DA:379,45
DA:380,10
DA:381,17
DA:382,20
DA:383,33
DA:384,8
DA:385,54
DA:386,37
DA:387,20
DA:388,43
DA:389,52
DA:390,10
DA:391,10
DA:392,23
DA:393,43
DA:394,44
DA:395,10
DA:396,5
DA:397,0
DA:398,0
DA:399,0
DA:400,0
DA:401,0
DA:402,0
DA:403,0
DA:404,0
DA:405,0
DA:406,0
DA:407,0
DA:408,0
DA:409,0
DA:410,0
DA:411,5
DA:412,23
DA:413,43
DA:414,55
DA:415,10
DA:416,5
DA:417,0
DA:418,0
DA:419,0
DA:420,0
DA:421,0
DA:422,0
DA:423,0
DA:424,0
DA:425,0
DA:426,0
DA:427,0
DA:428,0
DA:429,0
DA:430,0
DA:431,0
DA:432,4
DA:434,4
DA:436,46
DA:437,2
DA:439,51
DA:440,51
DA:441,38
DA:442,33
DA:443,4
DA:445,50
DA:446,21
DA:447,28
DA:448,70
DA:449,85
DA:450,6
DA:451,27
DA:452,0
DA:453,6
DA:454,26
DA:455,0
DA:456,6
DA:458,35
DA:459,78
DA:460,4
DA:461,4
DA:463,52
DA:464,36
DA:465,42
DA:466,2
DA:467,2
DA:469,12
DA:470,32
DA:471,42
DA:472,38
DA:473,1
DA:476,1
DA:477,9
DA:478,10
DA:479,10
DA:480,10
DA:481,3
DA:482,29
DA:483,13
DA:484,54
DA:485,4
DA:487,39
DA:488,21
DA:489,22
DA:490,21
DA:491,56
DA:492,29
DA:493,0
DA:495,1
DA:496,8
DA:497,56
DA:498,28
DA:499,12
DA:500,14
DA:501,38
DA:502,3
DA:503,5
DA:504,8
DA:505,19
DA:506,0
DA:507,0
DA:508,0
DA:509,0
DA:510,0
DA:511,0
DA:512,0
DA:513,0
DA:514,0
DA:515,0
DA:516,0
DA:517,0
DA:518,0
DA:519,0
DA:520,0
DA:521,0
DA:522,0
DA:523,0
DA:524,0
DA:525,0
DA:526,0
DA:527,0
DA:528,0
DA:529,0
DA:530,0
DA:531,0
DA:532,0
DA:533,0
DA:534,0
DA:535,0
DA:536,0
DA:537,0
DA:538,0
DA:539,0
DA:540,0
DA:542,0
DA:546,1
DA:547,10
DA:548,8
DA:549,3
DA:550,59
DA:551,59
DA:552,35
DA:554,31
DA:555,0
DA:556,0
DA:557,0
DA:558,0
DA:559,2
DA:561,40
DA:562,0
DA:563,0
DA:564,0
DA:565,0
DA:566,0
DA:567,0
DA:568,0
DA:569,2
DA:571,29
DA:572,38
DA:573,2
DA:575,12
DA:576,86
DA:577,17
DA:578,1
DA:581,21
DA:582,61
DA:583,0
DA:584,2
DA:585,51
DA:588,25
DA:589,27
DA:590,0
DA:591,2
DA:592,27
DA:593,0
DA:594,2
DA:596,51
DA:597,84
DA:598,44
DA:599,43
DA:600,43
DA:601,44
DA:604,0
DA:605,0
DA:606,0
DA:607,0
DA:608,0
DA:609,0
DA:610,0
DA:611,0
DA:612,0
DA:613,0
DA:614,0
DA:615,0
DA:616,0
DA:617,0
DA:621,1
DA:622,16
DA:623,8
DA:624,3
DA:625,29
DA:626,37
DA:627,2
DA:629,38
DA:630,55
DA:631,2
DA:633,48
DA:634,12
DA:635,15
DA:636,48
DA:637,1
DA:640,1
DA:641,16
DA:642,9
DA:643,12
DA:644,10
DA:645,3
DA:646,25
DA:647,80
DA:648,1
DA:649,4
DA:650,43
DA:651,54
DA:652,57
DA:655,1
DA:656,8
DA:657,11
DA:658,12
DA:659,3
DA:660,60
DA:661,90
DA:662,2
DA:664,35
DA:665,25
DA:666,30
DA:667,4
DA:668,82
DA:671,0
DA:672,0
DA:673,0
DA:674,0
DA:675,0
DA:676,0
DA:677,0
DA:681,0
DA:682,0
DA:683,0
DA:684,0
DA:685,0
DA:686,0
DA:687,0
DA:691,17
DA:692,15
DA:693,12
DA:694,0
DA:695,0
DA:698,11
DA:699,28
DA:700,28
DA:701,12
LF:525
LH:367
end_of_record
TN:
SF:lib/runtime-core/topology-detection.ts
FNF:11
FNH:11
DA:17,61
DA:42,6
DA:43,11
DA:44,9
DA:45,3
DA:46,31
DA:47,21
DA:49,53
DA:50,49
DA:53,40
DA:54,62
DA:55,30
DA:57,67
DA:58,41
DA:59,53
DA:60,41
DA:61,6
DA:62,61
DA:63,2
DA:64,2
DA:67,57
DA:68,53
DA:69,55
DA:70,51
DA:72,54
DA:73,54
DA:74,64
DA:75,54
DA:76,80
DA:77,2
DA:78,2
DA:80,52
DA:81,40
DA:82,9
DA:83,53
DA:84,18
DA:85,13
DA:87,70
DA:92,14
DA:93,20
DA:94,47
DA:95,43
DA:97,25
DA:98,0
DA:99,0
DA:100,0
DA:101,0
DA:102,0
DA:103,0
DA:104,0
DA:105,2
DA:108,67
DA:109,19
DA:110,37
DA:111,96
DA:112,5
DA:113,2
DA:116,43
DA:117,39
DA:118,65
DA:119,39
DA:120,41
DA:121,21
DA:122,37
DA:123,87
DA:124,9
DA:125,5
DA:126,2
DA:127,2
DA:130,43
DA:131,39
DA:132,45
DA:133,41
DA:135,50
DA:136,50
DA:137,19
DA:138,31
DA:139,86
DA:140,5
DA:141,2
DA:143,13
DA:146,11
DA:147,87
DA:150,11
DA:151,71
DA:152,6
DA:153,19
DA:173,19
DA:174,47
DA:177,32
DA:180,49
DA:181,50
DA:184,32
DA:185,62
DA:187,59
DA:207,6
DA:208,10
DA:209,19
DA:210,3
DA:211,47
DA:212,47
DA:214,28
DA:215,17
DA:216,11
DA:217,30
DA:218,27
DA:219,1
DA:220,2
DA:223,45
DA:224,62
DA:227,55
DA:228,59
DA:230,15
DA:231,9
DA:232,25
DA:233,22
DA:234,2
DA:243,6
DA:244,16
DA:245,19
DA:246,3
DA:247,37
DA:249,53
DA:256,7
DA:257,29
DA:260,7
DA:261,16
DA:264,7
DA:265,31
DA:266,31
DA:267,50
LF:131
LH:124
end_of_record
TN:
SF:lib/runtime-core/transition-resolver.ts
FNF:30
FNH:25
DA:9,54
DA:10,61
DA:57,6
DA:58,12
DA:59,11
DA:60,9
DA:61,14
DA:62,3
DA:63,25
DA:64,62
DA:65,74
DA:66,86
DA:67,66
DA:68,37
DA:69,9
DA:70,12
DA:71,7
DA:72,24
DA:73,28
DA:74,6
DA:76,67
DA:77,47
DA:78,32
DA:79,36
DA:80,33
DA:81,39
DA:82,4
DA:83,15
DA:84,4
DA:86,12
DA:87,34
DA:88,38
DA:89,42
DA:90,18
DA:91,13
DA:92,1
DA:95,1
DA:96,12
DA:97,11
DA:98,9
DA:99,3
DA:100,25
DA:101,23
DA:102,80
DA:103,76
DA:105,22
DA:106,27
DA:107,25
DA:109,52
DA:110,74
DA:111,66
DA:112,49
DA:113,43
DA:114,72
DA:115,2
DA:117,97
DA:118,91
DA:120,63
DA:121,44
DA:122,23
DA:123,23
DA:125,46
DA:126,61
DA:127,41
DA:128,26
DA:129,34
DA:130,4
DA:131,6
DA:133,18
DA:134,0
DA:135,0
DA:136,4
DA:138,58
DA:139,132
DA:140,2
DA:142,37
DA:143,101
DA:144,4
DA:145,0
DA:147,4
DA:152,65
DA:153,61
DA:154,24
DA:155,66
DA:156,66
DA:157,29
DA:158,4
DA:159,29
DA:162,1
DA:163,9
DA:164,12
DA:165,7
DA:166,7
DA:167,14
DA:168,3
DA:169,38
DA:170,34
DA:171,89
DA:172,58
DA:174,22
DA:175,14
DA:176,12
DA:177,74
DA:178,29
DA:179,14
DA:180,88
DA:181,12
DA:182,22
DA:183,9
DA:184,3
DA:185,24
DA:186,74
DA:187,6
DA:188,72
DA:189,13
DA:190,4
DA:195,71
DA:196,39
DA:197,15
DA:198,2
DA:200,35
DA:201,31
DA:203,24
DA:204,67
DA:205,57
DA:206,15
DA:207,2
DA:209,80
DA:210,57
DA:212,43
DA:213,11
DA:214,63
DA:215,59
DA:216,63
DA:217,39
DA:218,15
DA:219,0
DA:220,0
DA:222,2
DA:224,46
DA:225,61
DA:226,57
DA:227,77
DA:228,26
DA:229,39
DA:230,15
DA:231,4
DA:232,43
DA:233,2
DA:235,48
DA:236,90
DA:237,15
DA:240,1
DA:241,10
DA:242,11
DA:243,3
DA:244,20
DA:245,56
DA:246,36
DA:247,2
DA:248,69
DA:249,0
DA:250,2
DA:251,60
DA:252,0
DA:253,2
DA:254,15
DA:257,24
DA:258,48
DA:259,44
DA:261,22
DA:262,14
DA:263,15
DA:264,30
DA:265,30
DA:266,29
DA:267,24
DA:268,28
DA:269,27
DA:270,38
DA:271,29
DA:272,1
DA:273,2
DA:275,58
DA:276,86
DA:277,82
DA:278,69
DA:279,95
DA:280,83
DA:282,22
DA:283,29
DA:284,30
DA:285,29
DA:286,24
DA:287,28
DA:288,23
DA:289,4
DA:291,21
DA:292,66
DA:293,66
DA:294,69
DA:296,39
DA:297,4
DA:298,30
DA:299,30
DA:300,29
DA:301,26
DA:302,26
DA:303,5
DA:304,38
DA:305,10
DA:306,30
DA:307,31
DA:308,30
DA:309,22
DA:310,5
DA:311,41
DA:312,3
DA:314,12
DA:315,10
DA:316,25
DA:317,25
DA:318,24
DA:319,19
DA:320,23
DA:321,22
DA:322,24
DA:323,9
DA:324,1
DA:327,14
DA:328,96
DA:329,18
DA:330,111
DA:331,75
DA:332,17
DA:333,2
DA:334,2
DA:335,20
DA:338,10
DA:339,42
DA:340,46
DA:341,18
DA:342,61
DA:343,37
DA:344,2
DA:345,20
DA:348,1
DA:349,3
DA:350,3
DA:351,3
DA:352,47
DA:353,47
DA:354,47
DA:355,47
DA:356,101
DA:359,1
DA:360,3
DA:361,3
DA:362,6
DA:363,4
DA:364,3
DA:365,25
DA:366,45
DA:367,45
DA:368,41
DA:369,41
DA:370,1
DA:371,4
DA:372,52
DA:373,38
DA:376,11
DA:377,89
DA:378,34
DA:381,1
DA:382,6
DA:383,11
DA:384,9
DA:385,3
DA:386,18
DA:387,20
DA:388,48
DA:389,34
DA:390,16
DA:393,1
DA:394,9
DA:395,12
DA:396,14
DA:397,7
DA:398,11
DA:399,9
DA:400,3
DA:401,39
DA:402,35
DA:403,2
DA:405,28
DA:406,64
DA:407,2
DA:409,41
DA:410,8
DA:411,2
DA:413,48
DA:414,26
DA:415,0
DA:416,2
DA:417,31
DA:418,8
DA:419,2
DA:420,36
DA:421,39
DA:422,28
DA:425,1
DA:426,10
DA:427,7
DA:431,10
DA:432,3
DA:433,52
DA:434,18
DA:435,0
DA:436,0
DA:437,0
DA:439,0
DA:440,0
DA:441,0
DA:442,0
DA:443,0
DA:445,0
DA:446,0
DA:447,0
DA:448,0
DA:449,0
DA:451,5
DA:452,26
DA:454,16
DA:458,0
DA:459,0
DA:460,0
DA:461,0
DA:462,0
DA:466,11
DA:467,20
DA:468,28
DA:469,12
LF:342
LH:316
end_of_record
TN:
SF:lib/runtime-dom/driver.ts
FNF:9
FNH:4
DA:2,193
DA:17,63
DA:19,41
DA:21,38
DA:22,12
DA:23,11
DA:24,15
DA:25,15
DA:26,8
DA:27,3
DA:84,0
DA:85,0
DA:86,0
DA:87,0
DA:88,0
DA:89,0
DA:90,0
DA:91,1
DA:94,0
DA:95,0
DA:96,0
DA:97,0
DA:98,0
DA:99,0
DA:100,0
DA:101,0
DA:102,0
DA:103,0
DA:104,0
DA:105,0
DA:106,0
DA:107,0
DA:108,0
DA:109,0
DA:110,0
DA:111,0
DA:112,0
DA:113,0
DA:114,0
DA:115,0
DA:116,0
DA:117,0
DA:118,0
DA:119,0
DA:120,0
DA:121,0
DA:122,0
DA:123,0
DA:124,0
DA:125,0
DA:126,0
DA:127,0
DA:128,0
DA:129,0
DA:130,0
DA:131,0
DA:132,0
DA:133,0
DA:134,0
DA:135,0
DA:136,0
DA:137,0
DA:138,0
DA:139,0
DA:140,0
DA:141,0
DA:142,0
DA:143,0
DA:144,0
DA:145,0
DA:146,0
DA:147,0
DA:148,0
DA:149,0
DA:150,0
DA:151,0
DA:152,0
DA:153,0
DA:154,0
DA:155,0
DA:156,0
DA:157,0
DA:158,0
DA:159,0
DA:160,0
DA:161,0
DA:162,0
DA:163,0
DA:164,0
DA:165,0
DA:166,0
DA:167,0
DA:168,0
DA:169,0
DA:170,0
DA:171,0
DA:172,0
DA:173,0
DA:174,0
DA:175,0
DA:176,0
DA:177,0
DA:178,0
DA:179,0
DA:180,0
DA:181,0
DA:182,0
DA:183,0
DA:184,0
DA:185,0
DA:186,0
DA:187,0
DA:188,0
DA:189,0
DA:190,0
DA:191,0
DA:192,0
DA:193,0
DA:194,0
DA:195,0
DA:196,0
DA:197,0
DA:198,0
DA:199,0
DA:200,0
DA:201,0
DA:202,0
DA:203,0
DA:204,0
DA:205,0
DA:206,0
DA:207,0
DA:208,0
DA:209,0
DA:210,0
DA:211,0
DA:212,0
DA:213,0
DA:214,0
DA:215,0
DA:216,0
DA:217,0
DA:218,0
DA:219,0
DA:220,0
DA:221,0
DA:222,0
DA:223,0
DA:224,0
DA:225,0
DA:226,0
DA:227,0
DA:228,0
DA:229,0
DA:230,0
DA:231,0
DA:232,0
DA:233,0
DA:234,0
DA:235,0
DA:236,0
DA:237,0
DA:238,0
DA:239,0
DA:240,0
DA:241,0
DA:242,0
DA:243,0
DA:244,0
DA:245,0
DA:246,0
DA:247,0
DA:248,0
DA:249,0
DA:250,0
DA:251,0
DA:252,0
DA:253,0
DA:254,0
DA:255,0
DA:256,0
DA:257,0
DA:258,0
DA:259,0
DA:260,0
DA:261,0
DA:262,0
DA:263,0
DA:264,0
DA:265,0
DA:266,0
DA:267,0
DA:268,0
DA:269,0
DA:270,0
DA:271,0
DA:272,0
DA:273,0
DA:274,0
DA:275,0
DA:276,0
DA:277,0
DA:278,0
DA:279,0
DA:280,0
DA:281,0
DA:282,0
DA:283,0
DA:284,0
DA:285,0
DA:286,0
DA:287,0
DA:288,0
DA:289,0
DA:290,0
DA:291,0
DA:292,0
DA:293,0
DA:294,0
DA:295,0
DA:296,0
DA:297,0
DA:298,0
DA:299,0
DA:300,0
DA:301,0
DA:302,0
DA:303,0
DA:304,0
DA:305,0
DA:306,0
DA:307,0
DA:308,0
DA:309,0
DA:310,0
DA:311,0
DA:312,0
DA:313,0
DA:314,0
DA:315,0
DA:316,0
DA:317,0
DA:318,0
DA:319,0
DA:320,0
DA:321,0
DA:322,0
DA:323,0
DA:324,0
DA:325,0
DA:326,0
DA:327,0
DA:328,0
DA:329,0
DA:330,0
DA:331,0
DA:332,0
DA:333,0
DA:334,0
DA:335,0
DA:336,0
DA:337,0
DA:338,0
DA:339,0
DA:340,0
DA:341,0
DA:342,0
DA:343,0
DA:344,0
DA:345,0
DA:346,0
DA:347,0
DA:348,0
DA:349,0
DA:350,0
DA:351,0
DA:352,0
DA:353,0
DA:354,0
DA:355,0
DA:356,0
DA:357,0
DA:358,0
DA:359,0
DA:360,0
DA:361,0
DA:362,0
DA:363,0
DA:364,0
DA:365,0
DA:366,0
DA:367,0
DA:368,0
DA:369,0
DA:370,0
DA:371,0
DA:372,0
DA:373,0
DA:374,0
DA:375,0
DA:376,0
DA:377,0
DA:378,0
DA:379,0
DA:380,0
DA:381,0
DA:382,0
DA:383,0
DA:384,0
DA:385,0
DA:386,0
DA:387,0
DA:388,0
DA:389,0
DA:390,0
DA:391,0
DA:392,0
DA:393,0
DA:394,0
DA:395,0
DA:396,0
DA:397,0
DA:398,0
DA:399,0
DA:400,0
DA:401,0
DA:402,0
DA:403,0
DA:404,0
DA:405,0
DA:406,0
DA:407,0
DA:408,0
DA:409,0
DA:410,0
DA:411,0
DA:412,0
DA:413,0
DA:414,0
DA:415,1
DA:418,6
DA:419,10
DA:420,3
DA:421,22
DA:423,50
DA:424,31
DA:425,47
DA:426,41
DA:428,41
DA:429,37
DA:430,47
DA:431,11
DA:432,4
DA:434,26
DA:435,24
DA:437,42
DA:438,54
DA:439,11
DA:440,6
DA:441,33
DA:442,0
DA:443,6
DA:444,54
DA:445,75
DA:446,4
DA:448,53
DA:449,31
DA:450,0
DA:451,4
DA:453,21
DA:454,20
DA:455,17
DA:456,15
DA:457,73
DA:458,49
DA:459,10
DA:460,5
DA:461,2
DA:463,26
DA:464,0
DA:465,2
DA:467,99
DA:468,12
DA:469,15
DA:470,10
DA:471,1
DA:474,0
DA:475,0
DA:476,0
DA:477,0
DA:478,0
DA:479,0
DA:480,0
DA:481,0
DA:482,0
DA:483,0
DA:484,0
DA:485,0
DA:486,0
DA:487,0
DA:488,0
DA:489,0
DA:490,0
DA:491,0
DA:492,0
DA:493,0
DA:494,0
DA:495,0
DA:496,0
DA:497,0
DA:498,0
DA:499,0
DA:500,0
DA:501,0
DA:502,0
DA:503,0
DA:504,0
DA:505,0
DA:506,0
DA:507,0
DA:508,0
DA:509,1
DA:512,6
DA:513,6
DA:514,11
DA:515,3
DA:516,20
DA:518,41
DA:519,55
DA:520,70
DA:521,20
DA:522,68
DA:523,82
DA:525,78
DA:526,49
DA:527,26
DA:528,0
DA:529,0
DA:530,6
DA:532,24
DA:533,54
DA:534,2
DA:535,2
DA:537,13
DA:540,11
DA:541,20
DA:542,20
DA:543,12
DA:546,0
DA:547,0
DA:548,0
DA:549,0
DA:553,0
DA:554,0
DA:555,0
DA:556,0
DA:557,0
DA:558,0
DA:559,0
DA:560,0
DA:561,0
DA:562,0
DA:563,0
DA:564,0
DA:565,0
DA:566,0
DA:567,0
DA:568,0
DA:569,0
DA:570,0
DA:571,0
DA:572,0
LF:472
LH:80
end_of_record
TN:
SF:lib/runtime-dom/index.ts
FNF:1
FNH:1
DA:1,25
DA:2,26
LF:2
LH:2
end_of_record
TN:
SF:lib/runtime-dom/renderer.ts
FNF:52
FNH:44
DA:8,0
DA:9,0
DA:10,0
DA:11,0
DA:12,0
DA:13,0
DA:14,0
DA:15,0
DA:16,0
DA:17,0
DA:18,0
DA:19,0
DA:20,0
DA:21,0
DA:22,0
DA:23,0
DA:24,0
DA:25,0
DA:26,0
DA:27,0
DA:28,0
DA:29,0
DA:30,0
DA:31,0
DA:32,0
DA:33,0
DA:34,0
DA:35,0
DA:36,0
DA:37,0
DA:38,0
DA:39,0
DA:40,0
DA:41,0
DA:42,0
DA:43,0
DA:44,0
DA:45,0
DA:46,0
DA:47,0
DA:48,0
DA:49,0
DA:50,0
DA:51,0
DA:52,0
DA:53,0
DA:54,0
DA:55,0
DA:56,0
DA:57,0
DA:58,0
DA:59,0
DA:60,0
DA:61,0
DA:62,0
DA:63,0
DA:64,0
DA:65,0
DA:66,0
DA:67,0
DA:68,0
DA:69,0
DA:70,0
DA:71,0
DA:72,0
DA:73,0
DA:74,0
DA:75,0
DA:76,0
DA:77,0
DA:78,0
DA:79,0
DA:80,0
DA:81,0
DA:82,0
DA:83,0
DA:84,0
DA:85,0
DA:86,0
DA:87,0
DA:88,0
DA:89,0
DA:90,0
DA:91,0
DA:92,0
DA:93,0
DA:94,0
DA:95,0
DA:96,0
DA:97,0
DA:98,0
DA:99,0
DA:100,0
DA:101,0
DA:102,0
DA:103,0
DA:104,0
DA:105,0
DA:106,0
DA:107,0
DA:108,0
DA:109,0
DA:110,0
DA:111,0
DA:112,0
DA:113,0
DA:114,0
DA:115,0
DA:116,0
DA:117,0
DA:118,0
DA:119,0
DA:120,0
DA:121,0
DA:122,0
DA:123,0
DA:124,0
DA:125,0
DA:126,0
DA:127,0
DA:128,0
DA:129,0
DA:130,0
DA:131,0
DA:132,0
DA:133,0
DA:134,0
DA:135,0
DA:136,0
DA:137,0
DA:138,0
DA:139,0
DA:140,0
DA:141,0
DA:142,0
DA:143,0
DA:144,0
DA:145,0
DA:146,0
DA:147,0
DA:148,0
DA:149,0
DA:150,0
DA:151,0
DA:152,0
DA:153,0
DA:154,0
DA:155,0
DA:156,0
DA:157,0
DA:158,0
DA:159,0
DA:160,0
DA:161,0
DA:162,0
DA:163,0
DA:164,0
DA:165,0
DA:166,0
DA:167,0
DA:168,0
DA:169,0
DA:170,0
DA:171,0
DA:172,0
DA:173,0
DA:174,0
DA:175,0
DA:176,0
DA:177,0
DA:178,0
DA:179,0
DA:180,0
DA:181,0
DA:182,0
DA:183,0
DA:184,0
DA:185,0
DA:186,0
DA:187,0
DA:188,0
DA:189,0
DA:190,0
DA:191,0
DA:192,0
DA:193,0
DA:194,0
DA:195,0
DA:196,0
DA:197,0
DA:198,0
DA:199,0
DA:200,0
DA:201,0
DA:202,0
DA:203,0
DA:204,0
DA:205,0
DA:206,0
DA:207,0
DA:208,0
DA:209,0
DA:210,0
DA:211,0
DA:212,0
DA:213,0
DA:214,0
DA:215,0
DA:216,0
DA:217,0
DA:218,0
DA:219,0
DA:220,0
DA:221,0
DA:222,0
DA:223,0
DA:224,0
DA:225,0
DA:226,0
DA:227,0
DA:228,0
DA:229,0
DA:230,0
DA:231,0
DA:232,0
DA:233,0
DA:234,0
DA:235,0
DA:236,0
DA:237,0
DA:238,0
DA:239,0
DA:240,0
DA:241,0
DA:242,0
DA:243,0
DA:244,0
DA:245,0
DA:246,0
DA:247,0
DA:248,0
DA:249,0
DA:250,0
DA:251,0
DA:252,0
DA:253,0
DA:254,0
DA:255,0
DA:256,0
DA:257,0
DA:258,0
DA:259,0
DA:260,0
DA:261,0
DA:262,0
DA:263,0
DA:264,0
DA:265,0
DA:266,0
DA:267,0
DA:268,0
DA:269,0
DA:270,0
DA:271,0
DA:272,0
DA:273,0
DA:274,0
DA:275,0
DA:276,0
DA:277,0
DA:278,0
DA:279,0
DA:280,0
DA:281,0
DA:282,0
DA:283,0
DA:284,0
DA:285,0
DA:286,0
DA:287,0
DA:288,0
DA:289,0
DA:290,0
DA:291,0
DA:292,0
DA:293,0
DA:294,0
DA:295,0
DA:296,0
DA:297,0
DA:298,0
DA:299,0
DA:300,0
DA:301,0
DA:302,0
DA:303,0
DA:304,0
DA:305,0
DA:306,0
DA:307,0
DA:308,0
DA:309,0
DA:310,0
DA:311,0
DA:312,0
DA:313,0
DA:314,0
DA:315,0
DA:316,0
DA:317,0
DA:318,0
DA:319,0
DA:320,0
DA:321,0
DA:322,0
DA:323,0
DA:324,0
DA:325,0
DA:326,0
DA:327,0
DA:328,0
DA:329,0
DA:330,0
DA:331,0
DA:332,0
DA:333,0
DA:334,0
DA:335,0
DA:336,0
DA:337,0
DA:338,0
DA:339,0
DA:340,0
DA:341,0
DA:342,0
DA:343,0
DA:344,0
DA:345,0
DA:346,0
DA:347,0
DA:348,0
DA:349,0
DA:350,0
DA:351,0
DA:352,0
DA:353,0
DA:354,0
DA:355,0
DA:356,0
DA:357,0
DA:358,0
DA:359,0
DA:360,0
DA:361,0
DA:362,0
DA:363,0
DA:364,0
DA:365,0
DA:366,0
DA:367,0
DA:368,0
DA:369,0
DA:370,0
DA:371,0
DA:372,0
DA:373,0
DA:374,0
DA:375,0
DA:376,0
DA:377,0
DA:378,0
DA:379,0
DA:380,0
DA:381,0
DA:382,0
DA:383,0
DA:384,0
DA:385,0
DA:386,0
DA:387,0
DA:388,0
DA:389,0
DA:390,0
DA:391,0
DA:392,0
DA:393,0
DA:394,0
DA:395,0
DA:396,0
DA:397,0
DA:398,0
DA:399,0
DA:400,0
DA:401,0
DA:402,0
DA:403,0
DA:404,0
DA:405,0
DA:406,0
DA:407,0
DA:408,0
DA:409,0
DA:410,0
DA:411,0
DA:412,0
DA:413,0
DA:414,0
DA:415,0
DA:416,0
DA:417,0
DA:418,0
DA:419,0
DA:420,0
DA:421,0
DA:422,0
DA:423,0
DA:424,0
DA:425,0
DA:426,0
DA:427,0
DA:428,0
DA:429,0
DA:430,0
DA:431,0
DA:432,0
DA:433,0
DA:434,0
DA:435,0
DA:436,0
DA:437,0
DA:438,0
DA:439,0
DA:440,0
DA:441,0
DA:442,0
DA:443,0
DA:444,0
DA:445,0
DA:446,0
DA:447,0
DA:448,0
DA:449,0
DA:450,0
DA:451,0
DA:452,0
DA:453,0
DA:454,0
DA:455,0
DA:456,0
DA:457,0
DA:458,0
DA:459,0
DA:460,0
DA:461,0
DA:462,0
DA:463,0
DA:464,0
DA:465,0
DA:466,0
DA:467,0
DA:468,0
DA:469,0
DA:470,0
DA:471,0
DA:472,0
DA:473,0
DA:474,0
DA:475,0
DA:476,0
DA:477,0
DA:478,0
DA:479,0
DA:480,0
DA:481,0
DA:482,0
DA:483,0
DA:484,0
DA:485,0
DA:486,0
DA:487,0
DA:488,0
DA:489,0
DA:490,0
DA:491,0
DA:492,0
DA:493,0
DA:494,0
DA:495,0
DA:496,0
DA:497,0
DA:498,0
DA:499,0
DA:500,0
DA:501,0
DA:502,0
DA:503,0
DA:504,0
DA:505,0
DA:506,0
DA:507,0
DA:508,0
DA:509,0
DA:510,0
DA:511,0
DA:512,0
DA:513,0
DA:514,0
DA:515,0
DA:516,0
DA:517,0
DA:518,0
DA:519,0
DA:520,0
DA:521,0
DA:522,0
DA:523,0
DA:524,0
DA:525,0
DA:526,0
DA:527,0
DA:528,0
DA:529,0
DA:530,0
DA:531,0
DA:532,0
DA:533,0
DA:534,0
DA:535,0
DA:536,0
DA:537,0
DA:538,0
DA:539,0
DA:540,0
DA:541,0
DA:542,0
DA:543,0
DA:544,0
DA:545,0
DA:546,0
DA:547,0
DA:548,0
DA:549,0
DA:550,0
DA:551,0
DA:552,0
DA:553,0
DA:554,0
DA:555,0
DA:556,0
DA:557,0
DA:558,0
DA:559,0
DA:560,0
DA:561,0
DA:562,0
DA:563,0
DA:564,0
DA:565,0
DA:566,0
DA:567,0
DA:568,0
DA:569,0
DA:570,0
DA:571,0
DA:572,0
DA:573,0
DA:574,0
DA:575,0
DA:576,0
DA:577,0
DA:578,0
DA:579,0
DA:580,0
DA:581,0
DA:582,0
DA:583,0
DA:584,0
DA:585,0
DA:586,0
DA:587,0
DA:588,0
DA:589,0
DA:590,0
DA:591,0
DA:592,0
DA:593,0
DA:594,0
DA:595,0
DA:596,0
DA:597,0
DA:598,0
DA:599,0
DA:600,0
DA:601,0
DA:602,0
DA:603,0
DA:604,0
DA:605,0
DA:606,0
DA:607,0
DA:608,0
DA:609,0
DA:610,0
DA:611,0
DA:612,0
DA:613,0
DA:614,0
DA:615,0
DA:616,0
DA:617,0
DA:618,0
DA:619,0
DA:620,0
DA:621,0
DA:622,0
DA:623,0
DA:624,0
DA:625,0
DA:626,0
DA:627,0
DA:628,0
DA:629,0
DA:630,0
DA:631,0
DA:632,0
DA:633,0
DA:634,0
DA:635,0
DA:636,0
DA:637,0
DA:638,0
DA:639,0
DA:640,0
DA:641,0
DA:642,0
DA:643,0
DA:644,0
DA:645,0
DA:646,0
DA:647,0
DA:648,0
DA:649,0
DA:650,0
DA:651,0
DA:652,0
DA:653,0
DA:654,0
DA:655,0
DA:656,0
DA:657,0
DA:658,0
DA:659,0
DA:660,0
DA:661,0
DA:662,0
DA:663,0
DA:664,0
DA:665,0
DA:666,0
DA:667,0
DA:668,0
DA:669,0
DA:670,0
DA:671,0
DA:672,0
DA:673,0
DA:674,0
DA:675,0
DA:676,0
DA:677,0
DA:678,0
DA:679,0
DA:680,0
DA:681,0
DA:682,0
DA:683,0
DA:684,0
DA:685,0
DA:686,0
DA:687,0
DA:688,0
DA:689,0
DA:690,0
DA:691,0
DA:692,0
DA:693,0
DA:694,0
DA:695,0
DA:696,0
DA:697,0
DA:698,0
DA:699,0
DA:700,0
DA:701,0
DA:702,0
DA:703,0
DA:704,0
DA:705,0
DA:706,0
DA:707,0
DA:708,0
DA:709,0
DA:710,0
DA:711,0
DA:712,0
DA:713,0
DA:714,0
DA:715,0
DA:716,0
DA:717,0
DA:718,0
DA:719,0
DA:720,0
DA:721,0
DA:722,0
DA:723,0
DA:724,0
DA:725,0
DA:726,0
DA:727,0
DA:728,0
DA:729,0
DA:730,0
DA:731,0
DA:732,0
DA:733,0
DA:734,0
DA:735,0
DA:736,0
DA:737,0
DA:738,0
DA:739,0
DA:740,0
DA:741,0
DA:742,0
DA:743,0
DA:744,0
DA:745,0
DA:746,0
DA:747,0
DA:748,0
DA:749,0
DA:750,0
DA:751,0
DA:752,0
DA:753,0
DA:754,0
DA:755,0
DA:756,0
DA:757,0
DA:758,0
DA:759,0
DA:760,0
DA:761,0
DA:762,0
DA:763,0
DA:764,0
DA:765,0
DA:766,0
DA:767,0
DA:768,0
DA:769,0
DA:770,0
DA:771,0
DA:772,0
DA:773,0
DA:774,0
DA:775,0
DA:776,0
DA:777,0
DA:778,0
DA:779,0
DA:780,0
DA:781,0
DA:782,0
DA:783,0
DA:784,0
DA:785,0
DA:786,0
DA:787,0
DA:788,0
DA:789,0
DA:790,0
DA:791,0
DA:792,0
DA:793,18
DA:796,29
DA:797,20
DA:798,14
DA:799,6
DA:800,61
DA:801,132
DA:802,122
DA:803,100
DA:804,70
DA:805,68
DA:806,9
DA:807,62
DA:808,4
DA:811,53
DA:812,80
DA:813,64
DA:814,64
DA:815,142
DA:817,169
DA:820,42
DA:821,86
DA:822,104
DA:826,152
DA:827,66
DA:828,33
DA:829,5
DA:830,130
DA:831,96
DA:832,105
DA:835,37
DA:836,50
DA:837,50
DA:838,27
DA:841,53
DA:842,67
DA:843,63
DA:844,3
DA:845,33
DA:848,0
DA:849,0
DA:850,0
DA:851,0
DA:852,69
LF:829
LH:40
end_of_record
TN:
SF:lib/runtime-dom/snapshot-renderer.tsx
FNF:11
FNH:8
DA:1,42
DA:18,43
DA:19,3
DA:20,48
DA:21,5
DA:22,3
DA:23,24
DA:24,41
DA:25,52
DA:27,7
DA:28,66
DA:29,13
DA:30,8
DA:31,39
DA:32,40
DA:33,40
DA:35,111
DA:36,119
DA:37,150
DA:38,30
DA:39,57
DA:40,11
DA:41,21
DA:42,73
DA:43,41
DA:44,79
DA:45,45
DA:46,41
DA:47,15
DA:48,24
DA:50,16
DA:51,25
DA:53,35
DA:54,37
DA:55,33
DA:56,10
DA:57,82
DA:59,73
DA:60,78
DA:61,18
DA:62,40
DA:63,2
DA:64,19
DA:67,10
DA:68,13
DA:69,18
DA:70,15
DA:73,2
DA:75,1
DA:76,8
DA:77,8
DA:78,3
DA:79,18
DA:81,32
DA:82,48
DA:83,10
DA:84,57
DA:85,41
DA:86,52
DA:87,57
DA:89,37
DA:90,57
DA:91,55
DA:92,42
DA:93,32
DA:94,36
DA:96,10
DA:97,19
DA:98,6
DA:99,4
DA:101,41
DA:102,0
DA:103,0
DA:104,0
DA:105,0
DA:106,0
DA:107,0
DA:108,0
DA:110,0
DA:111,0
DA:112,0
DA:113,0
DA:114,0
DA:117,0
DA:118,0
DA:119,0
DA:120,4
DA:122,43
DA:123,0
DA:124,0
DA:125,0
DA:126,0
DA:127,0
DA:129,0
DA:130,0
DA:131,0
DA:132,0
DA:133,0
DA:136,0
DA:137,0
DA:138,0
DA:139,4
DA:141,43
DA:142,0
DA:143,0
DA:144,0
DA:145,0
DA:146,0
DA:147,0
DA:148,0
DA:150,0
DA:151,0
DA:152,0
DA:153,0
DA:154,0
DA:157,0
DA:158,0
DA:159,0
DA:160,4
DA:162,26
DA:163,61
DA:164,2
DA:165,2
DA:167,11
DA:170,1
DA:171,8
DA:172,7
DA:173,10
DA:174,3
DA:175,7
DA:176,132
DA:177,160
DA:178,13
DA:182,1
DA:183,7
DA:184,8
DA:185,10
DA:186,6
DA:187,3
DA:188,29
DA:189,13
DA:190,18
DA:191,21
DA:192,26
DA:193,14
DA:194,23
DA:195,25
DA:196,23
DA:197,54
DA:201,1
DA:202,8
DA:203,10
DA:204,6
DA:205,3
DA:206,38
DA:209,22
DA:210,35
LF:157
LH:114
end_of_record
TN:
SF:lib/runtime-react/ConivaIcon.tsx
FNF:18
FNH:7
DA:1,13
DA:4,115
DA:14,50
DA:15,84
DA:96,35
DA:97,4
DA:99,7
DA:100,10
DA:101,8
DA:102,17
DA:103,16
DA:104,8
DA:105,26
DA:106,7
DA:107,8
DA:108,12
DA:109,8
DA:110,13
DA:111,11
DA:112,15
DA:113,13
DA:114,13
DA:115,11
DA:116,20
DA:117,23
DA:118,19
DA:119,10
DA:121,5
DA:122,3
DA:123,30
DA:124,33
DA:128,36
DA:131,39
DA:132,36
DA:135,33
DA:136,22
DA:137,25
DA:138,21
DA:139,9
DA:140,5
DA:141,28
DA:142,22
DA:143,25
DA:144,21
DA:145,9
DA:146,4
DA:148,56
DA:149,61
DA:150,52
DA:151,51
DA:152,48
DA:154,0
DA:155,2
DA:156,19
DA:159,20
DA:160,4
DA:161,0
DA:162,0
DA:163,0
DA:164,0
DA:165,0
DA:166,0
DA:167,0
DA:168,0
DA:169,0
DA:170,0
DA:171,0
DA:172,0
DA:173,0
DA:174,0
DA:175,0
DA:176,0
DA:177,0
DA:178,0
DA:179,0
DA:180,2
DA:181,15
DA:182,4
DA:185,0
DA:186,0
DA:187,0
DA:188,0
DA:189,0
DA:190,0
DA:191,0
DA:192,0
DA:193,0
DA:194,0
DA:195,0
DA:196,0
DA:197,0
DA:198,0
DA:199,0
DA:200,0
DA:201,0
DA:202,0
DA:203,0
DA:204,0
DA:205,0
DA:206,0
DA:207,0
DA:208,0
DA:209,0
DA:210,0
DA:211,0
DA:212,0
DA:213,0
DA:214,0
DA:215,0
DA:216,0
DA:217,0
DA:218,0
DA:219,0
DA:220,0
DA:221,0
DA:222,0
DA:223,0
DA:224,2
DA:230,44
DA:233,29
DA:234,0
DA:235,0
DA:236,0
DA:237,2
DA:239,2
DA:240,4
DA:242,0
DA:243,2
DA:244,19
DA:246,48
DA:247,11
DA:248,12
DA:249,18
DA:250,4
DA:253,0
DA:254,0
DA:255,0
DA:256,0
DA:257,0
DA:258,0
DA:259,0
DA:260,0
DA:261,0
DA:262,0
DA:263,0
DA:264,0
DA:265,0
DA:266,0
DA:267,0
DA:268,0
DA:269,0
DA:270,0
DA:271,0
DA:272,0
DA:273,0
DA:274,0
DA:275,0
DA:276,0
DA:277,2
DA:282,5
DA:283,12
DA:284,23
DA:285,9
DA:286,17
DA:287,18
DA:288,20
DA:289,5
DA:292,0
DA:293,0
DA:294,0
DA:295,2
DA:296,21
DA:299,47
DA:300,111
DA:301,105
DA:303,0
DA:304,0
DA:305,0
DA:306,0
DA:307,0
DA:308,0
DA:309,0
DA:310,0
DA:311,2
DA:312,22
DA:314,0
DA:315,0
DA:316,0
DA:317,0
DA:318,0
DA:319,0
DA:320,0
DA:321,0
DA:322,0
DA:323,2
DA:324,22
DA:326,0
DA:327,0
DA:328,0
DA:329,0
DA:330,0
DA:331,0
DA:332,0
DA:333,0
DA:334,0
DA:335,0
DA:336,0
DA:337,2
DA:338,22
DA:340,0
DA:341,0
DA:342,0
DA:343,0
DA:344,0
DA:345,0
DA:346,0
DA:347,0
DA:348,0
DA:349,0
DA:350,0
DA:351,0
DA:352,0
DA:353,2
DA:354,22
DA:356,110
DA:361,65
DA:362,15
DA:363,42
DA:364,44
DA:365,2
DA:367,25
DA:368,38
DA:369,27
DA:371,7
DA:372,64
DA:373,14
DA:374,17
DA:375,12
DA:376,12
DA:377,26
DA:378,27
DA:379,25
DA:380,17
DA:381,9
DA:382,13
DA:383,7
DA:384,41
DA:385,41
DA:386,39
DA:387,32
DA:388,3
DA:389,13
DA:391,66
DA:392,18
DA:393,42
DA:394,41
DA:395,26
DA:396,27
DA:397,19
DA:398,25
DA:399,25
DA:400,37
DA:401,16
DA:403,21
DA:404,55
DA:405,10
DA:406,34
DA:407,24
DA:408,39
DA:409,53
DA:410,57
DA:411,45
DA:412,45
DA:413,49
DA:414,43
DA:415,45
DA:416,45
DA:418,8
DA:419,13
DA:420,8
DA:423,2
DA:429,1
DA:430,7
DA:431,3
DA:432,28
DA:433,16
DA:435,0
DA:436,0
DA:437,0
DA:438,0
DA:439,0
DA:440,0
DA:441,0
DA:442,0
DA:443,0
DA:444,0
DA:445,0
DA:446,0
DA:447,0
DA:449,0
DA:450,0
DA:451,0
DA:452,0
DA:453,0
DA:456,1
DA:457,6
DA:458,18
DA:459,3
DA:460,48
DA:461,31
DA:462,14
DA:463,0
DA:464,2
DA:466,40
DA:467,15
DA:468,2
DA:470,58
DA:471,17
DA:472,14
DA:473,2
DA:475,15
DA:476,38
DA:477,18
DA:478,37
DA:479,33
DA:480,34
DA:481,39
DA:482,6
DA:483,24
DA:484,19
DA:485,0
DA:486,2
DA:488,15
DA:491,29
DA:492,58
DA:493,21
DA:494,2
DA:496,46
DA:497,27
DA:498,0
DA:500,0
DA:501,0
DA:502,0
DA:503,0
DA:505,0
LF:345
LH:188
end_of_record
TN:
SF:lib/runtime-react/demo-fixture.ts
FNF:1
FNH:1
DA:1,76
DA:2,61
DA:4,55
DA:5,57
DA:6,48
DA:7,51
DA:9,36
DA:10,32
DA:11,15
DA:12,16
DA:13,41
DA:14,19
DA:15,51
DA:16,15
DA:17,23
DA:18,5
DA:19,3
DA:20,2
DA:21,2
DA:23,29
DA:24,72
DA:25,70
DA:26,2
DA:28,28
DA:29,15
DA:30,19
DA:31,20
DA:32,17
DA:33,22
DA:34,20
DA:35,26
DA:36,22
DA:37,9
DA:38,31
DA:39,29
DA:40,19
DA:41,56
DA:42,59
DA:43,56
DA:44,7
DA:45,5
DA:46,3
DA:47,4
DA:48,12
DA:49,16
DA:50,19
DA:51,18
DA:52,24
DA:53,20
DA:54,23
DA:55,19
DA:56,2
DA:57,2
DA:59,24
DA:60,12
DA:61,16
DA:62,18
DA:63,20
DA:64,23
DA:65,4
DA:66,13
DA:67,17
DA:68,23
DA:69,20
DA:70,20
DA:71,2
DA:72,2
DA:74,61
DA:75,16
DA:76,16
DA:77,17
DA:78,3
DA:80,67
LF:73
LH:73
end_of_record
TN:
SF:lib/runtime-react/icon.tsx
FNF:1
FNH:1
DA:1,35
DA:3,73
DA:5,37
DA:13,33
DA:15,10
DA:16,8
DA:17,15
DA:18,13
DA:19,9
DA:20,15
DA:21,16
DA:22,7
DA:23,11
DA:24,11
DA:26,5
DA:27,3
DA:28,29
DA:29,12
DA:30,10
DA:31,17
DA:32,15
DA:33,11
DA:34,17
DA:35,15
DA:36,5
DA:38,7
DA:39,77
DA:40,13
DA:41,8
DA:42,9
DA:43,10
DA:44,31
DA:45,49
DA:46,57
DA:47,58
DA:48,50
DA:49,60
DA:50,1
DA:52,2
LF:39
LH:39
end_of_record
TN:
SF:lib/runtime-react/index.ts
FNF:1
FNH:1
DA:1,29
DA:2,31
DA:3,38
LF:3
LH:3
end_of_record
TN:
SF:lib/runtime-react/use-icon.ts
FNF:10
FNH:4
DA:1,108
DA:10,66
DA:37,9
DA:38,10
DA:39,8
DA:40,15
DA:41,20
DA:42,9
DA:43,15
DA:44,16
DA:45,3
DA:46,44
DA:47,50
DA:49,21
DA:50,6
DA:51,37
DA:52,41
DA:53,3
DA:54,9
DA:55,4
DA:57,22
DA:59,38
DA:60,17
DA:61,19
DA:62,17
DA:63,4
DA:65,0
DA:66,0
DA:67,0
DA:68,0
DA:69,0
DA:70,0
DA:71,0
DA:72,2
DA:73,19
DA:75,0
DA:76,0
DA:77,0
DA:78,0
DA:79,0
DA:80,0
DA:81,0
DA:82,2
DA:83,30
DA:85,0
DA:86,0
DA:87,0
DA:88,0
DA:89,0
DA:90,2
DA:91,33
DA:93,15
DA:94,13
DA:95,66
DA:96,24
DA:97,6
DA:98,74
DA:99,24
DA:100,5
DA:101,0
DA:102,0
DA:103,0
DA:104,0
DA:105,0
DA:106,0
DA:107,0
DA:108,0
DA:109,0
DA:110,4
DA:112,0
DA:113,2
DA:115,1
LF:72
LH:43
end_of_record
TN:
SF:lib/runtime-react/useAnimationProgress.ts
FNF:4
FNH:2
DA:1,13
DA:3,66
DA:34,6
DA:35,11
DA:39,3
DA:41,32
DA:42,16
DA:43,23
DA:44,18
DA:45,5
DA:47,29
DA:48,0
DA:49,0
DA:50,0
DA:51,0
DA:52,0
DA:53,0
DA:54,0
DA:55,0
DA:56,0
DA:57,0
DA:58,2
DA:60,11
DA:61,4
DA:63,0
DA:64,0
DA:65,0
DA:66,0
DA:67,0
DA:68,0
DA:69,0
DA:70,0
DA:71,2
DA:72,15
DA:74,37
DA:75,12
DA:76,16
DA:77,23
DA:78,18
DA:79,3
DA:80,2
DA:81,4
DA:83,70
LF:43
LH:25
end_of_record
TN:
SF:lib/runtime-react/useIconState.ts
FNF:1
FNH:1
DA:1,13
DA:3,33
DA:5,23
DA:6,51
DA:8,12
DA:9,10
DA:10,24
DA:11,1
LF:8
LH:8
end_of_record
TN:
SF:lib/schema/sample-project.ts
FNF:1
FNH:1
DA:2,57
DA:8,32
DA:9,17
DA:10,11
DA:11,27
DA:12,38
DA:13,35
DA:14,4
DA:15,12
DA:16,23
DA:17,25
DA:18,28
DA:19,29
DA:20,42
DA:21,19
DA:22,16
DA:23,20
DA:24,21
DA:25,19
DA:26,34
DA:27,37
DA:28,34
DA:29,21
DA:30,24
DA:31,28
DA:32,25
DA:33,32
DA:34,34
DA:35,36
DA:36,32
DA:37,27
DA:38,94
DA:39,20
DA:40,28
DA:41,62
DA:42,32
DA:43,17
DA:44,18
DA:45,28
DA:46,32
DA:47,34
DA:48,32
DA:49,27
DA:50,37
DA:51,20
DA:52,28
DA:53,59
DA:54,53
DA:55,35
DA:56,37
DA:57,35
DA:58,17
DA:59,18
DA:60,33
DA:61,35
DA:62,35
DA:63,32
DA:64,27
DA:65,72
DA:66,20
DA:67,28
DA:68,62
DA:69,34
DA:70,17
DA:71,15
DA:72,13
DA:73,11
DA:74,9
DA:75,7
DA:76,8
DA:77,19
DA:78,6
DA:79,20
DA:80,22
DA:81,19
DA:82,24
DA:83,39
DA:84,19
DA:85,16
DA:86,20
DA:87,21
DA:88,19
DA:89,34
DA:90,37
DA:91,34
DA:92,21
DA:93,24
DA:94,28
DA:95,25
DA:96,29
DA:97,33
DA:98,34
DA:99,32
DA:100,27
DA:101,115
DA:102,20
DA:103,28
DA:104,48
DA:105,17
DA:106,15
DA:107,13
DA:108,11
DA:109,9
DA:110,7
DA:111,8
DA:112,19
DA:113,3
DA:114,4
DA:115,15
DA:116,15
DA:117,25
DA:118,21
DA:119,3
DA:120,2
DA:121,2
DA:123,85
LF:116
LH:116
end_of_record
TN:
SF:lib/schema/workspace.ts
FNF:4
FNH:1
DA:3,44
DA:4,57
DA:5,12
DA:6,19
DA:7,16
DA:8,19
DA:9,27
DA:10,6
DA:11,18
DA:12,27
DA:13,6
DA:14,32
DA:15,2
DA:18,0
DA:19,0
DA:20,0
DA:21,0
DA:22,1
DA:25,0
DA:26,0
DA:27,0
DA:28,0
DA:29,0
DA:30,0
DA:31,0
DA:32,1
DA:35,0
DA:36,0
DA:37,0
DA:38,0
DA:39,0
DA:40,0
DA:41,0
DA:42,0
DA:43,0
DA:44,0
DA:45,0
DA:46,0
DA:47,0
DA:48,0
DA:49,0
LF:41
LH:15
end_of_record
